This is pdfTeX, Version 3.141592653-2.6-1.40.23 (TeX Live 2021/W32TeX) (preloaded format=pdflatex 2021.10.4)  5 OCT 2021 13:44
entering extended mode
 restricted \write18 enabled.
 %&-line parsing enabled.
**chp3_format-Rmd.tex
(./chp3_format-Rmd.tex
LaTeX2e <2021-06-01> patch level 1
L3 programming layer <2021-08-27> (c:/Users/mdelacre/AppData/Roaming/TinyTeX/te
xmf-dist/tex/latex/apa6/apa6.cls
Document Class: apa6 2020/01/13 v2.34 APA formatting (6th edition)

(c:/Users/mdelacre/AppData/Roaming/TinyTeX/texmf-dist/tex/latex/base/article.cl
s
Document Class: article 2021/02/12 v1.4n Standard LaTeX document class

(c:/Users/mdelacre/AppData/Roaming/TinyTeX/texmf-dist/tex/latex/base/size12.clo
File: size12.clo 2021/02/12 v1.4n Standard LaTeX file (size option)
)
\c@part=\count182
\c@section=\count183
\c@subsection=\count184
\c@subsubsection=\count185
\c@paragraph=\count186
\c@subparagraph=\count187
\c@figure=\count188
\c@table=\count189
\abovecaptionskip=\skip47
\belowcaptionskip=\skip48
\bibindent=\dimen138
)
(c:/Users/mdelacre/AppData/Roaming/TinyTeX/texmf-dist/tex/latex/etoolbox/etoolb
ox.sty
Package: etoolbox 2020/10/05 v2.5k e-TeX tools for LaTeX (JAW)
\etb@tempcnta=\count190
)
Class apa6 Info: No bibliography package was specified; defaulting to (but not 
loading) Biblatex on input line 213.
(c:/Users/mdelacre/AppData/Roaming/TinyTeX/texmf-dist/tex/latex/lm/lmodern.sty
Package: lmodern 2015/05/01 v1.6.1 Latin Modern Fonts
LaTeX Font Info:    Overwriting symbol font `operators' in version `normal'
(Font)                  OT1/cmr/m/n --> OT1/lmr/m/n on input line 22.
LaTeX Font Info:    Overwriting symbol font `letters' in version `normal'
(Font)                  OML/cmm/m/it --> OML/lmm/m/it on input line 23.
LaTeX Font Info:    Overwriting symbol font `symbols' in version `normal'
(Font)                  OMS/cmsy/m/n --> OMS/lmsy/m/n on input line 24.
LaTeX Font Info:    Overwriting symbol font `largesymbols' in version `normal'
(Font)                  OMX/cmex/m/n --> OMX/lmex/m/n on input line 25.
LaTeX Font Info:    Overwriting symbol font `operators' in version `bold'
(Font)                  OT1/cmr/bx/n --> OT1/lmr/bx/n on input line 26.
LaTeX Font Info:    Overwriting symbol font `letters' in version `bold'
(Font)                  OML/cmm/b/it --> OML/lmm/b/it on input line 27.
LaTeX Font Info:    Overwriting symbol font `symbols' in version `bold'
(Font)                  OMS/cmsy/b/n --> OMS/lmsy/b/n on input line 28.
LaTeX Font Info:    Overwriting symbol font `largesymbols' in version `bold'
(Font)                  OMX/cmex/m/n --> OMX/lmex/m/n on input line 29.
LaTeX Font Info:    Overwriting math alphabet `\mathbf' in version `normal'
(Font)                  OT1/cmr/bx/n --> OT1/lmr/bx/n on input line 31.
LaTeX Font Info:    Overwriting math alphabet `\mathsf' in version `normal'
(Font)                  OT1/cmss/m/n --> OT1/lmss/m/n on input line 32.
LaTeX Font Info:    Overwriting math alphabet `\mathit' in version `normal'
(Font)                  OT1/cmr/m/it --> OT1/lmr/m/it on input line 33.
LaTeX Font Info:    Overwriting math alphabet `\mathtt' in version `normal'
(Font)                  OT1/cmtt/m/n --> OT1/lmtt/m/n on input line 34.
LaTeX Font Info:    Overwriting math alphabet `\mathbf' in version `bold'
(Font)                  OT1/cmr/bx/n --> OT1/lmr/bx/n on input line 35.
LaTeX Font Info:    Overwriting math alphabet `\mathsf' in version `bold'
(Font)                  OT1/cmss/bx/n --> OT1/lmss/bx/n on input line 36.
LaTeX Font Info:    Overwriting math alphabet `\mathit' in version `bold'
(Font)                  OT1/cmr/bx/it --> OT1/lmr/bx/it on input line 37.
LaTeX Font Info:    Overwriting math alphabet `\mathtt' in version `bold'
(Font)                  OT1/cmtt/m/n --> OT1/lmtt/m/n on input line 38.
)
(c:/Users/mdelacre/AppData/Roaming/TinyTeX/texmf-dist/tex/latex/base/fontenc.st
y
Package: fontenc 2021/04/29 v2.0v Standard LaTeX package
LaTeX Font Info:    Trying to load font information for T1+lmr on input line 11
2.
(c:/Users/mdelacre/AppData/Roaming/TinyTeX/texmf-dist/tex/latex/lm/t1lmr.fd
File: t1lmr.fd 2015/05/01 v1.6.1 Font defs for Latin Modern
))
(c:/Users/mdelacre/AppData/Roaming/TinyTeX/texmf-dist/tex/latex/geometry/geomet
ry.sty
Package: geometry 2020/01/02 v5.9 Page Geometry

(c:/Users/mdelacre/AppData/Roaming/TinyTeX/texmf-dist/tex/latex/graphics/keyval
.sty
Package: keyval 2014/10/28 v1.15 key=value parser (DPC)
\KV@toks@=\toks16
)
(c:/Users/mdelacre/AppData/Roaming/TinyTeX/texmf-dist/tex/generic/iftex/ifvtex.
sty
Package: ifvtex 2019/10/25 v1.7 ifvtex legacy package. Use iftex instead.

(c:/Users/mdelacre/AppData/Roaming/TinyTeX/texmf-dist/tex/generic/iftex/iftex.s
ty
Package: iftex 2020/03/06 v1.0d TeX engine tests
))
\Gm@cnth=\count191
\Gm@cntv=\count192
\c@Gm@tempcnt=\count193
\Gm@bindingoffset=\dimen139
\Gm@wd@mp=\dimen140
\Gm@odd@mp=\dimen141
\Gm@even@mp=\dimen142
\Gm@layoutwidth=\dimen143
\Gm@layoutheight=\dimen144
\Gm@layouthoffset=\dimen145
\Gm@layoutvoffset=\dimen146
\Gm@dimlist=\toks17
)
(c:/Users/mdelacre/AppData/Roaming/TinyTeX/texmf-dist/tex/latex/graphics/graphi
cx.sty
Package: graphicx 2020/12/05 v1.2c Enhanced LaTeX Graphics (DPC,SPQR)

(c:/Users/mdelacre/AppData/Roaming/TinyTeX/texmf-dist/tex/latex/graphics/graphi
cs.sty
Package: graphics 2021/03/04 v1.4d Standard LaTeX Graphics (DPC,SPQR)

(c:/Users/mdelacre/AppData/Roaming/TinyTeX/texmf-dist/tex/latex/graphics/trig.s
ty
Package: trig 2016/01/03 v1.10 sin cos tan (DPC)
)
(c:/Users/mdelacre/AppData/Roaming/TinyTeX/texmf-dist/tex/latex/graphics-cfg/gr
aphics.cfg
File: graphics.cfg 2016/06/04 v1.11 sample graphics configuration
)
Package graphics Info: Driver file: pdftex.def on input line 107.

(c:/Users/mdelacre/AppData/Roaming/TinyTeX/texmf-dist/tex/latex/graphics-def/pd
ftex.def
File: pdftex.def 2020/10/05 v1.2a Graphics/color driver for pdftex
))
\Gin@req@height=\dimen147
\Gin@req@width=\dimen148
)
(c:/Users/mdelacre/AppData/Roaming/TinyTeX/texmf-dist/tex/latex/booktabs/bookta
bs.sty
Package: booktabs 2020/01/12 v1.61803398 Publication quality tables
\heavyrulewidth=\dimen149
\lightrulewidth=\dimen150
\cmidrulewidth=\dimen151
\belowrulesep=\dimen152
\belowbottomsep=\dimen153
\aboverulesep=\dimen154
\abovetopsep=\dimen155
\cmidrulesep=\dimen156
\cmidrulekern=\dimen157
\defaultaddspace=\dimen158
\@cmidla=\count194
\@cmidlb=\count195
\@aboverulesep=\dimen159
\@belowrulesep=\dimen160
\@thisruleclass=\count196
\@lastruleclass=\count197
\@thisrulewidth=\dimen161
)
(c:/Users/mdelacre/AppData/Roaming/TinyTeX/texmf-dist/tex/latex/threeparttable/
threeparttable.sty
Package: threeparttable 2003/06/13  v 3.0
\@tempboxb=\box50
)
\b@level@one@skip=\skip49
\e@level@one@skip=\skip50
\b@level@two@skip=\skip51
\e@level@two@skip=\skip52
\b@level@three@skip=\skip53
\e@level@three@skip=\skip54
\b@level@four@skip=\skip55
\e@level@four@skip=\skip56
\b@level@five@skip=\skip57
\e@level@five@skip=\skip58

(c:/Users/mdelacre/AppData/Roaming/TinyTeX/texmf-dist/tex/latex/caption/caption
.sty
Package: caption 2020/10/26 v3.5g Customizing captions (AR)

(c:/Users/mdelacre/AppData/Roaming/TinyTeX/texmf-dist/tex/latex/caption/caption
3.sty
Package: caption3 2020/10/21 v2.2e caption3 kernel (AR)
\captionmargin=\dimen162
\captionmargin@=\dimen163
\captionwidth=\dimen164
\caption@tempdima=\dimen165
\caption@indent=\dimen166
\caption@parindent=\dimen167
\caption@hangindent=\dimen168
Package caption Info: Standard document class detected.
)
\c@caption@flags=\count198
\c@continuedfloat=\count199
Package caption Info: threeparttable package is loaded.
)
\c@APAenum=\count266
\@text@par@indent=\skip59
\gr@box=\box51
\gr@boxwidth=\skip60
\gr@boxheight=\skip61
(c:/Users/mdelacre/AppData/Roaming/TinyTeX/texmf-dist/tex/latex/tools/bm.sty
Package: bm 2021/04/25 v1.2e Bold Symbol Support (DPC/FMi)
\symboldoperators=\mathgroup4
\symboldletters=\mathgroup5
\symboldsymbols=\mathgroup6
Package bm Info: No bold for \OMX/lmex/m/n, using \pmb.
LaTeX Font Info:    Redeclaring math alphabet \mathbf on input line 149.
)
\c@appendix=\count267

(c:/Users/mdelacre/AppData/Roaming/TinyTeX/texmf-dist/tex/latex/fancyhdr/fancyh
dr.sty
Package: fancyhdr 2021/01/28 v4.0.1 Extensive control of page headers and foote
rs
\f@nch@headwidth=\skip62
\f@nch@O@elh=\skip63
\f@nch@O@erh=\skip64
\f@nch@O@olh=\skip65
\f@nch@O@orh=\skip66
\f@nch@O@elf=\skip67
\f@nch@O@erf=\skip68
\f@nch@O@olf=\skip69
\f@nch@O@orf=\skip70
)
(c:/Users/mdelacre/AppData/Roaming/TinyTeX/texmf-dist/tex/latex/endfloat/endflo
at.sty
Package: endfloat 2019/04/15 v2.7 LaTeX2e package puts figures and tables at en
d (jdm)
\c@posttable=\count268
\efloat@postttt=\write3
\@ef@tttopen=\count269
\c@postfigure=\count270
\efloat@postfff=\write4
\@ef@fffopen=\count271
))
(c:/Users/mdelacre/AppData/Roaming/TinyTeX/texmf-dist/tex/latex/amsmath/amsmath
.sty
Package: amsmath 2021/04/20 v2.17j AMS math features
\@mathmargin=\skip71
For additional information on amsmath, use the `?' option.

(c:/Users/mdelacre/AppData/Roaming/TinyTeX/texmf-dist/tex/latex/amsmath/amstext
.sty
Package: amstext 2000/06/29 v2.01 AMS text

(c:/Users/mdelacre/AppData/Roaming/TinyTeX/texmf-dist/tex/latex/amsmath/amsgen.
sty
File: amsgen.sty 1999/11/30 v2.0 generic functions
\@emptytoks=\toks18
\ex@=\dimen169
))
(c:/Users/mdelacre/AppData/Roaming/TinyTeX/texmf-dist/tex/latex/amsmath/amsbsy.
sty
Package: amsbsy 1999/11/29 v1.2d Bold Symbols
LaTeX Info: Redefining \boldsymbol on input line 28.
\pmbraise@=\dimen170
)
(c:/Users/mdelacre/AppData/Roaming/TinyTeX/texmf-dist/tex/latex/amsmath/amsopn.
sty
Package: amsopn 2016/03/08 v2.02 operator names
)
\inf@bad=\count272
LaTeX Info: Redefining \frac on input line 234.
\uproot@=\count273
\leftroot@=\count274
LaTeX Info: Redefining \overline on input line 399.
\classnum@=\count275
\DOTSCASE@=\count276
LaTeX Info: Redefining \ldots on input line 496.
LaTeX Info: Redefining \dots on input line 499.
LaTeX Info: Redefining \cdots on input line 620.
\Mathstrutbox@=\box52
\strutbox@=\box53
\big@size=\dimen171
LaTeX Font Info:    Redeclaring font encoding OML on input line 743.
LaTeX Font Info:    Redeclaring font encoding OMS on input line 744.
\macc@depth=\count277
\c@MaxMatrixCols=\count278
\dotsspace@=\muskip16
\c@parentequation=\count279
\dspbrk@lvl=\count280
\tag@help=\toks19
\row@=\count281
\column@=\count282
\maxfields@=\count283
\andhelp@=\toks20
\eqnshift@=\dimen172
\alignsep@=\dimen173
\tagshift@=\dimen174
\tagwidth@=\dimen175
\totwidth@=\dimen176
\lineht@=\dimen177
\@envbody=\toks21
\multlinegap=\skip72
\multlinetaggap=\skip73
\mathdisplay@stack=\toks22
LaTeX Info: Redefining \[ on input line 2923.
LaTeX Info: Redefining \] on input line 2924.
)
(c:/Users/mdelacre/AppData/Roaming/TinyTeX/texmf-dist/tex/latex/amsfonts/amssym
b.sty
Package: amssymb 2013/01/14 v3.01 AMS font symbols

(c:/Users/mdelacre/AppData/Roaming/TinyTeX/texmf-dist/tex/latex/amsfonts/amsfon
ts.sty
Package: amsfonts 2013/01/14 v3.01 Basic AMSFonts support
\symAMSa=\mathgroup7
\symAMSb=\mathgroup8
LaTeX Font Info:    Redeclaring math symbol \hbar on input line 98.
LaTeX Font Info:    Overwriting math alphabet `\mathfrak' in version `bold'
(Font)                  U/euf/m/n --> U/euf/b/n on input line 106.
))
(c:/Users/mdelacre/AppData/Roaming/TinyTeX/texmf-dist/tex/latex/base/fontenc.st
y
Package: fontenc 2021/04/29 v2.0v Standard LaTeX package
)
(c:/Users/mdelacre/AppData/Roaming/TinyTeX/texmf-dist/tex/latex/base/inputenc.s
ty
Package: inputenc 2021/02/14 v1.3d Input encoding file
\inpenc@prehook=\toks23
\inpenc@posthook=\toks24
)
(c:/Users/mdelacre/AppData/Roaming/TinyTeX/texmf-dist/tex/latex/base/textcomp.s
ty
Package: textcomp 2020/02/02 v2.0n Standard LaTeX package
)
(c:/Users/mdelacre/AppData/Roaming/TinyTeX/texmf-dist/tex/latex/xcolor/xcolor.s
ty
Package: xcolor 2016/05/11 v2.12 LaTeX color extensions (UK)

(c:/Users/mdelacre/AppData/Roaming/TinyTeX/texmf-dist/tex/latex/graphics-cfg/co
lor.cfg
File: color.cfg 2016/01/02 v1.6 sample color configuration
)
Package xcolor Info: Driver file: pdftex.def on input line 225.
Package xcolor Info: Model `cmy' substituted by `cmy0' on input line 1348.
Package xcolor Info: Model `hsb' substituted by `rgb' on input line 1352.
Package xcolor Info: Model `RGB' extended on input line 1364.
Package xcolor Info: Model `HTML' substituted by `rgb' on input line 1366.
Package xcolor Info: Model `Hsb' substituted by `hsb' on input line 1367.
Package xcolor Info: Model `tHsb' substituted by `hsb' on input line 1368.
Package xcolor Info: Model `HSB' substituted by `hsb' on input line 1369.
Package xcolor Info: Model `Gray' substituted by `gray' on input line 1370.
Package xcolor Info: Model `wave' substituted by `hsb' on input line 1371.
)
(c:/Users/mdelacre/AppData/Roaming/TinyTeX/texmf-dist/tex/latex/hyperref/hyperr
ef.sty
Package: hyperref 2021-06-07 v7.00m Hypertext links for LaTeX

(c:/Users/mdelacre/AppData/Roaming/TinyTeX/texmf-dist/tex/generic/ltxcmds/ltxcm
ds.sty
Package: ltxcmds 2020-05-10 v1.25 LaTeX kernel commands for general use (HO)
)
(c:/Users/mdelacre/AppData/Roaming/TinyTeX/texmf-dist/tex/generic/pdftexcmds/pd
ftexcmds.sty
Package: pdftexcmds 2020-06-27 v0.33 Utility functions of pdfTeX for LuaTeX (HO
)

(c:/Users/mdelacre/AppData/Roaming/TinyTeX/texmf-dist/tex/generic/infwarerr/inf
warerr.sty
Package: infwarerr 2019/12/03 v1.5 Providing info/warning/error messages (HO)
)
Package pdftexcmds Info: \pdf@primitive is available.
Package pdftexcmds Info: \pdf@ifprimitive is available.
Package pdftexcmds Info: \pdfdraftmode found.
)
(c:/Users/mdelacre/AppData/Roaming/TinyTeX/texmf-dist/tex/generic/kvsetkeys/kvs
etkeys.sty
Package: kvsetkeys 2019/12/15 v1.18 Key value parser (HO)
)
(c:/Users/mdelacre/AppData/Roaming/TinyTeX/texmf-dist/tex/generic/kvdefinekeys/
kvdefinekeys.sty
Package: kvdefinekeys 2019-12-19 v1.6 Define keys (HO)
)
(c:/Users/mdelacre/AppData/Roaming/TinyTeX/texmf-dist/tex/generic/pdfescape/pdf
escape.sty
Package: pdfescape 2019/12/09 v1.15 Implements pdfTeX's escape features (HO)
)
(c:/Users/mdelacre/AppData/Roaming/TinyTeX/texmf-dist/tex/latex/hycolor/hycolor
.sty
Package: hycolor 2020-01-27 v1.10 Color options for hyperref/bookmark (HO)
)
(c:/Users/mdelacre/AppData/Roaming/TinyTeX/texmf-dist/tex/latex/letltxmacro/let
ltxmacro.sty
Package: letltxmacro 2019/12/03 v1.6 Let assignment for LaTeX macros (HO)
)
(c:/Users/mdelacre/AppData/Roaming/TinyTeX/texmf-dist/tex/latex/auxhook/auxhook
.sty
Package: auxhook 2019-12-17 v1.6 Hooks for auxiliary files (HO)
)
(c:/Users/mdelacre/AppData/Roaming/TinyTeX/texmf-dist/tex/latex/kvoptions/kvopt
ions.sty
Package: kvoptions 2020-10-07 v3.14 Key value format for package options (HO)
)
\@linkdim=\dimen178
\Hy@linkcounter=\count284
\Hy@pagecounter=\count285

(c:/Users/mdelacre/AppData/Roaming/TinyTeX/texmf-dist/tex/latex/hyperref/pd1enc
.def
File: pd1enc.def 2021-06-07 v7.00m Hyperref: PDFDocEncoding definition (HO)
Now handling font encoding PD1 ...
... no UTF-8 mapping file for font encoding PD1
)
(c:/Users/mdelacre/AppData/Roaming/TinyTeX/texmf-dist/tex/latex/hyperref/hyperr
ef-langpatches.def
File: hyperref-langpatches.def 2021-06-07 v7.00m Hyperref: patches for babel la
nguages
)
(c:/Users/mdelacre/AppData/Roaming/TinyTeX/texmf-dist/tex/generic/intcalc/intca
lc.sty
Package: intcalc 2019/12/15 v1.3 Expandable calculations with integers (HO)
)
(c:/Users/mdelacre/AppData/Roaming/TinyTeX/texmf-dist/tex/generic/etexcmds/etex
cmds.sty
Package: etexcmds 2019/12/15 v1.7 Avoid name clashes with e-TeX commands (HO)
)
\Hy@SavedSpaceFactor=\count286

(c:/Users/mdelacre/AppData/Roaming/TinyTeX/texmf-dist/tex/latex/hyperref/puenc.
def
File: puenc.def 2021-06-07 v7.00m Hyperref: PDF Unicode definition (HO)
Now handling font encoding PU ...
... no UTF-8 mapping file for font encoding PU
)
Package hyperref Info: Option `unicode' set `true' on input line 4073.
Package hyperref Info: Hyper figures OFF on input line 4192.
Package hyperref Info: Link nesting OFF on input line 4197.
Package hyperref Info: Hyper index ON on input line 4200.
Package hyperref Info: Plain pages OFF on input line 4207.
Package hyperref Info: Backreferencing OFF on input line 4212.
Package hyperref Info: Implicit mode ON; LaTeX internals redefined.
Package hyperref Info: Bookmarks ON on input line 4445.
\c@Hy@tempcnt=\count287
(c:/Users/mdelacre/AppData/Roaming/TinyTeX/texmf-dist/tex/latex/url/url.sty
\Urlmuskip=\muskip17
Package: url 2013/09/16  ver 3.4  Verb mode for urls, etc.
)
LaTeX Info: Redefining \url on input line 4804.
\XeTeXLinkMargin=\dimen179

(c:/Users/mdelacre/AppData/Roaming/TinyTeX/texmf-dist/tex/generic/bitset/bitset
.sty
Package: bitset 2019/12/09 v1.3 Handle bit-vector datatype (HO)

(c:/Users/mdelacre/AppData/Roaming/TinyTeX/texmf-dist/tex/generic/bigintcalc/bi
gintcalc.sty
Package: bigintcalc 2019/12/15 v1.5 Expandable calculations on big integers (HO
)
))
\Fld@menulength=\count288
\Field@Width=\dimen180
\Fld@charsize=\dimen181
Package hyperref Info: Hyper figures OFF on input line 6076.
Package hyperref Info: Link nesting OFF on input line 6081.
Package hyperref Info: Hyper index ON on input line 6084.
Package hyperref Info: backreferencing OFF on input line 6091.
Package hyperref Info: Link coloring OFF on input line 6096.
Package hyperref Info: Link coloring with OCG OFF on input line 6101.
Package hyperref Info: PDF/A mode OFF on input line 6106.
LaTeX Info: Redefining \ref on input line 6146.
LaTeX Info: Redefining \pageref on input line 6150.

(c:/Users/mdelacre/AppData/Roaming/TinyTeX/texmf-dist/tex/latex/base/atbegshi-l
tx.sty
Package: atbegshi-ltx 2021/01/10 v1.0c Emulation of the original atbegshi
package with kernel methods
)
\Hy@abspage=\count289
\c@Item=\count290
\c@Hfootnote=\count291
)
Package hyperref Info: Driver (autodetected): hpdftex.

(c:/Users/mdelacre/AppData/Roaming/TinyTeX/texmf-dist/tex/latex/hyperref/hpdfte
x.def
File: hpdftex.def 2021-06-07 v7.00m Hyperref driver for pdfTeX

(c:/Users/mdelacre/AppData/Roaming/TinyTeX/texmf-dist/tex/latex/base/atveryend-
ltx.sty
Package: atveryend-ltx 2020/08/19 v1.0a Emulation of the original atvery packag
e
with kernel methods
)
\Fld@listcount=\count292
\c@bookmark@seq@number=\count293

(c:/Users/mdelacre/AppData/Roaming/TinyTeX/texmf-dist/tex/latex/rerunfilecheck/
rerunfilecheck.sty
Package: rerunfilecheck 2019/12/05 v1.9 Rerun checks for auxiliary files (HO)

(c:/Users/mdelacre/AppData/Roaming/TinyTeX/texmf-dist/tex/generic/uniquecounter
/uniquecounter.sty
Package: uniquecounter 2019/12/15 v1.4 Provide unlimited unique counter (HO)
)
Package uniquecounter Info: New unique counter `rerunfilecheck' on input line 2
86.
)
\Hy@SectionHShift=\skip74
)
(c:/Users/mdelacre/AppData/Roaming/TinyTeX/texmf-dist/tex/latex/tools/longtable
.sty
Package: longtable 2021-05-07 v4.16 Multi-page Table package (DPC)
\LTleft=\skip75
\LTright=\skip76
\LTpre=\skip77
\LTpost=\skip78
\LTchunksize=\count294
\LTcapwidth=\dimen182
\LT@head=\box54
\LT@firsthead=\box55
\LT@foot=\box56
\LT@lastfoot=\box57
\LT@gbox=\box58
\LT@cols=\count295
\LT@rows=\count296
\c@LT@tables=\count297
\c@LT@chunks=\count298
\LT@p@ftn=\toks25
)
(c:/Users/mdelacre/AppData/Roaming/TinyTeX/texmf-dist/tex/latex/tools/array.sty
Package: array 2021/04/20 v2.5e Tabular extension package (FMi)
\col@sep=\dimen183
\ar@mcellbox=\box59
\extrarowheight=\dimen184
\NC@list=\toks26
\extratabsurround=\skip79
\backup@length=\skip80
\ar@cellbox=\box60
) (c:/Users/mdelacre/AppData/Roaming/TinyTeX/texmf-dist/tex/latex/tools/calc.st
y
Package: calc 2017/05/25 v4.3 Infix arithmetic (KKT,FJ)
\calc@Acount=\count299
\calc@Bcount=\count300
\calc@Adimen=\dimen185
\calc@Bdimen=\dimen186
\calc@Askip=\skip81
\calc@Bskip=\skip82
LaTeX Info: Redefining \setlength on input line 80.
LaTeX Info: Redefining \addtolength on input line 81.
\calc@Ccount=\count301
\calc@Cskip=\skip83
)
(c:/Users/mdelacre/AppData/Roaming/TinyTeX/texmf-dist/tex/latex/mdwtools/footno
te.sty
Package: footnote 1997/01/28 1.13 Save footnotes around boxes
\fn@notes=\box61
\fn@width=\dimen187
)
(c:/Users/mdelacre/AppData/Roaming/TinyTeX/texmf-dist/tex/latex/was/upgreek.sty
Package: upgreek 2003/02/12 v2.0 (WaS)
Package upgreek Info: Using Euler Roman for upright Greek on input line 31.
\symugrf@m=\mathgroup9
LaTeX Font Info:    Overwriting symbol font `ugrf@m' in version `bold'
(Font)                  U/eur/m/n --> U/eur/b/n on input line 38.
)
(c:/Users/mdelacre/AppData/Roaming/TinyTeX/texmf-dist/tex/latex/graphics/lscape
.sty
Package: lscape 2020/05/28 v3.02 Landscape Pages (DPC)
)
(c:/Users/mdelacre/AppData/Roaming/TinyTeX/texmf-dist/tex/latex/multirow/multir
ow.sty
Package: multirow 2021/03/15 v2.8 Span multiple rows of a table
\multirow@colwidth=\skip84
\multirow@cntb=\count302
\multirow@dima=\skip85
\bigstrutjot=\dimen188
)
(c:/Users/mdelacre/AppData/Roaming/TinyTeX/texmf-dist/tex/latex/tools/tabularx.
sty
Package: tabularx 2020/01/15 v2.11c `tabularx' package (DPC)
\TX@col@width=\dimen189
\TX@old@table=\dimen190
\TX@old@col=\dimen191
\TX@target=\dimen192
\TX@delta=\dimen193
\TX@cols=\count303
\TX@ftn=\toks27
)
(c:/Users/mdelacre/AppData/Roaming/TinyTeX/texmf-dist/tex/latex/threeparttablex
/threeparttablex.sty
Package: threeparttablex 2013/07/23 v0.3 by daleif

(c:/Users/mdelacre/AppData/Roaming/TinyTeX/texmf-dist/tex/latex/environ/environ
.sty
Package: environ 2014/05/04 v0.3 A new way to define environments

(c:/Users/mdelacre/AppData/Roaming/TinyTeX/texmf-dist/tex/latex/trimspaces/trim
spaces.sty
Package: trimspaces 2009/09/17 v1.1 Trim spaces around a token list
))
\TPTL@width=\skip86
)
\longtablewidth=\skip87

(c:/Users/mdelacre/AppData/Roaming/TinyTeX/texmf-dist/tex/latex/csquotes/csquot
es.sty
Package: csquotes 2021-02-22 v5.2l context-sensitive quotations (JAW)
\csq@reset=\count304
\csq@gtype=\count305
\csq@glevel=\count306
\csq@qlevel=\count307
\csq@maxlvl=\count308
\csq@tshold=\count309
\csq@ltx@everypar=\toks28

(c:/Users/mdelacre/AppData/Roaming/TinyTeX/texmf-dist/tex/latex/csquotes/csquot
es.def
File: csquotes.def 2021-02-22 v5.2l csquotes generic definitions (JAW)
)
Package csquotes Info: Trying to load configuration file 'csquotes.cfg'...
Package csquotes Info: ... configuration file loaded successfully.

(c:/Users/mdelacre/AppData/Roaming/TinyTeX/texmf-dist/tex/latex/csquotes/csquot
es.cfg
File: csquotes.cfg 
))
(c:/Users/mdelacre/AppData/Roaming/TinyTeX/texmf-dist/tex/latex/float/float.sty
Package: float 2001/11/08 v1.3d Float enhancements (AL)
\c@float@type=\count310
\float@exts=\toks29
\float@box=\box62
\@float@everytoks=\toks30
\@floatcapt=\box63
)
(c:/Users/mdelacre/AppData/Roaming/TinyTeX/texmf-dist/tex/latex/sectsty/sectsty
.sty
Package: sectsty 2002/02/25 v2.0.2 Commands to change all sectional heading sty
les

LaTeX Warning: Command \underbar  has changed.
               Check if current package is valid.


LaTeX Warning: Command \underline  has changed.
               Check if current package is valid.

)
(c:/Users/mdelacre/AppData/Roaming/TinyTeX/texmf-dist/tex/generic/babel/babel.s
ty
Package: babel 2021/07/22 3.63 The Babel package

(c:/Users/mdelacre/AppData/Roaming/TinyTeX/texmf-dist/tex/generic/babel/babel.d
ef
File: babel.def 2021/07/22 3.63 Babel common definitions
\babel@savecnt=\count311
\U@D=\dimen194
\l@unhyphenated=\language3

(c:/Users/mdelacre/AppData/Roaming/TinyTeX/texmf-dist/tex/generic/babel/txtbabe
l.def)
\bbl@readstream=\read2
)
\bbl@dirlevel=\count312

(c:/Users/mdelacre/AppData/Roaming/TinyTeX/texmf-dist/tex/generic/babel-english
/english.ldf
Language: english 2017/06/06 v3.3r English support from the babel system
Package babel Info: Hyphen rules for 'british' set to \l@english
(babel)             (\language0). Reported on input line 82.
Package babel Info: Hyphen rules for 'UKenglish' set to \l@english
(babel)             (\language0). Reported on input line 83.
Package babel Info: Hyphen rules for 'canadian' set to \l@english
(babel)             (\language0). Reported on input line 102.
Package babel Info: Hyphen rules for 'australian' set to \l@english
(babel)             (\language0). Reported on input line 105.
Package babel Info: Hyphen rules for 'newzealand' set to \l@english
(babel)             (\language0). Reported on input line 108.
)
(c:/Users/mdelacre/AppData/Roaming/TinyTeX/texmf-dist/tex/generic/babel-english
/english.ldf
Language: english 2017/06/06 v3.3r English support from the babel system
))
Package csquotes Info: Checking for multilingual support...
Package csquotes Info: ... found 'babel' package.
Package csquotes Info: Adjusting default style.
Package csquotes Info: Redefining alias 'default' -> 'english'.

(c:/Users/mdelacre/AppData/Roaming/TinyTeX/texmf-dist/tex/latex/l3backend/l3bac
kend-pdftex.def
File: l3backend-pdftex.def 2021-08-04 L3 backend support: PDF output (pdfTeX)
\l__color_backend_stack_int=\count313
\l__pdf_internal_box=\box64
) (./chp3_format-Rmd.aux)
\openout1 = `chp3_format-Rmd.aux'.

LaTeX Font Info:    Checking defaults for OML/cmm/m/it on input line 148.
LaTeX Font Info:    ... okay on input line 148.
LaTeX Font Info:    Checking defaults for OMS/cmsy/m/n on input line 148.
LaTeX Font Info:    ... okay on input line 148.
LaTeX Font Info:    Checking defaults for OT1/cmr/m/n on input line 148.
LaTeX Font Info:    ... okay on input line 148.
LaTeX Font Info:    Checking defaults for T1/cmr/m/n on input line 148.
LaTeX Font Info:    ... okay on input line 148.
LaTeX Font Info:    Checking defaults for TS1/cmr/m/n on input line 148.
LaTeX Font Info:    ... okay on input line 148.
LaTeX Font Info:    Checking defaults for OMX/cmex/m/n on input line 148.
LaTeX Font Info:    ... okay on input line 148.
LaTeX Font Info:    Checking defaults for U/cmr/m/n on input line 148.
LaTeX Font Info:    ... okay on input line 148.
LaTeX Font Info:    Checking defaults for PD1/pdf/m/n on input line 148.
LaTeX Font Info:    ... okay on input line 148.
LaTeX Font Info:    Checking defaults for PU/pdf/m/n on input line 148.
LaTeX Font Info:    ... okay on input line 148.
*geometry* driver: auto-detecting
*geometry* detected driver: pdftex
*geometry* verbose mode - [ preamble ] result:
* driver: pdftex
* paper: <default>
* layout: <same size as paper>
* layoutoffset:(h,v)=(0.0pt,0.0pt)
* modes: twoside 
* h-part:(L,W,R)=(72.26999pt, 469.75502pt, 72.26999pt)
* v-part:(T,H,B)=(72.26999pt, 650.43001pt, 72.26999pt)
* \paperwidth=614.295pt
* \paperheight=794.96999pt
* \textwidth=469.75502pt
* \textheight=650.43001pt
* \oddsidemargin=0.0pt
* \evensidemargin=0.0pt
* \topmargin=-37.0pt
* \headheight=15.2pt
* \headsep=25.0pt
* \topskip=12.0pt
* \footskip=30.0pt
* \marginparwidth=95.0pt
* \marginparsep=10.0pt
* \columnsep=10.0pt
* \skip\footins=10.8pt plus 4.0pt minus 2.0pt
* \hoffset=0.0pt
* \voffset=0.0pt
* \mag=1000
* \@twocolumnfalse
* \@twosidetrue
* \@mparswitchtrue
* \@reversemarginfalse
* (1in=72.27pt=25.4mm, 1cm=28.453pt)


(c:/Users/mdelacre/AppData/Roaming/TinyTeX/texmf-dist/tex/latex/epstopdf-pkg/ep
stopdf-base.sty
Package: epstopdf-base 2020-01-24 v2.11 Base part for package epstopdf

(c:/Users/mdelacre/AppData/Roaming/TinyTeX/texmf-dist/tex/latex/grfext/grfext.s
ty
Package: grfext 2019/12/03 v1.3 Manage graphics extensions (HO)
)
Package epstopdf-base Info: Redefining graphics rule for `.eps' on input line 4
85.
Package grfext Info: Graphics extension search list:
(grfext)             [.pdf,.png,.jpg,.mps,.jpeg,.jbig2,.jb2,.PDF,.PNG,.JPG,.JPE
G,.JBIG2,.JB2,.eps]
(grfext)             \AppendGraphicsExtensions on input line 504.

(c:/Users/mdelacre/AppData/Roaming/TinyTeX/texmf-dist/tex/latex/latexconfig/eps
topdf-sys.cfg
File: epstopdf-sys.cfg 2010/07/13 v1.3 Configuration of (r)epstopdf for TeX Liv
e
))
(c:/Users/mdelacre/AppData/Roaming/TinyTeX/texmf-dist/tex/latex/apa6/config/APA
american.txt
File: APAamerican.txt 2012/02/23 v1.25 apa6 configuration for American English
)
Package caption Info: Begin \AtBeginDocument code.
Package caption Info: float package is loaded.
Package caption Info: hyperref package is loaded.
Package caption Info: longtable package is loaded.

(c:/Users/mdelacre/AppData/Roaming/TinyTeX/texmf-dist/tex/latex/caption/ltcapti
on.sty
Package: ltcaption 2020/05/30 v1.4b longtable captions (AR)
)
Package caption Info: End \AtBeginDocument code.
Package hyperref Info: Link coloring OFF on input line 148.

(c:/Users/mdelacre/AppData/Roaming/TinyTeX/texmf-dist/tex/latex/hyperref/namere
f.sty
Package: nameref 2021-04-02 v2.47 Cross-referencing by name of section

(c:/Users/mdelacre/AppData/Roaming/TinyTeX/texmf-dist/tex/latex/refcount/refcou
nt.sty
Package: refcount 2019/12/15 v3.6 Data extraction from label references (HO)
)
(c:/Users/mdelacre/AppData/Roaming/TinyTeX/texmf-dist/tex/generic/gettitlestrin
g/gettitlestring.sty
Package: gettitlestring 2019/12/15 v1.6 Cleanup title references (HO)
)
\c@section@level=\count314
)
LaTeX Info: Redefining \ref on input line 148.
LaTeX Info: Redefining \pageref on input line 148.
LaTeX Info: Redefining \nameref on input line 148.
(./chp3_format-Rmd.out) (./chp3_format-Rmd.out)
\@outlinefile=\write5
\openout5 = `chp3_format-Rmd.out'.

LaTeX Font Info:    Trying to load font information for OT1+lmr on input line 1
51.
(c:/Users/mdelacre/AppData/Roaming/TinyTeX/texmf-dist/tex/latex/lm/ot1lmr.fd
File: ot1lmr.fd 2015/05/01 v1.6.1 Font defs for Latin Modern
)
LaTeX Font Info:    Trying to load font information for OML+lmm on input line 1
51.
(c:/Users/mdelacre/AppData/Roaming/TinyTeX/texmf-dist/tex/latex/lm/omllmm.fd
File: omllmm.fd 2015/05/01 v1.6.1 Font defs for Latin Modern
)
LaTeX Font Info:    Trying to load font information for OMS+lmsy on input line 
151.
(c:/Users/mdelacre/AppData/Roaming/TinyTeX/texmf-dist/tex/latex/lm/omslmsy.fd
File: omslmsy.fd 2015/05/01 v1.6.1 Font defs for Latin Modern
)
LaTeX Font Info:    Trying to load font information for OMX+lmex on input line 
151.
(c:/Users/mdelacre/AppData/Roaming/TinyTeX/texmf-dist/tex/latex/lm/omxlmex.fd
File: omxlmex.fd 2015/05/01 v1.6.1 Font defs for Latin Modern
)
LaTeX Font Info:    External font `lmex10' loaded for size
(Font)              <17.28> on input line 151.
LaTeX Font Info:    External font `lmex10' loaded for size
(Font)              <12> on input line 151.
LaTeX Font Info:    External font `lmex10' loaded for size
(Font)              <10> on input line 151.
LaTeX Font Info:    Trying to load font information for U+msa on input line 151
.

(c:/Users/mdelacre/AppData/Roaming/TinyTeX/texmf-dist/tex/latex/amsfonts/umsa.f
d
File: umsa.fd 2013/01/14 v3.01 AMS symbols A
)
LaTeX Font Info:    Trying to load font information for U+msb on input line 151
.

(c:/Users/mdelacre/AppData/Roaming/TinyTeX/texmf-dist/tex/latex/amsfonts/umsb.f
d
File: umsb.fd 2013/01/14 v3.01 AMS symbols B
)
<C:/Users/mdelacre/Documents/Github project/thesis/Chapitre 3/Chapitre 3-couver
ture.png, id=56, 745.28438pt x 570.63188pt>
File: C:/Users/mdelacre/Documents/Github project/thesis/Chapitre 3/Chapitre 3-c
ouverture.png Graphic file (type png)
<use C:/Users/mdelacre/Documents/Github project/thesis/Chapitre 3/Chapitre 3-co
uverture.png>
Package pdftex.def Info: C:/Users/mdelacre/Documents/Github project/thesis/Chap
itre 3/Chapitre 3-couverture.png  used on input line 153.
(pdftex.def)             Requested size: 458.72813pt x 351.22821pt.
LaTeX Font Info:    External font `lmex10' loaded for size
(Font)              <8> on input line 155.
LaTeX Font Info:    External font `lmex10' loaded for size
(Font)              <6> on input line 155.
[1{c:/Users/mdelacre/AppData/Roaming/TinyTeX/texmf-var/fonts/map/pdftex/updmap/
pdftex.map}

 <c:/Users/mdelacre/Documents/Github project/thesis/Chapitre 3/Chapitre 3-couve
rture.png>] [2] [3] [4]
LaTeX Font Info:    External font `lmex10' loaded for size
(Font)              <7> on input line 184.
LaTeX Font Info:    External font `lmex10' loaded for size
(Font)              <5> on input line 184.
[5] [6] [7]

LaTeX Warning: Reference `eq:Fstat' on page 8 undefined on input line 217.


Underfull \vbox (badness 10000) has occurred while \output is active []

[8]

LaTeX Warning: Reference `eq:Fstat' on page 9 undefined on input line 231.


LaTeX Warning: Reference `eq:Fstat' on page 9 undefined on input line 231.


LaTeX Warning: Reference `eq:BFstat' on page 9 undefined on input line 238.

[9]

LaTeX Warning: Reference `eq:Wstat' on page 10 undefined on input line 247.

[10] [11] [12]
\openout4 = `chp3_format-Rmd.fff'.

(chp3_format-Rmd.fff) [13]
LaTeX Font Info:    Trying to load font information for TS1+lmr on input line 3
15.
(c:/Users/mdelacre/AppData/Roaming/TinyTeX/texmf-dist/tex/latex/lm/ts1lmr.fd
File: ts1lmr.fd 2015/05/01 v1.6.1 Font defs for Latin Modern
) [14] [15










]
Underfull \vbox (badness 4660) has occurred while \output is active []

[16] [17]
Underfull \vbox (badness 7649) has occurred while \output is active []

[18


















]
Underfull \vbox (badness 3977) has occurred while \output is active []

[19] [20] AED endfloat: Processing end Figures and Tables [21] (./chp3_format-R
md.fff
<C:/Users/mdelacre/Documents/Github project/W-ANOVA/Rmarkdown folder/Rmarkdown 
inputs/legend.png, id=239, 441.90094pt x 300.3722pt>
File: C:/Users/mdelacre/Documents/Github project/W-ANOVA/Rmarkdown folder/Rmark
down inputs/legend.png Graphic file (type png)
<use C:/Users/mdelacre/Documents/Github project/W-ANOVA/Rmarkdown folder/Rmarkd
own inputs/legend.png>
Package pdftex.def Info: C:/Users/mdelacre/Documents/Github project/W-ANOVA/Rma
rkdown folder/Rmarkdown inputs/legend.png  used on input line 4.
(pdftex.def)             Requested size: 401.52362pt x 272.9266pt.
<C:/Users/mdelacre/Documents/Github project/W-ANOVA/Rmarkdown folder/Rmarkdown 
inputs/Fig1A.png, id=240, 481.8pt x 409.53pt>
File: C:/Users/mdelacre/Documents/Github project/W-ANOVA/Rmarkdown folder/Rmark
down inputs/Fig1A.png Graphic file (type png)
<use C:/Users/mdelacre/Documents/Github project/W-ANOVA/Rmarkdown folder/Rmarkd
own inputs/Fig1A.png>
Package pdftex.def Info: C:/Users/mdelacre/Documents/Github project/W-ANOVA/Rma
rkdown folder/Rmarkdown inputs/Fig1A.png  used on input line 10.
(pdftex.def)             Requested size: 469.77148pt x 399.30576pt.
<C:/Users/mdelacre/Documents/Github project/W-ANOVA/Rmarkdown folder/Rmarkdown 
inputs/Fig1B.png, id=241, 481.8pt x 409.53pt>
File: C:/Users/mdelacre/Documents/Github project/W-ANOVA/Rmarkdown folder/Rmark
down inputs/Fig1B.png Graphic file (type png)
<use C:/Users/mdelacre/Documents/Github project/W-ANOVA/Rmarkdown folder/Rmarkd
own inputs/Fig1B.png>
Package pdftex.def Info: C:/Users/mdelacre/Documents/Github project/W-ANOVA/Rma
rkdown folder/Rmarkdown inputs/Fig1B.png  used on input line 20.
(pdftex.def)             Requested size: 469.77148pt x 399.30576pt.
<C:/Users/mdelacre/Documents/Github project/W-ANOVA/Rmarkdown folder/Rmarkdown 
inputs/Fig1C.png, id=242, 481.8pt x 409.53pt>
File: C:/Users/mdelacre/Documents/Github project/W-ANOVA/Rmarkdown folder/Rmark
down inputs/Fig1C.png Graphic file (type png)
<use C:/Users/mdelacre/Documents/Github project/W-ANOVA/Rmarkdown folder/Rmarkd
own inputs/Fig1C.png>
Package pdftex.def Info: C:/Users/mdelacre/Documents/Github project/W-ANOVA/Rma
rkdown folder/Rmarkdown inputs/Fig1C.png  used on input line 30.
(pdftex.def)             Requested size: 469.77148pt x 399.30576pt.
<C:/Users/mdelacre/Documents/Github project/W-ANOVA/Rmarkdown folder/Rmarkdown 
inputs/Fig1D.png, id=243, 481.8pt x 409.53pt>
File: C:/Users/mdelacre/Documents/Github project/W-ANOVA/Rmarkdown folder/Rmark
down inputs/Fig1D.png Graphic file (type png)
<use C:/Users/mdelacre/Documents/Github project/W-ANOVA/Rmarkdown folder/Rmarkd
own inputs/Fig1D.png>
Package pdftex.def Info: C:/Users/mdelacre/Documents/Github project/W-ANOVA/Rma
rkdown folder/Rmarkdown inputs/Fig1D.png  used on input line 40.
(pdftex.def)             Requested size: 469.77148pt x 399.30576pt.
<C:/Users/mdelacre/Documents/Github project/W-ANOVA/Rmarkdown folder/Rmarkdown 
inputs/Fig1E.png, id=244, 481.8pt x 409.53pt>
File: C:/Users/mdelacre/Documents/Github project/W-ANOVA/Rmarkdown folder/Rmark
down inputs/Fig1E.png Graphic file (type png)
<use C:/Users/mdelacre/Documents/Github project/W-ANOVA/Rmarkdown folder/Rmarkd
own inputs/Fig1E.png>
Package pdftex.def Info: C:/Users/mdelacre/Documents/Github project/W-ANOVA/Rma
rkdown folder/Rmarkdown inputs/Fig1E.png  used on input line 50.
(pdftex.def)             Requested size: 469.77148pt x 399.30576pt.
<C:/Users/mdelacre/Documents/Github project/W-ANOVA/Rmarkdown folder/Rmarkdown 
inputs/Fig2a.png, id=245, 481.8pt x 409.53pt>
File: C:/Users/mdelacre/Documents/Github project/W-ANOVA/Rmarkdown folder/Rmark
down inputs/Fig2a.png Graphic file (type png)
<use C:/Users/mdelacre/Documents/Github project/W-ANOVA/Rmarkdown folder/Rmarkd
own inputs/Fig2a.png>
Package pdftex.def Info: C:/Users/mdelacre/Documents/Github project/W-ANOVA/Rma
rkdown folder/Rmarkdown inputs/Fig2a.png  used on input line 60.
(pdftex.def)             Requested size: 469.77148pt x 399.30576pt.
<C:/Users/mdelacre/Documents/Github project/W-ANOVA/Rmarkdown folder/Rmarkdown 
inputs/Fig2b.png, id=246, 481.8pt x 409.53pt>
File: C:/Users/mdelacre/Documents/Github project/W-ANOVA/Rmarkdown folder/Rmark
down inputs/Fig2b.png Graphic file (type png)
<use C:/Users/mdelacre/Documents/Github project/W-ANOVA/Rmarkdown folder/Rmarkd
own inputs/Fig2b.png>
Package pdftex.def Info: C:/Users/mdelacre/Documents/Github project/W-ANOVA/Rma
rkdown folder/Rmarkdown inputs/Fig2b.png  used on input line 70.
(pdftex.def)             Requested size: 469.77148pt x 399.30576pt.
<C:/Users/mdelacre/Documents/Github project/W-ANOVA/Rmarkdown folder/Rmarkdown 
inputs/Fig2c.png, id=247, 481.8pt x 409.53pt>
File: C:/Users/mdelacre/Documents/Github project/W-ANOVA/Rmarkdown folder/Rmark
down inputs/Fig2c.png Graphic file (type png)
<use C:/Users/mdelacre/Documents/Github project/W-ANOVA/Rmarkdown folder/Rmarkd
own inputs/Fig2c.png>
Package pdftex.def Info: C:/Users/mdelacre/Documents/Github project/W-ANOVA/Rma
rkdown folder/Rmarkdown inputs/Fig2c.png  used on input line 80.
(pdftex.def)             Requested size: 469.77148pt x 399.30576pt.
<C:/Users/mdelacre/Documents/Github project/W-ANOVA/Rmarkdown folder/Rmarkdown 
inputs/Fig2d.png, id=248, 481.8pt x 409.53pt>
File: C:/Users/mdelacre/Documents/Github project/W-ANOVA/Rmarkdown folder/Rmark
down inputs/Fig2d.png Graphic file (type png)
<use C:/Users/mdelacre/Documents/Github project/W-ANOVA/Rmarkdown folder/Rmarkd
own inputs/Fig2d.png>
Package pdftex.def Info: C:/Users/mdelacre/Documents/Github project/W-ANOVA/Rma
rkdown folder/Rmarkdown inputs/Fig2d.png  used on input line 90.
(pdftex.def)             Requested size: 469.77148pt x 399.30576pt.
<C:/Users/mdelacre/Documents/Github project/W-ANOVA/Rmarkdown folder/Rmarkdown 
inputs/Fig2e.png, id=249, 481.8pt x 409.53pt>
File: C:/Users/mdelacre/Documents/Github project/W-ANOVA/Rmarkdown folder/Rmark
down inputs/Fig2e.png Graphic file (type png)
<use C:/Users/mdelacre/Documents/Github project/W-ANOVA/Rmarkdown folder/Rmarkd
own inputs/Fig2e.png>
Package pdftex.def Info: C:/Users/mdelacre/Documents/Github project/W-ANOVA/Rma
rkdown folder/Rmarkdown inputs/Fig2e.png  used on input line 100.
(pdftex.def)             Requested size: 469.77148pt x 399.30576pt.
<C:/Users/mdelacre/Documents/Github project/W-ANOVA/Rmarkdown folder/Rmarkdown 
inputs/Fig2f.png, id=250, 481.8pt x 409.53pt>
File: C:/Users/mdelacre/Documents/Github project/W-ANOVA/Rmarkdown folder/Rmark
down inputs/Fig2f.png Graphic file (type png)
<use C:/Users/mdelacre/Documents/Github project/W-ANOVA/Rmarkdown folder/Rmarkd
own inputs/Fig2f.png>
Package pdftex.def Info: C:/Users/mdelacre/Documents/Github project/W-ANOVA/Rma
rkdown folder/Rmarkdown inputs/Fig2f.png  used on input line 110.
(pdftex.def)             Requested size: 469.77148pt x 399.30576pt.
<C:/Users/mdelacre/Documents/Github project/W-ANOVA/Rmarkdown folder/Rmarkdown 
inputs/Fig2g.png, id=251, 481.8pt x 409.53pt>
File: C:/Users/mdelacre/Documents/Github project/W-ANOVA/Rmarkdown folder/Rmark
down inputs/Fig2g.png Graphic file (type png)
<use C:/Users/mdelacre/Documents/Github project/W-ANOVA/Rmarkdown folder/Rmarkd
own inputs/Fig2g.png>
Package pdftex.def Info: C:/Users/mdelacre/Documents/Github project/W-ANOVA/Rma
rkdown folder/Rmarkdown inputs/Fig2g.png  used on input line 120.
(pdftex.def)             Requested size: 469.77148pt x 399.30576pt.
<C:/Users/mdelacre/Documents/Github project/W-ANOVA/Rmarkdown folder/Rmarkdown 
inputs/Fig2h.png, id=252, 481.8pt x 409.53pt>
File: C:/Users/mdelacre/Documents/Github project/W-ANOVA/Rmarkdown folder/Rmark
down inputs/Fig2h.png Graphic file (type png)
<use C:/Users/mdelacre/Documents/Github project/W-ANOVA/Rmarkdown folder/Rmarkd
own inputs/Fig2h.png>
Package pdftex.def Info: C:/Users/mdelacre/Documents/Github project/W-ANOVA/Rma
rkdown folder/Rmarkdown inputs/Fig2h.png  used on input line 130.
(pdftex.def)             Requested size: 469.77148pt x 399.30576pt.
<C:/Users/mdelacre/Documents/Github project/W-ANOVA/Rmarkdown folder/Rmarkdown 
inputs/Fig2i.png, id=253, 481.8pt x 409.53pt>
File: C:/Users/mdelacre/Documents/Github project/W-ANOVA/Rmarkdown folder/Rmark
down inputs/Fig2i.png Graphic file (type png)
<use C:/Users/mdelacre/Documents/Github project/W-ANOVA/Rmarkdown folder/Rmarkd
own inputs/Fig2i.png>
Package pdftex.def Info: C:/Users/mdelacre/Documents/Github project/W-ANOVA/Rma
rkdown folder/Rmarkdown inputs/Fig2i.png  used on input line 140.
(pdftex.def)             Requested size: 469.77148pt x 399.30576pt.
) [22


 <c:/Users/mdelacre/Documents/Github project/W-ANOVA/Rmarkdown folder/Rmarkdown
 inputs/Legend.png>] [23 <c:/Users/mdelacre/Documents/Github project/W-ANOVA/Rm
arkdown folder/Rmarkdown inputs/Fig1A.png>] [24 <c:/Users/mdelacre/Documents/Gi
thub project/W-ANOVA/Rmarkdown folder/Rmarkdown inputs/Fig1B.png>] [25 <c:/User
s/mdelacre/Documents/Github project/W-ANOVA/Rmarkdown folder/Rmarkdown inputs/F
ig1C.png>] [26 <c:/Users/mdelacre/Documents/Github project/W-ANOVA/Rmarkdown fo
lder/Rmarkdown inputs/Fig1D.png>] [27 <c:/Users/mdelacre/Documents/Github proje
ct/W-ANOVA/Rmarkdown folder/Rmarkdown inputs/Fig1E.png>] [28 <c:/Users/mdelacre
/Documents/Github project/W-ANOVA/Rmarkdown folder/Rmarkdown inputs/Fig2a.png>]
[29 <c:/Users/mdelacre/Documents/Github project/W-ANOVA/Rmarkdown folder/Rmarkd
own inputs/Fig2b.png>] [30 <c:/Users/mdelacre/Documents/Github project/W-ANOVA/
Rmarkdown folder/Rmarkdown inputs/Fig2c.png>] [31 <c:/Users/mdelacre/Documents/
Github project/W-ANOVA/Rmarkdown folder/Rmarkdown inputs/Fig2d.png>] [32 <c:/Us
ers/mdelacre/Documents/Github project/W-ANOVA/Rmarkdown folder/Rmarkdown inputs
/Fig2e.png>] [33 <c:/Users/mdelacre/Documents/Github project/W-ANOVA/Rmarkdown 
folder/Rmarkdown inputs/Fig2f.png>] [34 <c:/Users/mdelacre/Documents/Github pro
ject/W-ANOVA/Rmarkdown folder/Rmarkdown inputs/Fig2g.png>] [35 <c:/Users/mdelac
re/Documents/Github project/W-ANOVA/Rmarkdown folder/Rmarkdown inputs/Fig2h.png
>] [36 <c:/Users/mdelacre/Documents/Github project/W-ANOVA/Rmarkdown folder/Rma
rkdown inputs/Fig2i.png>] (./chp3_format-Rmd.aux)

LaTeX Warning: There were undefined references.

Package rerunfilecheck Info: File `chp3_format-Rmd.out' has not changed.
(rerunfilecheck)             Checksum: 5AF5DE6EA176B2724D47906DC28F9DD2;3970.
 ) 
Here is how much of TeX's memory you used:
 15121 strings out of 480559
 246431 string characters out of 5901528
 563232 words of memory out of 5000000
 32327 multiletter control sequences out of 15000+600000
 510925 words of font info for 108 fonts, out of 8000000 for 9000
 14 hyphenation exceptions out of 8191
 72i,12n,80p,2254b,525s stack positions out of 5000i,500n,10000p,200000b,80000s
{c:/Users/mdelacre/AppData/Roaming/TinyTeX/texmf-dist/fonts/enc/dvips/lm/lm-t
s1.enc}{c:/Users/mdelacre/AppData/Roaming/TinyTeX/texmf-dist/fonts/enc/dvips/lm
/lm-mathsy.enc}{c:/Users/mdelacre/AppData/Roaming/TinyTeX/texmf-dist/fonts/enc/
dvips/lm/lm-rm.enc}{c:/Users/mdelacre/AppData/Roaming/TinyTeX/texmf-dist/fonts/
enc/dvips/lm/lm-mathit.enc}{c:/Users/mdelacre/AppData/Roaming/TinyTeX/texmf-dis
t/fonts/enc/dvips/lm/lm-mathex.enc}{c:/Users/mdelacre/AppData/Roaming/TinyTeX/t
exmf-dist/fonts/enc/dvips/lm/lm-ec.enc}<c:/Users/mdelacre/AppData/Roaming/TinyT
eX/texmf-dist/fonts/type1/public/lm/lmbx12.pfb><c:/Users/mdelacre/AppData/Roami
ng/TinyTeX/texmf-dist/fonts/type1/public/lm/lmbxi10.pfb><c:/Users/mdelacre/AppD
ata/Roaming/TinyTeX/texmf-dist/fonts/type1/public/lm/lmex10.pfb><c:/Users/mdela
cre/AppData/Roaming/TinyTeX/texmf-dist/fonts/type1/public/lm/lmmi12.pfb><c:/Use
rs/mdelacre/AppData/Roaming/TinyTeX/texmf-dist/fonts/type1/public/lm/lmmi6.pfb>
<c:/Users/mdelacre/AppData/Roaming/TinyTeX/texmf-dist/fonts/type1/public/lm/lmm
i8.pfb><c:/Users/mdelacre/AppData/Roaming/TinyTeX/texmf-dist/fonts/type1/public
/lm/lmr10.pfb><c:/Users/mdelacre/AppData/Roaming/TinyTeX/texmf-dist/fonts/type1
/public/lm/lmr12.pfb><c:/Users/mdelacre/AppData/Roaming/TinyTeX/texmf-dist/font
s/type1/public/lm/lmr6.pfb><c:/Users/mdelacre/AppData/Roaming/TinyTeX/texmf-dis
t/fonts/type1/public/lm/lmr7.pfb><c:/Users/mdelacre/AppData/Roaming/TinyTeX/tex
mf-dist/fonts/type1/public/lm/lmr8.pfb><c:/Users/mdelacre/AppData/Roaming/TinyT
eX/texmf-dist/fonts/type1/public/lm/lmri12.pfb><c:/Users/mdelacre/AppData/Roami
ng/TinyTeX/texmf-dist/fonts/type1/public/lm/lmsy10.pfb><c:/Users/mdelacre/AppDa
ta/Roaming/TinyTeX/texmf-dist/fonts/type1/public/lm/lmsy6.pfb><c:/Users/mdelacr
e/AppData/Roaming/TinyTeX/texmf-dist/fonts/type1/public/lm/lmsy8.pfb>
Output written on chp3_format-Rmd.pdf (36 pages, 1327445 bytes).
PDF statistics:
 430 PDF objects out of 1000 (max. 8388607)
 323 compressed objects within 4 object streams
 94 named destinations out of 1000 (max. 500000)
 185 words of extra memory for PDF output out of 10000 (max. 10000000)

