\BOOKMARK [1][-]{section*.3}{\376\377\000C\000h\000a\000p\000i\000t\000r\000e\000\040\0001\000:\000\040\000I\000n\000t\000r\000o\000d\000u\000c\000t\000i\000o\000n}{}% 1
\BOOKMARK [1][-]{section*.4}{\376\377\000C\000h\000a\000p\000i\000t\000r\000e\000\040\0002\000:\000\040\000u\000t\000i\000l\000i\000s\000e\000r\000\040\000l\000e\000\040\000t\000e\000s\000t\000\040\000\134\000b\000f\000\040\000\134\000e\000m\000p\000h\000\040\000t\000\040\000d\000e\000\040\000W\000e\000l\000c\000h\000\040\000p\000a\000r\000\040\000d\000\351\000f\000a\000u\000t}{}% 2
\BOOKMARK [1][-]{section*.5}{\376\377\000C\000h\000a\000p\000i\000t\000r\000e\000\040\0003\000:\000\040\000u\000t\000i\000l\000i\000s\000e\000r\000\040\000l\000'\000A\000N\000O\000V\000A\000\040\000\134\000b\000f\000\040\000\134\000e\000m\000p\000h\000\040\000F\000\040\000d\000e\000\040\000W\000e\000l\000c\000h\000\040\000p\000a\000r\000\040\000d\000\351\000f\000a\000u\000t}{}% 3
\BOOKMARK [1][-]{section*.6}{\376\377\000C\000h\000a\000p\000i\000t\000r\000e\000\040\0004\000:\000\040\000r\000e\000p\000o\000r\000t\000e\000r\000\040\000l\000e\000\040\000\134\000b\000f\000\040\000\134\000e\000m\000p\000h\000\040\000g\000\136\000*\000\137\000s\000\040\000d\000e\000\040\000H\000e\000d\000g\000e\000s\000\040\000b\000a\000s\000\351\000\040\000s\000u\000r\000\040\000l\000'\000\351\000c\000a\000r\000t\000-\000t\000y\000p\000e\000\040\000n\000o\000n\000\040\000p\000o\000o\000l\000\351\000\040\000a\000v\000e\000c\000\040\000l\000e\000\040\000t\000e\000s\000t\000\040\000\134\000b\000f\000\040\000\134\000e\000m\000p\000h\000\040\000t\000\040\000d\000e\000\040\000W\000e\000l\000c\000h}{}% 4
\BOOKMARK [1][-]{section*.7}{\376\377\000C\000h\000a\000p\000i\000t\000r\000e\000\040\0005\000:\000\040\000l\000e\000s\000\040\000t\000e\000s\000t\000s\000\040\000d\000'\000\351\000q\000u\000i\000v\000a\000l\000e\000n\000c\000e}{}% 5
\BOOKMARK [2][-]{section*.8}{\376\377\000L\000i\000m\000i\000t\000e\000s\000\040\000d\000e\000\040\000l\000'\000a\000p\000p\000r\000o\000c\000h\000e\000\040\000t\000r\000a\000d\000i\000t\000i\000o\000n\000n\000e\000l\000l\000e}{section*.7}% 6
\BOOKMARK [2][-]{section*.9}{\376\377\000L\000e\000s\000\040\000t\000e\000s\000t\000s\000\040\000d\000'\000\351\000q\000u\000i\000v\000a\000l\000e\000n\000c\000e}{section*.7}% 7
\BOOKMARK [2][-]{section*.10}{\376\377\000A\000v\000a\000n\000t\000a\000g\000e\000\040\000d\000e\000s\000\040\000t\000e\000s\000t\000s\000\040\000d\000'\000\351\000q\000u\000i\000v\000a\000l\000e\000n\000c\000e}{section*.7}% 8
\BOOKMARK [2][-]{section*.11}{\376\377\000C\000o\000n\000c\000l\000u\000s\000i\000o\000n\000s\000\040\000p\000o\000s\000s\000i\000b\000l\000e\000s}{section*.7}% 9
\BOOKMARK [2][-]{section*.12}{\376\377\000D\000\351\000f\000i\000n\000i\000r\000\040\000l\000e\000s\000\040\000l\000i\000m\000i\000t\000e\000s\000\040\000d\000e\000\040\000l\000a\000\040\000z\000o\000n\000e\000\040\000d\000'\000\351\000q\000u\000i\000v\000a\000l\000e\000n\000c\000e\000:\000L\000E\000\040\000s\000e\000s\000o\000i}{section*.7}% 10
\BOOKMARK [2][-]{section*.13}{\376\377\000L\000e\000s\000\040\0004\000\040\000c\000o\000n\000c\000l\000u\000s\000i\000o\000n\000s\000\040\000p\000o\000s\000s\000i\000b\000l\000e\000s\000\040\000q\000u\000a\000n\000d\000\040\000c\000o\000m\000b\000i\000n\000\351\000\040\000a\000u\000\040\000N\000H\000S\000T\000\040\000c\000l\000a\000s\000s\000i\000q\000u\000e}{section*.7}% 11
\BOOKMARK [2][-]{section*.14}{\376\377\000M\000o\000r\000c\000e\000a\000u\000\040\000q\000u\000i\000\040\000s\000e\000r\000v\000i\000r\000a\000\040\000p\000e\000u\000t\000-\000\352\000t\000r\000e\000\040\000\050\000o\000u\000\040\000p\000a\000s\000\051}{section*.7}% 12
\BOOKMARK [2][-]{section*.15}{\376\377\000R\000e\000m\000a\000r\000q\000u\000e\000s\000\040\000d\000i\000v\000e\000r\000s\000e\000s}{section*.7}% 13
\BOOKMARK [2][-]{section*.16}{\376\377\000Q\000u\000a\000n\000d\000\040\000v\000e\000u\000t\000-\000o\000n\000\040\000m\000o\000n\000t\000r\000e\000r\000\040\000u\000n\000e\000\040\000a\000b\000s\000e\000n\000c\000e\000\040\000d\000'\000e\000f\000f\000e\000t\000?}{section*.7}% 14
\BOOKMARK [1][-]{section*.17}{\376\377\000C\000o\000n\000c\000l\000u\000s\000i\000o\000n}{}% 15
\BOOKMARK [2][-]{section*.18}{\376\377\000U\000s\000a\000g\000e\000\040\000d\000e\000s\000\040\000a\000r\000t\000i\000c\000l\000e\000s\000\040\000m\000\351\000t\000h\000o\000d\000o}{section*.17}% 16
\BOOKMARK [3][-]{section*.19}{\376\377\000I\000m\000p\000o\000r\000t\000a\000n\000c\000e\000\040\000d\000e\000s\000\040\000s\000i\000m\000u\000l\000a\000t\000i\000o\000n\000s\000\040\000e\000t\000\040\000d\000e\000s\000\040\000l\000o\000g\000i\000c\000i\000e\000l\000s\000\040\000m\000o\000r\000d\000e\000r\000n\000e\000s\000\040\000p\000o\000u\000r\000\040\000e\000n\000s\000e\000i\000g\000n\000e\000r\000\040\000l\000e\000s\000\040\000s\000t\000a\000t\000i\000s\000t\000i\000q\000u\000e\000s\000\040\000f\000r\000\351\000q\000u\000e\000n\000t\000i\000s\000t\000e\000s}{section*.18}% 17
\BOOKMARK [3][-]{section*.20}{\376\377\000C\000o\000m\000m\000e\000n\000t\000\040\000\351\000c\000r\000i\000r\000e\000/\000t\000r\000a\000n\000s\000m\000e\000t\000t\000r\000e\000\040\000l\000'\000i\000n\000f\000o\000\040\000a\000u\000x\000\040\000p\000s\000y\000s}{section*.18}% 18
\BOOKMARK [3][-]{section*.21}{\376\377\000R\000e\000c\000o\000m\000m\000a\000n\000d\000a\000t\000i\000o\000n\000s\000\040\000g\000\351\000n\000\351\000r\000a\000l\000e\000s}{section*.18}% 19
\BOOKMARK [3][-]{section*.22}{\376\377\000L\000i\000m\000i\000t\000e\000s}{section*.18}% 20
\BOOKMARK [1][-]{section*.25}{\376\377\000B\000i\000b\000l\000i\000o\000g\000r\000a\000p\000h\000i\000e}{}% 21
\BOOKMARK [1][-]{section*.26}{\376\377\000A\000n\000n\000e\000x\000e\000\050\000s\000\051}{}% 22
\BOOKMARK [2][-]{section*.27}{\376\377\000A\000n\000n\000e\000x\000e\000\040\000A\000:\000\040\000e\000r\000r\000a\000t\000u\000m}{section*.26}% 23
\BOOKMARK [3][-]{section*.28}{\376\377\000W\000h\000y\000\040\000p\000s\000y\000c\000h\000o\000l\000o\000g\000i\000s\000t\000s\000\040\000S\000h\000o\000u\000l\000d\000\040\000b\000y\000\040\000D\000e\000f\000a\000u\000l\000t\000\040\000U\000s\000e\000\040\000W\000e\000l\000c\000h\000'\000s\000\040\000t\000-\000t\000e\000s\000t\000\040\000I\000n\000s\000t\000e\000a\000d\000\040\000o\000f\000\040\000S\000t\000u\000d\000e\000n\000t\000'\000s\000\040\000t\000-\000t\000e\000s\000t}{section*.27}% 24
\BOOKMARK [3][-]{section*.31}{\376\377\000T\000a\000k\000i\000n\000g\000\040\000p\000a\000r\000a\000m\000e\000t\000r\000i\000c\000\040\000a\000s\000s\000u\000m\000p\000t\000i\000o\000n\000s\000\040\000v\000e\000r\000y\000\040\000s\000e\000r\000i\000o\000u\000s\000l\000y}{section*.27}% 25
\BOOKMARK [3][-]{section*.34}{\376\377\000E\000f\000f\000e\000c\000t\000\040\000s\000i\000z\000e\000s}{section*.27}% 26
\BOOKMARK [3][-]{section*.35}{\376\377\000E\000q\000u\000i\000v\000a\000l\000e\000n\000c\000e\000\040\000t\000e\000s\000t\000s}{section*.27}% 27
\BOOKMARK [2][-]{section*.36}{\376\377\000A\000n\000n\000e\000x\000e\000\040\000B}{section*.26}% 28
