This is pdfTeX, Version 3.141592653-2.6-1.40.23 (TeX Live 2021/W32TeX) (preloaded format=pdflatex 2021.10.29)  1 NOV 2021 11:47
entering extended mode
 restricted \write18 enabled.
 %&-line parsing enabled.
**SupMat.tex
(./SupMat.tex
LaTeX2e <2021-06-01> patch level 1
L3 programming layer <2021-10-18> (c:/Users/mdelacre/AppData/Roaming/TinyTeX/te
xmf-dist/tex/latex/apa6/apa6.cls
Document Class: apa6 2020/01/13 v2.34 APA formatting (6th edition)

(c:/Users/mdelacre/AppData/Roaming/TinyTeX/texmf-dist/tex/latex/base/article.cl
s
Document Class: article 2021/02/12 v1.4n Standard LaTeX document class

(c:/Users/mdelacre/AppData/Roaming/TinyTeX/texmf-dist/tex/latex/base/size12.clo
File: size12.clo 2021/02/12 v1.4n Standard LaTeX file (size option)
)
\c@part=\count182
\c@section=\count183
\c@subsection=\count184
\c@subsubsection=\count185
\c@paragraph=\count186
\c@subparagraph=\count187
\c@figure=\count188
\c@table=\count189
\abovecaptionskip=\skip47
\belowcaptionskip=\skip48
\bibindent=\dimen138
)
(c:/Users/mdelacre/AppData/Roaming/TinyTeX/texmf-dist/tex/latex/etoolbox/etoolb
ox.sty
Package: etoolbox 2020/10/05 v2.5k e-TeX tools for LaTeX (JAW)
\etb@tempcnta=\count190
)
Class apa6 Info: No bibliography package was specified; defaulting to (but not 
loading) Biblatex on input line 213.
(c:/Users/mdelacre/AppData/Roaming/TinyTeX/texmf-dist/tex/latex/lm/lmodern.sty
Package: lmodern 2015/05/01 v1.6.1 Latin Modern Fonts
LaTeX Font Info:    Overwriting symbol font `operators' in version `normal'
(Font)                  OT1/cmr/m/n --> OT1/lmr/m/n on input line 22.
LaTeX Font Info:    Overwriting symbol font `letters' in version `normal'
(Font)                  OML/cmm/m/it --> OML/lmm/m/it on input line 23.
LaTeX Font Info:    Overwriting symbol font `symbols' in version `normal'
(Font)                  OMS/cmsy/m/n --> OMS/lmsy/m/n on input line 24.
LaTeX Font Info:    Overwriting symbol font `largesymbols' in version `normal'
(Font)                  OMX/cmex/m/n --> OMX/lmex/m/n on input line 25.
LaTeX Font Info:    Overwriting symbol font `operators' in version `bold'
(Font)                  OT1/cmr/bx/n --> OT1/lmr/bx/n on input line 26.
LaTeX Font Info:    Overwriting symbol font `letters' in version `bold'
(Font)                  OML/cmm/b/it --> OML/lmm/b/it on input line 27.
LaTeX Font Info:    Overwriting symbol font `symbols' in version `bold'
(Font)                  OMS/cmsy/b/n --> OMS/lmsy/b/n on input line 28.
LaTeX Font Info:    Overwriting symbol font `largesymbols' in version `bold'
(Font)                  OMX/cmex/m/n --> OMX/lmex/m/n on input line 29.
LaTeX Font Info:    Overwriting math alphabet `\mathbf' in version `normal'
(Font)                  OT1/cmr/bx/n --> OT1/lmr/bx/n on input line 31.
LaTeX Font Info:    Overwriting math alphabet `\mathsf' in version `normal'
(Font)                  OT1/cmss/m/n --> OT1/lmss/m/n on input line 32.
LaTeX Font Info:    Overwriting math alphabet `\mathit' in version `normal'
(Font)                  OT1/cmr/m/it --> OT1/lmr/m/it on input line 33.
LaTeX Font Info:    Overwriting math alphabet `\mathtt' in version `normal'
(Font)                  OT1/cmtt/m/n --> OT1/lmtt/m/n on input line 34.
LaTeX Font Info:    Overwriting math alphabet `\mathbf' in version `bold'
(Font)                  OT1/cmr/bx/n --> OT1/lmr/bx/n on input line 35.
LaTeX Font Info:    Overwriting math alphabet `\mathsf' in version `bold'
(Font)                  OT1/cmss/bx/n --> OT1/lmss/bx/n on input line 36.
LaTeX Font Info:    Overwriting math alphabet `\mathit' in version `bold'
(Font)                  OT1/cmr/bx/it --> OT1/lmr/bx/it on input line 37.
LaTeX Font Info:    Overwriting math alphabet `\mathtt' in version `bold'
(Font)                  OT1/cmtt/m/n --> OT1/lmtt/m/n on input line 38.
)
(c:/Users/mdelacre/AppData/Roaming/TinyTeX/texmf-dist/tex/latex/base/fontenc.st
y
Package: fontenc 2021/04/29 v2.0v Standard LaTeX package
LaTeX Font Info:    Trying to load font information for T1+lmr on input line 11
2.
(c:/Users/mdelacre/AppData/Roaming/TinyTeX/texmf-dist/tex/latex/lm/t1lmr.fd
File: t1lmr.fd 2015/05/01 v1.6.1 Font defs for Latin Modern
))
(c:/Users/mdelacre/AppData/Roaming/TinyTeX/texmf-dist/tex/latex/geometry/geomet
ry.sty
Package: geometry 2020/01/02 v5.9 Page Geometry

(c:/Users/mdelacre/AppData/Roaming/TinyTeX/texmf-dist/tex/latex/graphics/keyval
.sty
Package: keyval 2014/10/28 v1.15 key=value parser (DPC)
\KV@toks@=\toks16
)
(c:/Users/mdelacre/AppData/Roaming/TinyTeX/texmf-dist/tex/generic/iftex/ifvtex.
sty
Package: ifvtex 2019/10/25 v1.7 ifvtex legacy package. Use iftex instead.

(c:/Users/mdelacre/AppData/Roaming/TinyTeX/texmf-dist/tex/generic/iftex/iftex.s
ty
Package: iftex 2020/03/06 v1.0d TeX engine tests
))
\Gm@cnth=\count191
\Gm@cntv=\count192
\c@Gm@tempcnt=\count193
\Gm@bindingoffset=\dimen139
\Gm@wd@mp=\dimen140
\Gm@odd@mp=\dimen141
\Gm@even@mp=\dimen142
\Gm@layoutwidth=\dimen143
\Gm@layoutheight=\dimen144
\Gm@layouthoffset=\dimen145
\Gm@layoutvoffset=\dimen146
\Gm@dimlist=\toks17
)
(c:/Users/mdelacre/AppData/Roaming/TinyTeX/texmf-dist/tex/latex/graphics/graphi
cx.sty
Package: graphicx 2020/12/05 v1.2c Enhanced LaTeX Graphics (DPC,SPQR)

(c:/Users/mdelacre/AppData/Roaming/TinyTeX/texmf-dist/tex/latex/graphics/graphi
cs.sty
Package: graphics 2021/03/04 v1.4d Standard LaTeX Graphics (DPC,SPQR)

(c:/Users/mdelacre/AppData/Roaming/TinyTeX/texmf-dist/tex/latex/graphics/trig.s
ty
Package: trig 2016/01/03 v1.10 sin cos tan (DPC)
)
(c:/Users/mdelacre/AppData/Roaming/TinyTeX/texmf-dist/tex/latex/graphics-cfg/gr
aphics.cfg
File: graphics.cfg 2016/06/04 v1.11 sample graphics configuration
)
Package graphics Info: Driver file: pdftex.def on input line 107.

(c:/Users/mdelacre/AppData/Roaming/TinyTeX/texmf-dist/tex/latex/graphics-def/pd
ftex.def
File: pdftex.def 2020/10/05 v1.2a Graphics/color driver for pdftex
))
\Gin@req@height=\dimen147
\Gin@req@width=\dimen148
)
(c:/Users/mdelacre/AppData/Roaming/TinyTeX/texmf-dist/tex/latex/booktabs/bookta
bs.sty
Package: booktabs 2020/01/12 v1.61803398 Publication quality tables
\heavyrulewidth=\dimen149
\lightrulewidth=\dimen150
\cmidrulewidth=\dimen151
\belowrulesep=\dimen152
\belowbottomsep=\dimen153
\aboverulesep=\dimen154
\abovetopsep=\dimen155
\cmidrulesep=\dimen156
\cmidrulekern=\dimen157
\defaultaddspace=\dimen158
\@cmidla=\count194
\@cmidlb=\count195
\@aboverulesep=\dimen159
\@belowrulesep=\dimen160
\@thisruleclass=\count196
\@lastruleclass=\count197
\@thisrulewidth=\dimen161
)
(c:/Users/mdelacre/AppData/Roaming/TinyTeX/texmf-dist/tex/latex/threeparttable/
threeparttable.sty
Package: threeparttable 2003/06/13  v 3.0
\@tempboxb=\box50
)
(c:/Users/mdelacre/AppData/Roaming/TinyTeX/texmf-dist/tex/latex/substr/substr.s
ty
Package: substr 2009/10/20 v1.2 Handle substrings
\c@su@anzahl=\count198
)
\c@maskedRefs=\count199
\b@level@one@skip=\skip49
\e@level@one@skip=\skip50
\b@level@two@skip=\skip51
\e@level@two@skip=\skip52
\b@level@three@skip=\skip53
\e@level@three@skip=\skip54
\b@level@four@skip=\skip55
\e@level@four@skip=\skip56
\b@level@five@skip=\skip57
\e@level@five@skip=\skip58

(c:/Users/mdelacre/AppData/Roaming/TinyTeX/texmf-dist/tex/latex/caption/caption
.sty
Package: caption 2020/10/26 v3.5g Customizing captions (AR)

(c:/Users/mdelacre/AppData/Roaming/TinyTeX/texmf-dist/tex/latex/caption/caption
3.sty
Package: caption3 2020/10/21 v2.2e caption3 kernel (AR)
\captionmargin=\dimen162
\captionmargin@=\dimen163
\captionwidth=\dimen164
\caption@tempdima=\dimen165
\caption@indent=\dimen166
\caption@parindent=\dimen167
\caption@hangindent=\dimen168
Package caption Info: Standard document class detected.
)
\c@caption@flags=\count266
\c@continuedfloat=\count267
Package caption Info: threeparttable package is loaded.
)
\c@APAenum=\count268
\@text@par@indent=\skip59
\gr@box=\box51
\gr@boxwidth=\skip60
\gr@boxheight=\skip61
(c:/Users/mdelacre/AppData/Roaming/TinyTeX/texmf-dist/tex/latex/tools/bm.sty
Package: bm 2021/04/25 v1.2e Bold Symbol Support (DPC/FMi)
\symboldoperators=\mathgroup4
\symboldletters=\mathgroup5
\symboldsymbols=\mathgroup6
Package bm Info: No bold for \OMX/lmex/m/n, using \pmb.
LaTeX Font Info:    Redeclaring math alphabet \mathbf on input line 149.
)
\c@appendix=\count269

(c:/Users/mdelacre/AppData/Roaming/TinyTeX/texmf-dist/tex/latex/fancyhdr/fancyh
dr.sty
Package: fancyhdr 2021/01/28 v4.0.1 Extensive control of page headers and foote
rs
\f@nch@headwidth=\skip62
\f@nch@O@elh=\skip63
\f@nch@O@erh=\skip64
\f@nch@O@olh=\skip65
\f@nch@O@orh=\skip66
\f@nch@O@elf=\skip67
\f@nch@O@erf=\skip68
\f@nch@O@olf=\skip69
\f@nch@O@orf=\skip70
)
(c:/Users/mdelacre/AppData/Roaming/TinyTeX/texmf-dist/tex/latex/endfloat/endflo
at.sty
Package: endfloat 2019/04/15 v2.7 LaTeX2e package puts figures and tables at en
d (jdm)
\c@posttable=\count270
\efloat@postttt=\write3
\@ef@tttopen=\count271
\c@postfigure=\count272
\efloat@postfff=\write4
\@ef@fffopen=\count273
)
(c:/Users/mdelacre/AppData/Roaming/TinyTeX/texmf-dist/tex/latex/float/float.sty
Package: float 2001/11/08 v1.3d Float enhancements (AL)
\c@float@type=\count274
\float@exts=\toks18
\float@box=\box52
\@float@everytoks=\toks19
\@floatcapt=\box53
))
(c:/Users/mdelacre/AppData/Roaming/TinyTeX/texmf-dist/tex/latex/amsmath/amsmath
.sty
Package: amsmath 2021/04/20 v2.17j AMS math features
\@mathmargin=\skip71
For additional information on amsmath, use the `?' option.

(c:/Users/mdelacre/AppData/Roaming/TinyTeX/texmf-dist/tex/latex/amsmath/amstext
.sty
Package: amstext 2000/06/29 v2.01 AMS text

(c:/Users/mdelacre/AppData/Roaming/TinyTeX/texmf-dist/tex/latex/amsmath/amsgen.
sty
File: amsgen.sty 1999/11/30 v2.0 generic functions
\@emptytoks=\toks20
\ex@=\dimen169
))
(c:/Users/mdelacre/AppData/Roaming/TinyTeX/texmf-dist/tex/latex/amsmath/amsbsy.
sty
Package: amsbsy 1999/11/29 v1.2d Bold Symbols
LaTeX Info: Redefining \boldsymbol on input line 28.
\pmbraise@=\dimen170
)
(c:/Users/mdelacre/AppData/Roaming/TinyTeX/texmf-dist/tex/latex/amsmath/amsopn.
sty
Package: amsopn 2016/03/08 v2.02 operator names
)
\inf@bad=\count275
LaTeX Info: Redefining \frac on input line 234.
\uproot@=\count276
\leftroot@=\count277
LaTeX Info: Redefining \overline on input line 399.
\classnum@=\count278
\DOTSCASE@=\count279
LaTeX Info: Redefining \ldots on input line 496.
LaTeX Info: Redefining \dots on input line 499.
LaTeX Info: Redefining \cdots on input line 620.
\Mathstrutbox@=\box54
\strutbox@=\box55
\big@size=\dimen171
LaTeX Font Info:    Redeclaring font encoding OML on input line 743.
LaTeX Font Info:    Redeclaring font encoding OMS on input line 744.
\macc@depth=\count280
\c@MaxMatrixCols=\count281
\dotsspace@=\muskip16
\c@parentequation=\count282
\dspbrk@lvl=\count283
\tag@help=\toks21
\row@=\count284
\column@=\count285
\maxfields@=\count286
\andhelp@=\toks22
\eqnshift@=\dimen172
\alignsep@=\dimen173
\tagshift@=\dimen174
\tagwidth@=\dimen175
\totwidth@=\dimen176
\lineht@=\dimen177
\@envbody=\toks23
\multlinegap=\skip72
\multlinetaggap=\skip73
\mathdisplay@stack=\toks24
LaTeX Info: Redefining \[ on input line 2923.
LaTeX Info: Redefining \] on input line 2924.
)
(c:/Users/mdelacre/AppData/Roaming/TinyTeX/texmf-dist/tex/latex/amsfonts/amssym
b.sty
Package: amssymb 2013/01/14 v3.01 AMS font symbols

(c:/Users/mdelacre/AppData/Roaming/TinyTeX/texmf-dist/tex/latex/amsfonts/amsfon
ts.sty
Package: amsfonts 2013/01/14 v3.01 Basic AMSFonts support
\symAMSa=\mathgroup7
\symAMSb=\mathgroup8
LaTeX Font Info:    Redeclaring math symbol \hbar on input line 98.
LaTeX Font Info:    Overwriting math alphabet `\mathfrak' in version `bold'
(Font)                  U/euf/m/n --> U/euf/b/n on input line 106.
))
(c:/Users/mdelacre/AppData/Roaming/TinyTeX/texmf-dist/tex/latex/base/fontenc.st
y
Package: fontenc 2021/04/29 v2.0v Standard LaTeX package
)
(c:/Users/mdelacre/AppData/Roaming/TinyTeX/texmf-dist/tex/latex/base/inputenc.s
ty
Package: inputenc 2021/02/14 v1.3d Input encoding file
\inpenc@prehook=\toks25
\inpenc@posthook=\toks26
)
(c:/Users/mdelacre/AppData/Roaming/TinyTeX/texmf-dist/tex/latex/base/textcomp.s
ty
Package: textcomp 2020/02/02 v2.0n Standard LaTeX package
)
(c:/Users/mdelacre/AppData/Roaming/TinyTeX/texmf-dist/tex/latex/xcolor/xcolor.s
ty
Package: xcolor 2016/05/11 v2.12 LaTeX color extensions (UK)

(c:/Users/mdelacre/AppData/Roaming/TinyTeX/texmf-dist/tex/latex/graphics-cfg/co
lor.cfg
File: color.cfg 2016/01/02 v1.6 sample color configuration
)
Package xcolor Info: Driver file: pdftex.def on input line 225.
Package xcolor Info: Model `cmy' substituted by `cmy0' on input line 1348.
Package xcolor Info: Model `hsb' substituted by `rgb' on input line 1352.
Package xcolor Info: Model `RGB' extended on input line 1364.
Package xcolor Info: Model `HTML' substituted by `rgb' on input line 1366.
Package xcolor Info: Model `Hsb' substituted by `hsb' on input line 1367.
Package xcolor Info: Model `tHsb' substituted by `hsb' on input line 1368.
Package xcolor Info: Model `HSB' substituted by `hsb' on input line 1369.
Package xcolor Info: Model `Gray' substituted by `gray' on input line 1370.
Package xcolor Info: Model `wave' substituted by `hsb' on input line 1371.
)
(c:/Users/mdelacre/AppData/Roaming/TinyTeX/texmf-dist/tex/latex/hyperref/hyperr
ef.sty
Package: hyperref 2021-06-07 v7.00m Hypertext links for LaTeX

(c:/Users/mdelacre/AppData/Roaming/TinyTeX/texmf-dist/tex/generic/ltxcmds/ltxcm
ds.sty
Package: ltxcmds 2020-05-10 v1.25 LaTeX kernel commands for general use (HO)
)
(c:/Users/mdelacre/AppData/Roaming/TinyTeX/texmf-dist/tex/generic/pdftexcmds/pd
ftexcmds.sty
Package: pdftexcmds 2020-06-27 v0.33 Utility functions of pdfTeX for LuaTeX (HO
)

(c:/Users/mdelacre/AppData/Roaming/TinyTeX/texmf-dist/tex/generic/infwarerr/inf
warerr.sty
Package: infwarerr 2019/12/03 v1.5 Providing info/warning/error messages (HO)
)
Package pdftexcmds Info: \pdf@primitive is available.
Package pdftexcmds Info: \pdf@ifprimitive is available.
Package pdftexcmds Info: \pdfdraftmode found.
)
(c:/Users/mdelacre/AppData/Roaming/TinyTeX/texmf-dist/tex/generic/kvsetkeys/kvs
etkeys.sty
Package: kvsetkeys 2019/12/15 v1.18 Key value parser (HO)
)
(c:/Users/mdelacre/AppData/Roaming/TinyTeX/texmf-dist/tex/generic/kvdefinekeys/
kvdefinekeys.sty
Package: kvdefinekeys 2019-12-19 v1.6 Define keys (HO)
)
(c:/Users/mdelacre/AppData/Roaming/TinyTeX/texmf-dist/tex/generic/pdfescape/pdf
escape.sty
Package: pdfescape 2019/12/09 v1.15 Implements pdfTeX's escape features (HO)
)
(c:/Users/mdelacre/AppData/Roaming/TinyTeX/texmf-dist/tex/latex/hycolor/hycolor
.sty
Package: hycolor 2020-01-27 v1.10 Color options for hyperref/bookmark (HO)
)
(c:/Users/mdelacre/AppData/Roaming/TinyTeX/texmf-dist/tex/latex/letltxmacro/let
ltxmacro.sty
Package: letltxmacro 2019/12/03 v1.6 Let assignment for LaTeX macros (HO)
)
(c:/Users/mdelacre/AppData/Roaming/TinyTeX/texmf-dist/tex/latex/auxhook/auxhook
.sty
Package: auxhook 2019-12-17 v1.6 Hooks for auxiliary files (HO)
)
(c:/Users/mdelacre/AppData/Roaming/TinyTeX/texmf-dist/tex/latex/kvoptions/kvopt
ions.sty
Package: kvoptions 2020-10-07 v3.14 Key value format for package options (HO)
)
\@linkdim=\dimen178
\Hy@linkcounter=\count287
\Hy@pagecounter=\count288

(c:/Users/mdelacre/AppData/Roaming/TinyTeX/texmf-dist/tex/latex/hyperref/pd1enc
.def
File: pd1enc.def 2021-06-07 v7.00m Hyperref: PDFDocEncoding definition (HO)
Now handling font encoding PD1 ...
... no UTF-8 mapping file for font encoding PD1
)
(c:/Users/mdelacre/AppData/Roaming/TinyTeX/texmf-dist/tex/latex/hyperref/hyperr
ef-langpatches.def
File: hyperref-langpatches.def 2021-06-07 v7.00m Hyperref: patches for babel la
nguages
)
(c:/Users/mdelacre/AppData/Roaming/TinyTeX/texmf-dist/tex/generic/intcalc/intca
lc.sty
Package: intcalc 2019/12/15 v1.3 Expandable calculations with integers (HO)
)
(c:/Users/mdelacre/AppData/Roaming/TinyTeX/texmf-dist/tex/generic/etexcmds/etex
cmds.sty
Package: etexcmds 2019/12/15 v1.7 Avoid name clashes with e-TeX commands (HO)
)
\Hy@SavedSpaceFactor=\count289

(c:/Users/mdelacre/AppData/Roaming/TinyTeX/texmf-dist/tex/latex/hyperref/puenc.
def
File: puenc.def 2021-06-07 v7.00m Hyperref: PDF Unicode definition (HO)
Now handling font encoding PU ...
... no UTF-8 mapping file for font encoding PU
)
Package hyperref Info: Option `unicode' set `true' on input line 4073.
Package hyperref Info: Hyper figures OFF on input line 4192.
Package hyperref Info: Link nesting OFF on input line 4197.
Package hyperref Info: Hyper index ON on input line 4200.
Package hyperref Info: Plain pages OFF on input line 4207.
Package hyperref Info: Backreferencing OFF on input line 4212.
Package hyperref Info: Implicit mode ON; LaTeX internals redefined.
Package hyperref Info: Bookmarks ON on input line 4445.
\c@Hy@tempcnt=\count290
(c:/Users/mdelacre/AppData/Roaming/TinyTeX/texmf-dist/tex/latex/url/url.sty
\Urlmuskip=\muskip17
Package: url 2013/09/16  ver 3.4  Verb mode for urls, etc.
)
LaTeX Info: Redefining \url on input line 4804.
\XeTeXLinkMargin=\dimen179

(c:/Users/mdelacre/AppData/Roaming/TinyTeX/texmf-dist/tex/generic/bitset/bitset
.sty
Package: bitset 2019/12/09 v1.3 Handle bit-vector datatype (HO)

(c:/Users/mdelacre/AppData/Roaming/TinyTeX/texmf-dist/tex/generic/bigintcalc/bi
gintcalc.sty
Package: bigintcalc 2019/12/15 v1.5 Expandable calculations on big integers (HO
)
))
\Fld@menulength=\count291
\Field@Width=\dimen180
\Fld@charsize=\dimen181
Package hyperref Info: Hyper figures OFF on input line 6076.
Package hyperref Info: Link nesting OFF on input line 6081.
Package hyperref Info: Hyper index ON on input line 6084.
Package hyperref Info: backreferencing OFF on input line 6091.
Package hyperref Info: Link coloring OFF on input line 6096.
Package hyperref Info: Link coloring with OCG OFF on input line 6101.
Package hyperref Info: PDF/A mode OFF on input line 6106.
LaTeX Info: Redefining \ref on input line 6146.
LaTeX Info: Redefining \pageref on input line 6150.

(c:/Users/mdelacre/AppData/Roaming/TinyTeX/texmf-dist/tex/latex/base/atbegshi-l
tx.sty
Package: atbegshi-ltx 2021/01/10 v1.0c Emulation of the original atbegshi
package with kernel methods
)
\Hy@abspage=\count292
\c@Item=\count293
\c@Hfootnote=\count294
)
Package hyperref Info: Driver (autodetected): hpdftex.

(c:/Users/mdelacre/AppData/Roaming/TinyTeX/texmf-dist/tex/latex/hyperref/hpdfte
x.def
File: hpdftex.def 2021-06-07 v7.00m Hyperref driver for pdfTeX

(c:/Users/mdelacre/AppData/Roaming/TinyTeX/texmf-dist/tex/latex/base/atveryend-
ltx.sty
Package: atveryend-ltx 2020/08/19 v1.0a Emulation of the original atvery packag
e
with kernel methods
)
\Fld@listcount=\count295
\c@bookmark@seq@number=\count296

(c:/Users/mdelacre/AppData/Roaming/TinyTeX/texmf-dist/tex/latex/rerunfilecheck/
rerunfilecheck.sty
Package: rerunfilecheck 2019/12/05 v1.9 Rerun checks for auxiliary files (HO)

(c:/Users/mdelacre/AppData/Roaming/TinyTeX/texmf-dist/tex/generic/uniquecounter
/uniquecounter.sty
Package: uniquecounter 2019/12/15 v1.4 Provide unlimited unique counter (HO)
)
Package uniquecounter Info: New unique counter `rerunfilecheck' on input line 2
86.
)
\Hy@SectionHShift=\skip74
)
(c:/Users/mdelacre/AppData/Roaming/TinyTeX/texmf-dist/tex/latex/tools/longtable
.sty
Package: longtable 2021-05-07 v4.16 Multi-page Table package (DPC)
\LTleft=\skip75
\LTright=\skip76
\LTpre=\skip77
\LTpost=\skip78
\LTchunksize=\count297
\LTcapwidth=\dimen182
\LT@head=\box56
\LT@firsthead=\box57
\LT@foot=\box58
\LT@lastfoot=\box59
\LT@gbox=\box60
\LT@cols=\count298
\LT@rows=\count299
\c@LT@tables=\count300
\c@LT@chunks=\count301
\LT@p@ftn=\toks27
)
(c:/Users/mdelacre/AppData/Roaming/TinyTeX/texmf-dist/tex/latex/tools/array.sty
Package: array 2021/04/20 v2.5e Tabular extension package (FMi)
\col@sep=\dimen183
\ar@mcellbox=\box61
\extrarowheight=\dimen184
\NC@list=\toks28
\extratabsurround=\skip79
\backup@length=\skip80
\ar@cellbox=\box62
) (c:/Users/mdelacre/AppData/Roaming/TinyTeX/texmf-dist/tex/latex/tools/calc.st
y
Package: calc 2017/05/25 v4.3 Infix arithmetic (KKT,FJ)
\calc@Acount=\count302
\calc@Bcount=\count303
\calc@Adimen=\dimen185
\calc@Bdimen=\dimen186
\calc@Askip=\skip81
\calc@Bskip=\skip82
LaTeX Info: Redefining \setlength on input line 80.
LaTeX Info: Redefining \addtolength on input line 81.
\calc@Ccount=\count304
\calc@Cskip=\skip83
)
(c:/Users/mdelacre/AppData/Roaming/TinyTeX/texmf-dist/tex/latex/mdwtools/footno
te.sty
Package: footnote 1997/01/28 1.13 Save footnotes around boxes
\fn@notes=\box63
\fn@width=\dimen187
)
(c:/Users/mdelacre/AppData/Roaming/TinyTeX/texmf-dist/tex/latex/was/upgreek.sty
Package: upgreek 2003/02/12 v2.0 (WaS)
Package upgreek Info: Using Euler Roman for upright Greek on input line 31.
\symugrf@m=\mathgroup9
LaTeX Font Info:    Overwriting symbol font `ugrf@m' in version `bold'
(Font)                  U/eur/m/n --> U/eur/b/n on input line 38.
)
(c:/Users/mdelacre/AppData/Roaming/TinyTeX/texmf-dist/tex/latex/graphics/lscape
.sty
Package: lscape 2020/05/28 v3.02 Landscape Pages (DPC)
)
(c:/Users/mdelacre/AppData/Roaming/TinyTeX/texmf-dist/tex/latex/multirow/multir
ow.sty
Package: multirow 2021/03/15 v2.8 Span multiple rows of a table
\multirow@colwidth=\skip84
\multirow@cntb=\count305
\multirow@dima=\skip85
\bigstrutjot=\dimen188
)
(c:/Users/mdelacre/AppData/Roaming/TinyTeX/texmf-dist/tex/latex/tools/tabularx.
sty
Package: tabularx 2020/01/15 v2.11c `tabularx' package (DPC)
\TX@col@width=\dimen189
\TX@old@table=\dimen190
\TX@old@col=\dimen191
\TX@target=\dimen192
\TX@delta=\dimen193
\TX@cols=\count306
\TX@ftn=\toks29
)
(c:/Users/mdelacre/AppData/Roaming/TinyTeX/texmf-dist/tex/latex/threeparttablex
/threeparttablex.sty
Package: threeparttablex 2013/07/23 v0.3 by daleif

(c:/Users/mdelacre/AppData/Roaming/TinyTeX/texmf-dist/tex/latex/environ/environ
.sty
Package: environ 2014/05/04 v0.3 A new way to define environments

(c:/Users/mdelacre/AppData/Roaming/TinyTeX/texmf-dist/tex/latex/trimspaces/trim
spaces.sty
Package: trimspaces 2009/09/17 v1.1 Trim spaces around a token list
))
\TPTL@width=\skip86
)
\longtablewidth=\skip87

(c:/Users/mdelacre/AppData/Roaming/TinyTeX/texmf-dist/tex/latex/csquotes/csquot
es.sty
Package: csquotes 2021-02-22 v5.2l context-sensitive quotations (JAW)
\csq@reset=\count307
\csq@gtype=\count308
\csq@glevel=\count309
\csq@qlevel=\count310
\csq@maxlvl=\count311
\csq@tshold=\count312
\csq@ltx@everypar=\toks30

(c:/Users/mdelacre/AppData/Roaming/TinyTeX/texmf-dist/tex/latex/csquotes/csquot
es.def
File: csquotes.def 2021-02-22 v5.2l csquotes generic definitions (JAW)
)
Package csquotes Info: Trying to load configuration file 'csquotes.cfg'...
Package csquotes Info: ... configuration file loaded successfully.

(c:/Users/mdelacre/AppData/Roaming/TinyTeX/texmf-dist/tex/latex/csquotes/csquot
es.cfg
File: csquotes.cfg 
))
(c:/Users/mdelacre/AppData/Roaming/TinyTeX/texmf-dist/tex/generic/babel/babel.s
ty
Package: babel 2021/10/19 3.65 The Babel package
\babel@savecnt=\count313
\U@D=\dimen194
\l@unhyphenated=\language3

(c:/Users/mdelacre/AppData/Roaming/TinyTeX/texmf-dist/tex/generic/babel/txtbabe
l.def)
\bbl@readstream=\read2
\bbl@dirlevel=\count314

(c:/Users/mdelacre/AppData/Roaming/TinyTeX/texmf-dist/tex/generic/babel-english
/english.ldf
Language: english 2017/06/06 v3.3r English support from the babel system
Package babel Info: Hyphen rules for 'british' set to \l@english
(babel)             (\language0). Reported on input line 82.
Package babel Info: Hyphen rules for 'UKenglish' set to \l@english
(babel)             (\language0). Reported on input line 83.
Package babel Info: Hyphen rules for 'canadian' set to \l@english
(babel)             (\language0). Reported on input line 102.
Package babel Info: Hyphen rules for 'australian' set to \l@english
(babel)             (\language0). Reported on input line 105.
Package babel Info: Hyphen rules for 'newzealand' set to \l@english
(babel)             (\language0). Reported on input line 108.
)
(c:/Users/mdelacre/AppData/Roaming/TinyTeX/texmf-dist/tex/generic/babel-english
/english.ldf
Language: english 2017/06/06 v3.3r English support from the babel system
))
Package csquotes Info: Checking for multilingual support...
Package csquotes Info: ... found 'babel' package.
Package csquotes Info: Adjusting default style.
Package csquotes Info: Redefining alias 'default' -> 'english'.

(c:/Users/mdelacre/AppData/Roaming/TinyTeX/texmf-dist/tex/latex/l3backend/l3bac
kend-pdftex.def
File: l3backend-pdftex.def 2021-10-18 L3 backend support: PDF output (pdfTeX)
\l__color_backend_stack_int=\count315
\l__pdf_internal_box=\box64
) (./SupMat.aux)
\openout1 = `SupMat.aux'.

LaTeX Font Info:    Checking defaults for OML/cmm/m/it on input line 151.
LaTeX Font Info:    ... okay on input line 151.
LaTeX Font Info:    Checking defaults for OMS/cmsy/m/n on input line 151.
LaTeX Font Info:    ... okay on input line 151.
LaTeX Font Info:    Checking defaults for OT1/cmr/m/n on input line 151.
LaTeX Font Info:    ... okay on input line 151.
LaTeX Font Info:    Checking defaults for T1/cmr/m/n on input line 151.
LaTeX Font Info:    ... okay on input line 151.
LaTeX Font Info:    Checking defaults for TS1/cmr/m/n on input line 151.
LaTeX Font Info:    ... okay on input line 151.
LaTeX Font Info:    Checking defaults for OMX/cmex/m/n on input line 151.
LaTeX Font Info:    ... okay on input line 151.
LaTeX Font Info:    Checking defaults for U/cmr/m/n on input line 151.
LaTeX Font Info:    ... okay on input line 151.
LaTeX Font Info:    Checking defaults for PD1/pdf/m/n on input line 151.
LaTeX Font Info:    ... okay on input line 151.
LaTeX Font Info:    Checking defaults for PU/pdf/m/n on input line 151.
LaTeX Font Info:    ... okay on input line 151.
*geometry* driver: auto-detecting
*geometry* detected driver: pdftex
*geometry* verbose mode - [ preamble ] result:
* driver: pdftex
* paper: <default>
* layout: <same size as paper>
* layoutoffset:(h,v)=(0.0pt,0.0pt)
* modes: twoside 
* h-part:(L,W,R)=(72.26999pt, 469.75502pt, 72.26999pt)
* v-part:(T,H,B)=(72.26999pt, 650.43001pt, 72.26999pt)
* \paperwidth=614.295pt
* \paperheight=794.96999pt
* \textwidth=469.75502pt
* \textheight=650.43001pt
* \oddsidemargin=0.0pt
* \evensidemargin=0.0pt
* \topmargin=-37.0pt
* \headheight=15.2pt
* \headsep=25.0pt
* \topskip=12.0pt
* \footskip=30.0pt
* \marginparwidth=95.0pt
* \marginparsep=10.0pt
* \columnsep=10.0pt
* \skip\footins=10.8pt plus 4.0pt minus 2.0pt
* \hoffset=0.0pt
* \voffset=0.0pt
* \mag=1000
* \@twocolumnfalse
* \@twosidetrue
* \@mparswitchtrue
* \@reversemarginfalse
* (1in=72.27pt=25.4mm, 1cm=28.453pt)


(c:/Users/mdelacre/AppData/Roaming/TinyTeX/texmf-dist/tex/latex/epstopdf-pkg/ep
stopdf-base.sty
Package: epstopdf-base 2020-01-24 v2.11 Base part for package epstopdf

(c:/Users/mdelacre/AppData/Roaming/TinyTeX/texmf-dist/tex/latex/grfext/grfext.s
ty
Package: grfext 2019/12/03 v1.3 Manage graphics extensions (HO)
)
Package epstopdf-base Info: Redefining graphics rule for `.eps' on input line 4
85.
Package grfext Info: Graphics extension search list:
(grfext)             [.pdf,.png,.jpg,.mps,.jpeg,.jbig2,.jb2,.PDF,.PNG,.JPG,.JPE
G,.JBIG2,.JB2,.eps]
(grfext)             \AppendGraphicsExtensions on input line 504.

(c:/Users/mdelacre/AppData/Roaming/TinyTeX/texmf-dist/tex/latex/latexconfig/eps
topdf-sys.cfg
File: epstopdf-sys.cfg 2010/07/13 v1.3 Configuration of (r)epstopdf for TeX Liv
e
))
(c:/Users/mdelacre/AppData/Roaming/TinyTeX/texmf-dist/tex/latex/apa6/config/APA
american.txt
File: APAamerican.txt 2012/02/23 v1.25 apa6 configuration for American English
)
Package caption Info: Begin \AtBeginDocument code.
Package caption Info: float package is loaded.
Package caption Info: hyperref package is loaded.
Package caption Info: longtable package is loaded.

(c:/Users/mdelacre/AppData/Roaming/TinyTeX/texmf-dist/tex/latex/caption/ltcapti
on.sty
Package: ltcaption 2020/05/30 v1.4b longtable captions (AR)
)
Package caption Info: End \AtBeginDocument code.
Package hyperref Info: Link coloring OFF on input line 151.

(c:/Users/mdelacre/AppData/Roaming/TinyTeX/texmf-dist/tex/latex/hyperref/namere
f.sty
Package: nameref 2021-04-02 v2.47 Cross-referencing by name of section

(c:/Users/mdelacre/AppData/Roaming/TinyTeX/texmf-dist/tex/latex/refcount/refcou
nt.sty
Package: refcount 2019/12/15 v3.6 Data extraction from label references (HO)
)
(c:/Users/mdelacre/AppData/Roaming/TinyTeX/texmf-dist/tex/generic/gettitlestrin
g/gettitlestring.sty
Package: gettitlestring 2019/12/15 v1.6 Cleanup title references (HO)
)
\c@section@level=\count316
)
LaTeX Info: Redefining \ref on input line 151.
LaTeX Info: Redefining \pageref on input line 151.
LaTeX Info: Redefining \nameref on input line 151.
(./SupMat.out) (./SupMat.out)
\@outlinefile=\write5
\openout5 = `SupMat.out'.


Class apa6 Warning: Abstract not defined.

[1{c:/Users/mdelacre/AppData/Roaming/TinyTeX/texmf-var/fonts/map/pdftex/updmap/
pdftex.map}

]
LaTeX Font Info:    Trying to load font information for OT1+lmr on input line 1
60.
(c:/Users/mdelacre/AppData/Roaming/TinyTeX/texmf-dist/tex/latex/lm/ot1lmr.fd
File: ot1lmr.fd 2015/05/01 v1.6.1 Font defs for Latin Modern
)
LaTeX Font Info:    Trying to load font information for OML+lmm on input line 1
60.
(c:/Users/mdelacre/AppData/Roaming/TinyTeX/texmf-dist/tex/latex/lm/omllmm.fd
File: omllmm.fd 2015/05/01 v1.6.1 Font defs for Latin Modern
)
LaTeX Font Info:    Trying to load font information for OMS+lmsy on input line 
160.
(c:/Users/mdelacre/AppData/Roaming/TinyTeX/texmf-dist/tex/latex/lm/omslmsy.fd
File: omslmsy.fd 2015/05/01 v1.6.1 Font defs for Latin Modern
)
LaTeX Font Info:    Trying to load font information for OMX+lmex on input line 
160.
(c:/Users/mdelacre/AppData/Roaming/TinyTeX/texmf-dist/tex/latex/lm/omxlmex.fd
File: omxlmex.fd 2015/05/01 v1.6.1 Font defs for Latin Modern
)
LaTeX Font Info:    External font `lmex10' loaded for size
(Font)              <12> on input line 160.
LaTeX Font Info:    External font `lmex10' loaded for size
(Font)              <8> on input line 160.
LaTeX Font Info:    External font `lmex10' loaded for size
(Font)              <6> on input line 160.
LaTeX Font Info:    Trying to load font information for U+msa on input line 160
.

(c:/Users/mdelacre/AppData/Roaming/TinyTeX/texmf-dist/tex/latex/amsfonts/umsa.f
d
File: umsa.fd 2013/01/14 v3.01 AMS symbols A
)
LaTeX Font Info:    Trying to load font information for U+msb on input line 160
.

(c:/Users/mdelacre/AppData/Roaming/TinyTeX/texmf-dist/tex/latex/amsfonts/umsb.f
d
File: umsb.fd 2013/01/14 v3.01 AMS symbols B
) [2]
LaTeX Font Info:    Trying to load font information for TS1+lmr on input line 1
86.
(c:/Users/mdelacre/AppData/Roaming/TinyTeX/texmf-dist/tex/latex/lm/ts1lmr.fd
File: ts1lmr.fd 2015/05/01 v1.6.1 Font defs for Latin Modern
)
<C:/Users/mdelacre/Documents/Github project/thesis/Chapitre 4/SupMat/SM1chp4/Fi
gure SM1.1.png, id=120, 498.36188pt x 307.90031pt>
File: C:/Users/mdelacre/Documents/Github project/thesis/Chapitre 4/SupMat/SM1ch
p4/Figure SM1.1.png Graphic file (type png)
<use C:/Users/mdelacre/Documents/Github project/thesis/Chapitre 4/SupMat/SM1chp
4/Figure SM1.1.png>
Package pdftex.def Info: C:/Users/mdelacre/Documents/Github project/thesis/Chap
itre 4/SupMat/SM1chp4/Figure SM1.1.png  used on input line 189.
(pdftex.def)             Requested size: 440.39246pt x 272.08536pt.
[3 <c:/Users/mdelacre/Documents/Github project/thesis/Chapitre 4/SupMat/SM1chp4
/Figure SM1.1.png>]
<C:/Users/mdelacre/Documents/Github project/thesis/Chapitre 4/SupMat/SM1chp4/Fi
gure SM1.2.png, id=129, 498.36188pt x 307.90031pt>
File: C:/Users/mdelacre/Documents/Github project/thesis/Chapitre 4/SupMat/SM1ch
p4/Figure SM1.2.png Graphic file (type png)
<use C:/Users/mdelacre/Documents/Github project/thesis/Chapitre 4/SupMat/SM1chp
4/Figure SM1.2.png>
Package pdftex.def Info: C:/Users/mdelacre/Documents/Github project/thesis/Chap
itre 4/SupMat/SM1chp4/Figure SM1.2.png  used on input line 211.
(pdftex.def)             Requested size: 469.76817pt x 290.2344pt.

Overfull \hbox (28.9207pt too wide) in paragraph at lines 211--213
[][] 
 []

[4 <c:/Users/mdelacre/Documents/Github project/thesis/Chapitre 4/SupMat/SM1chp4
/Figure SM1.2.png>]
<C:/Users/mdelacre/Documents/Github project/thesis/Chapitre 4/SupMat/SM1chp4/Fi
gure SM1.3.png, id=136, 498.36188pt x 307.90031pt>
File: C:/Users/mdelacre/Documents/Github project/thesis/Chapitre 4/SupMat/SM1ch
p4/Figure SM1.3.png Graphic file (type png)
<use C:/Users/mdelacre/Documents/Github project/thesis/Chapitre 4/SupMat/SM1chp
4/Figure SM1.3.png>
Package pdftex.def Info: C:/Users/mdelacre/Documents/Github project/thesis/Chap
itre 4/SupMat/SM1chp4/Figure SM1.3.png  used on input line 231.
(pdftex.def)             Requested size: 469.76817pt x 290.2344pt.

Overfull \hbox (28.9207pt too wide) in paragraph at lines 231--233
[][] 
 []

[5 <c:/Users/mdelacre/Documents/Github project/thesis/Chapitre 4/SupMat/SM1chp4
/Figure SM1.3.png>]
<C:/Users/mdelacre/Documents/Github project/thesis/Chapitre 4/SupMat/SM1chp4/Fi
gure SM1.4.png, id=149, 498.36188pt x 307.90031pt>
File: C:/Users/mdelacre/Documents/Github project/thesis/Chapitre 4/SupMat/SM1ch
p4/Figure SM1.4.png Graphic file (type png)
<use C:/Users/mdelacre/Documents/Github project/thesis/Chapitre 4/SupMat/SM1chp
4/Figure SM1.4.png>
Package pdftex.def Info: C:/Users/mdelacre/Documents/Github project/thesis/Chap
itre 4/SupMat/SM1chp4/Figure SM1.4.png  used on input line 241.
(pdftex.def)             Requested size: 469.76817pt x 290.2344pt.

Overfull \hbox (28.9207pt too wide) in paragraph at lines 241--243
[][] 
 []

[6 <c:/Users/mdelacre/Documents/Github project/thesis/Chapitre 4/SupMat/SM1chp4
/Figure SM1.4.png>]
<C:/Users/mdelacre/Documents/Github project/thesis/Chapitre 4/SupMat/SM1chp4/Fi
gure SM1.5.png, id=157, 498.36188pt x 307.90031pt>
File: C:/Users/mdelacre/Documents/Github project/thesis/Chapitre 4/SupMat/SM1ch
p4/Figure SM1.5.png Graphic file (type png)
<use C:/Users/mdelacre/Documents/Github project/thesis/Chapitre 4/SupMat/SM1chp
4/Figure SM1.5.png>
Package pdftex.def Info: C:/Users/mdelacre/Documents/Github project/thesis/Chap
itre 4/SupMat/SM1chp4/Figure SM1.5.png  used on input line 260.
(pdftex.def)             Requested size: 469.76817pt x 290.2344pt.

Overfull \hbox (28.9207pt too wide) in paragraph at lines 260--261
[][] 
 []

[7 <c:/Users/mdelacre/Documents/Github project/thesis/Chapitre 4/SupMat/SM1chp4
/Figure SM1.5.png>]
<C:/Users/mdelacre/Documents/Github project/thesis/Chapitre 4/SupMat/SM1chp4/Fi
gure SM1.6.png, id=164, 498.36188pt x 307.90031pt>
File: C:/Users/mdelacre/Documents/Github project/thesis/Chapitre 4/SupMat/SM1ch
p4/Figure SM1.6.png Graphic file (type png)
<use C:/Users/mdelacre/Documents/Github project/thesis/Chapitre 4/SupMat/SM1chp
4/Figure SM1.6.png>
Package pdftex.def Info: C:/Users/mdelacre/Documents/Github project/thesis/Chap
itre 4/SupMat/SM1chp4/Figure SM1.6.png  used on input line 268.
(pdftex.def)             Requested size: 440.39246pt x 272.08536pt.
[8 <c:/Users/mdelacre/Documents/Github project/thesis/Chapitre 4/SupMat/SM1chp4
/Figure SM1.6.png>]
<C:/Users/mdelacre/Documents/Github project/thesis/Chapitre 4/SupMat/SM1chp4/Fi
gure SM1.7.png, id=170, 498.36188pt x 307.90031pt>
File: C:/Users/mdelacre/Documents/Github project/thesis/Chapitre 4/SupMat/SM1ch
p4/Figure SM1.7.png Graphic file (type png)
<use C:/Users/mdelacre/Documents/Github project/thesis/Chapitre 4/SupMat/SM1chp
4/Figure SM1.7.png>
Package pdftex.def Info: C:/Users/mdelacre/Documents/Github project/thesis/Chap
itre 4/SupMat/SM1chp4/Figure SM1.7.png  used on input line 276.
(pdftex.def)             Requested size: 469.76817pt x 290.2344pt.

Overfull \hbox (28.9207pt too wide) in paragraph at lines 276--278
[][] 
 []

[9 <c:/Users/mdelacre/Documents/Github project/thesis/Chapitre 4/SupMat/SM1chp4
/Figure SM1.7.png>]
<C:/Users/mdelacre/Documents/Github project/thesis/Chapitre 4/SupMat/SM1chp4/Fi
gure SM1.8.png, id=178, 498.36188pt x 307.90031pt>
File: C:/Users/mdelacre/Documents/Github project/thesis/Chapitre 4/SupMat/SM1ch
p4/Figure SM1.8.png Graphic file (type png)
<use C:/Users/mdelacre/Documents/Github project/thesis/Chapitre 4/SupMat/SM1chp
4/Figure SM1.8.png>
Package pdftex.def Info: C:/Users/mdelacre/Documents/Github project/thesis/Chap
itre 4/SupMat/SM1chp4/Figure SM1.8.png  used on input line 298.
(pdftex.def)             Requested size: 469.76817pt x 290.2344pt.

Overfull \hbox (28.9207pt too wide) in paragraph at lines 298--300
[][] 
 []

[10 <c:/Users/mdelacre/Documents/Github project/thesis/Chapitre 4/SupMat/SM1chp
4/Figure SM1.8.png>]
<C:/Users/mdelacre/Documents/Github project/thesis/Chapitre 4/SupMat/SM1chp4/Fi
gure SM1.9.png, id=184, 498.36188pt x 307.90031pt>
File: C:/Users/mdelacre/Documents/Github project/thesis/Chapitre 4/SupMat/SM1ch
p4/Figure SM1.9.png Graphic file (type png)
<use C:/Users/mdelacre/Documents/Github project/thesis/Chapitre 4/SupMat/SM1chp
4/Figure SM1.9.png>
Package pdftex.def Info: C:/Users/mdelacre/Documents/Github project/thesis/Chap
itre 4/SupMat/SM1chp4/Figure SM1.9.png  used on input line 308.
(pdftex.def)             Requested size: 469.76817pt x 290.2344pt.

Overfull \hbox (28.9207pt too wide) in paragraph at lines 308--310
[][] 
 []

[11 <c:/Users/mdelacre/Documents/Github project/thesis/Chapitre 4/SupMat/SM1chp
4/Figure SM1.9.png>]
<C:/Users/mdelacre/Documents/Github project/thesis/Chapitre 4/SupMat/SM1chp4/Fi
gure SM1.10.png, id=191, 498.36188pt x 307.90031pt>
File: C:/Users/mdelacre/Documents/Github project/thesis/Chapitre 4/SupMat/SM1ch
p4/Figure SM1.10.png Graphic file (type png)
<use C:/Users/mdelacre/Documents/Github project/thesis/Chapitre 4/SupMat/SM1chp
4/Figure SM1.10.png>
Package pdftex.def Info: C:/Users/mdelacre/Documents/Github project/thesis/Chap
itre 4/SupMat/SM1chp4/Figure SM1.10.png  used on input line 315.
(pdftex.def)             Requested size: 469.76817pt x 290.2344pt.

Overfull \hbox (28.9207pt too wide) in paragraph at lines 315--317
[][] 
 []

[12 <c:/Users/mdelacre/Documents/Github project/thesis/Chapitre 4/SupMat/SM1chp
4/Figure SM1.10.png>]
<C:/Users/mdelacre/Documents/Github project/thesis/Chapitre 4/SupMat/SM1chp4/Fi
gure SM1.11.png, id=197, 497.98547pt x 159.21985pt>
File: C:/Users/mdelacre/Documents/Github project/thesis/Chapitre 4/SupMat/SM1ch
p4/Figure SM1.11.png Graphic file (type png)
<use C:/Users/mdelacre/Documents/Github project/thesis/Chapitre 4/SupMat/SM1chp
4/Figure SM1.11.png>
Package pdftex.def Info: C:/Users/mdelacre/Documents/Github project/thesis/Chap
itre 4/SupMat/SM1chp4/Figure SM1.11.png  used on input line 322.
(pdftex.def)             Requested size: 469.76291pt x 150.19629pt.

Overfull \hbox (28.91544pt too wide) in paragraph at lines 322--324
[][] 
 []

[13 <c:/Users/mdelacre/Documents/Github project/thesis/Chapitre 4/SupMat/SM1chp
4/Figure SM1.11.png>]
<C:/Users/mdelacre/Documents/Github project/thesis/Chapitre 4/SupMat/SM1chp4/Fi
gure SM1.12.png, id=209, 498.36188pt x 307.90031pt>
File: C:/Users/mdelacre/Documents/Github project/thesis/Chapitre 4/SupMat/SM1ch
p4/Figure SM1.12.png Graphic file (type png)
<use C:/Users/mdelacre/Documents/Github project/thesis/Chapitre 4/SupMat/SM1chp
4/Figure SM1.12.png>
Package pdftex.def Info: C:/Users/mdelacre/Documents/Github project/thesis/Chap
itre 4/SupMat/SM1chp4/Figure SM1.12.png  used on input line 347.
(pdftex.def)             Requested size: 469.76817pt x 290.2344pt.

Overfull \hbox (28.9207pt too wide) in paragraph at lines 347--349
[][] 
 []

[14 <c:/Users/mdelacre/Documents/Github project/thesis/Chapitre 4/SupMat/SM1chp
4/Figure SM1.12.png>]
<C:/Users/mdelacre/Documents/Github project/thesis/Chapitre 4/SupMat/SM1chp4/Fi
gure SM1.13.png, id=215, 498.36188pt x 307.90031pt>
File: C:/Users/mdelacre/Documents/Github project/thesis/Chapitre 4/SupMat/SM1ch
p4/Figure SM1.13.png Graphic file (type png)
<use C:/Users/mdelacre/Documents/Github project/thesis/Chapitre 4/SupMat/SM1chp
4/Figure SM1.13.png>
Package pdftex.def Info: C:/Users/mdelacre/Documents/Github project/thesis/Chap
itre 4/SupMat/SM1chp4/Figure SM1.13.png  used on input line 356.
(pdftex.def)             Requested size: 440.39246pt x 272.08536pt.
[15 <c:/Users/mdelacre/Documents/Github project/thesis/Chapitre 4/SupMat/SM1chp
4/Figure SM1.13.png>]
<C:/Users/mdelacre/Documents/Github project/thesis/Chapitre 4/SupMat/SM1chp4/Fi
gure SM1.14.png, id=221, 498.36188pt x 307.90031pt>
File: C:/Users/mdelacre/Documents/Github project/thesis/Chapitre 4/SupMat/SM1ch
p4/Figure SM1.14.png Graphic file (type png)
<use C:/Users/mdelacre/Documents/Github project/thesis/Chapitre 4/SupMat/SM1chp
4/Figure SM1.14.png>
Package pdftex.def Info: C:/Users/mdelacre/Documents/Github project/thesis/Chap
itre 4/SupMat/SM1chp4/Figure SM1.14.png  used on input line 364.
(pdftex.def)             Requested size: 469.76817pt x 290.2344pt.

Overfull \hbox (28.9207pt too wide) in paragraph at lines 364--366
[][] 
 []

[16 <c:/Users/mdelacre/Documents/Github project/thesis/Chapitre 4/SupMat/SM1chp
4/Figure SM1.14.png>] [17]
<C:/Users/mdelacre/Documents/Github project/thesis/Chapitre 4/SupMat/SM1chp4/Fi
gure SM1.15.png, id=233, 498.36188pt x 307.90031pt>
File: C:/Users/mdelacre/Documents/Github project/thesis/Chapitre 4/SupMat/SM1ch
p4/Figure SM1.15.png Graphic file (type png)
<use C:/Users/mdelacre/Documents/Github project/thesis/Chapitre 4/SupMat/SM1chp
4/Figure SM1.15.png>
Package pdftex.def Info: C:/Users/mdelacre/Documents/Github project/thesis/Chap
itre 4/SupMat/SM1chp4/Figure SM1.15.png  used on input line 393.
(pdftex.def)             Requested size: 469.76817pt x 290.2344pt.

Overfull \hbox (28.9207pt too wide) in paragraph at lines 393--395
[][] 
 []

[18 <c:/Users/mdelacre/Documents/Github project/thesis/Chapitre 4/SupMat/SM1chp
4/Figure SM1.15.png>]
<C:/Users/mdelacre/Documents/Github project/thesis/Chapitre 4/SupMat/SM1chp4/Fi
gure SM1.16.png, id=239, 498.36188pt x 307.90031pt>
File: C:/Users/mdelacre/Documents/Github project/thesis/Chapitre 4/SupMat/SM1ch
p4/Figure SM1.16.png Graphic file (type png)
<use C:/Users/mdelacre/Documents/Github project/thesis/Chapitre 4/SupMat/SM1chp
4/Figure SM1.16.png>
Package pdftex.def Info: C:/Users/mdelacre/Documents/Github project/thesis/Chap
itre 4/SupMat/SM1chp4/Figure SM1.16.png  used on input line 404.
(pdftex.def)             Requested size: 469.76817pt x 290.2344pt.

Overfull \hbox (28.9207pt too wide) in paragraph at lines 404--406
[][] 
 []

[19 <c:/Users/mdelacre/Documents/Github project/thesis/Chapitre 4/SupMat/SM1chp
4/Figure SM1.16.png>]
<C:/Users/mdelacre/Documents/Github project/thesis/Chapitre 4/SupMat/SM1chp4/Fi
gure SM1.17.png, id=246, 498.36188pt x 307.90031pt>
File: C:/Users/mdelacre/Documents/Github project/thesis/Chapitre 4/SupMat/SM1ch
p4/Figure SM1.17.png Graphic file (type png)
<use C:/Users/mdelacre/Documents/Github project/thesis/Chapitre 4/SupMat/SM1chp
4/Figure SM1.17.png>
Package pdftex.def Info: C:/Users/mdelacre/Documents/Github project/thesis/Chap
itre 4/SupMat/SM1chp4/Figure SM1.17.png  used on input line 411.
(pdftex.def)             Requested size: 469.76817pt x 290.2344pt.

Overfull \hbox (28.9207pt too wide) in paragraph at lines 411--413
[][] 
 []

[20 <c:/Users/mdelacre/Documents/Github project/thesis/Chapitre 4/SupMat/SM1chp
4/Figure SM1.17.png>]
<C:/Users/mdelacre/Documents/Github project/thesis/Chapitre 4/SupMat/SM1chp4/Fi
gure SM1.18.png, id=254, 498.36188pt x 147.92766pt>
File: C:/Users/mdelacre/Documents/Github project/thesis/Chapitre 4/SupMat/SM1ch
p4/Figure SM1.18.png Graphic file (type png)
<use C:/Users/mdelacre/Documents/Github project/thesis/Chapitre 4/SupMat/SM1chp
4/Figure SM1.18.png>
Package pdftex.def Info: C:/Users/mdelacre/Documents/Github project/thesis/Chap
itre 4/SupMat/SM1chp4/Figure SM1.18.png  used on input line 433.
(pdftex.def)             Requested size: 469.76817pt x 139.44023pt.

Overfull \hbox (28.9207pt too wide) in paragraph at lines 433--435
[][] 
 []

[21 <c:/Users/mdelacre/Documents/Github project/thesis/Chapitre 4/SupMat/SM1chp
4/Figure SM1.18.png>]
<C:/Users/mdelacre/Documents/Github project/thesis/Chapitre 4/SupMat/SM1chp4/Fi
gure SM1.19.png, id=260, 498.36188pt x 307.90031pt>
File: C:/Users/mdelacre/Documents/Github project/thesis/Chapitre 4/SupMat/SM1ch
p4/Figure SM1.19.png Graphic file (type png)
<use C:/Users/mdelacre/Documents/Github project/thesis/Chapitre 4/SupMat/SM1chp
4/Figure SM1.19.png>
Package pdftex.def Info: C:/Users/mdelacre/Documents/Github project/thesis/Chap
itre 4/SupMat/SM1chp4/Figure SM1.19.png  used on input line 440.
(pdftex.def)             Requested size: 469.76817pt x 290.2344pt.

Overfull \hbox (28.9207pt too wide) in paragraph at lines 440--442
[][] 
 []

[22 <c:/Users/mdelacre/Documents/Github project/thesis/Chapitre 4/SupMat/SM1chp
4/Figure SM1.19.png>]
<C:/Users/mdelacre/Documents/Github project/thesis/Chapitre 4/SupMat/SM1chp4/Fi
gure SM1.20.png, id=266, 498.36188pt x 307.90031pt>
File: C:/Users/mdelacre/Documents/Github project/thesis/Chapitre 4/SupMat/SM1ch
p4/Figure SM1.20.png Graphic file (type png)
<use C:/Users/mdelacre/Documents/Github project/thesis/Chapitre 4/SupMat/SM1chp
4/Figure SM1.20.png>
Package pdftex.def Info: C:/Users/mdelacre/Documents/Github project/thesis/Chap
itre 4/SupMat/SM1chp4/Figure SM1.20.png  used on input line 451.
(pdftex.def)             Requested size: 469.76817pt x 290.2344pt.

Overfull \hbox (28.9207pt too wide) in paragraph at lines 451--453
[][] 
 []

[23 <c:/Users/mdelacre/Documents/Github project/thesis/Chapitre 4/SupMat/SM1chp
4/Figure SM1.20.png>]
<C:/Users/mdelacre/Documents/Github project/thesis/Chapitre 4/SupMat/SM1chp4/Fi
gure SM1.21.png, id=272, 498.36188pt x 152.06813pt>
File: C:/Users/mdelacre/Documents/Github project/thesis/Chapitre 4/SupMat/SM1ch
p4/Figure SM1.21.png Graphic file (type png)
<use C:/Users/mdelacre/Documents/Github project/thesis/Chapitre 4/SupMat/SM1chp
4/Figure SM1.21.png>
Package pdftex.def Info: C:/Users/mdelacre/Documents/Github project/thesis/Chap
itre 4/SupMat/SM1chp4/Figure SM1.21.png  used on input line 458.
(pdftex.def)             Requested size: 469.76817pt x 143.34315pt.

Overfull \hbox (28.9207pt too wide) in paragraph at lines 458--460
[][] 
 []

[24 <c:/Users/mdelacre/Documents/Github project/thesis/Chapitre 4/SupMat/SM1chp
4/Figure SM1.21.png>] [25] [26]
<C:/Users/mdelacre/Documents/Github project/thesis/Chapitre 4/SupMat/SM1chp4/Fi
gure SM1.22.png, id=294, 498.36188pt x 307.90031pt>
File: C:/Users/mdelacre/Documents/Github project/thesis/Chapitre 4/SupMat/SM1ch
p4/Figure SM1.22.png Graphic file (type png)
<use C:/Users/mdelacre/Documents/Github project/thesis/Chapitre 4/SupMat/SM1chp
4/Figure SM1.22.png>
Package pdftex.def Info: C:/Users/mdelacre/Documents/Github project/thesis/Chap
itre 4/SupMat/SM1chp4/Figure SM1.22.png  used on input line 536.
(pdftex.def)             Requested size: 469.76817pt x 290.2344pt.

Overfull \hbox (28.9207pt too wide) in paragraph at lines 536--538
[][] 
 []

[27 <c:/Users/mdelacre/Documents/Github project/thesis/Chapitre 4/SupMat/SM1chp
4/Figure SM1.22.png>]
<C:/Users/mdelacre/Documents/Github project/thesis/Chapitre 4/SupMat/SM1chp4/Fi
gure SM1.23.png, id=300, 498.36188pt x 307.90031pt>
File: C:/Users/mdelacre/Documents/Github project/thesis/Chapitre 4/SupMat/SM1ch
p4/Figure SM1.23.png Graphic file (type png)
<use C:/Users/mdelacre/Documents/Github project/thesis/Chapitre 4/SupMat/SM1chp
4/Figure SM1.23.png>
Package pdftex.def Info: C:/Users/mdelacre/Documents/Github project/thesis/Chap
itre 4/SupMat/SM1chp4/Figure SM1.23.png  used on input line 547.
(pdftex.def)             Requested size: 469.76817pt x 290.2344pt.

Overfull \hbox (28.9207pt too wide) in paragraph at lines 547--549
[][] 
 []

[28 <c:/Users/mdelacre/Documents/Github project/thesis/Chapitre 4/SupMat/SM1chp
4/Figure SM1.23.png>]
<C:/Users/mdelacre/Documents/Github project/thesis/Chapitre 4/SupMat/SM1chp4/Fi
gure SM1.24.png, id=308, 498.36188pt x 307.90031pt>
File: C:/Users/mdelacre/Documents/Github project/thesis/Chapitre 4/SupMat/SM1ch
p4/Figure SM1.24.png Graphic file (type png)
<use C:/Users/mdelacre/Documents/Github project/thesis/Chapitre 4/SupMat/SM1chp
4/Figure SM1.24.png>
Package pdftex.def Info: C:/Users/mdelacre/Documents/Github project/thesis/Chap
itre 4/SupMat/SM1chp4/Figure SM1.24.png  used on input line 560.
(pdftex.def)             Requested size: 469.76817pt x 290.2344pt.

Overfull \hbox (28.9207pt too wide) in paragraph at lines 560--562
[][] 
 []

[29 <c:/Users/mdelacre/Documents/Github project/thesis/Chapitre 4/SupMat/SM1chp
4/Figure SM1.24.png>]
<C:/Users/mdelacre/Documents/Github project/thesis/Chapitre 4/SupMat/SM1chp4/Fi
gure SM1.25.png, id=317, 498.36188pt x 307.90031pt>
File: C:/Users/mdelacre/Documents/Github project/thesis/Chapitre 4/SupMat/SM1ch
p4/Figure SM1.25.png Graphic file (type png)
<use C:/Users/mdelacre/Documents/Github project/thesis/Chapitre 4/SupMat/SM1chp
4/Figure SM1.25.png>
Package pdftex.def Info: C:/Users/mdelacre/Documents/Github project/thesis/Chap
itre 4/SupMat/SM1chp4/Figure SM1.25.png  used on input line 596.
(pdftex.def)             Requested size: 469.76817pt x 290.2344pt.

Overfull \hbox (28.9207pt too wide) in paragraph at lines 596--598
[][] 
 []

[30 <c:/Users/mdelacre/Documents/Github project/thesis/Chapitre 4/SupMat/SM1chp
4/Figure SM1.25.png>]
<C:/Users/mdelacre/Documents/Github project/thesis/Chapitre 4/SupMat/SM1chp4/Fi
gure SM1.26.png, id=327, 498.36188pt x 307.90031pt>
File: C:/Users/mdelacre/Documents/Github project/thesis/Chapitre 4/SupMat/SM1ch
p4/Figure SM1.26.png Graphic file (type png)
<use C:/Users/mdelacre/Documents/Github project/thesis/Chapitre 4/SupMat/SM1chp
4/Figure SM1.26.png>
Package pdftex.def Info: C:/Users/mdelacre/Documents/Github project/thesis/Chap
itre 4/SupMat/SM1chp4/Figure SM1.26.png  used on input line 601.
(pdftex.def)             Requested size: 469.76817pt x 290.2344pt.

Overfull \hbox (28.9207pt too wide) in paragraph at lines 601--603
[][] 
 []

[31 <c:/Users/mdelacre/Documents/Github project/thesis/Chapitre 4/SupMat/SM1chp
4/Figure SM1.26.png>]
<C:/Users/mdelacre/Documents/Github project/thesis/Chapitre 4/SupMat/SM1chp4/Fi
gure SM1.27.png, id=336, 498.36188pt x 307.90031pt>
File: C:/Users/mdelacre/Documents/Github project/thesis/Chapitre 4/SupMat/SM1ch
p4/Figure SM1.27.png Graphic file (type png)
<use C:/Users/mdelacre/Documents/Github project/thesis/Chapitre 4/SupMat/SM1chp
4/Figure SM1.27.png>
Package pdftex.def Info: C:/Users/mdelacre/Documents/Github project/thesis/Chap
itre 4/SupMat/SM1chp4/Figure SM1.27.png  used on input line 613.
(pdftex.def)             Requested size: 469.76817pt x 290.2344pt.

Overfull \hbox (28.9207pt too wide) in paragraph at lines 613--615
[][] 
 []

<C:/Users/mdelacre/Documents/Github project/thesis/Chapitre 4/SupMat/SM1chp4/Fi
gure SM1.28.png, id=337, 498.36188pt x 307.90031pt>
File: C:/Users/mdelacre/Documents/Github project/thesis/Chapitre 4/SupMat/SM1ch
p4/Figure SM1.28.png Graphic file (type png)
<use C:/Users/mdelacre/Documents/Github project/thesis/Chapitre 4/SupMat/SM1chp
4/Figure SM1.28.png>
Package pdftex.def Info: C:/Users/mdelacre/Documents/Github project/thesis/Chap
itre 4/SupMat/SM1chp4/Figure SM1.28.png  used on input line 618.
(pdftex.def)             Requested size: 469.76817pt x 290.2344pt.

Overfull \hbox (28.9207pt too wide) in paragraph at lines 618--620
[][] 
 []


Underfull \vbox (badness 10000) has occurred while \output is active []

[32 <c:/Users/mdelacre/Documents/Github project/thesis/Chapitre 4/SupMat/SM1chp
4/Figure SM1.27.png>] [33 <c:/Users/mdelacre/Documents/Github project/thesis/Ch
apitre 4/SupMat/SM1chp4/Figure SM1.28.png>]
<C:/Users/mdelacre/Documents/Github project/thesis/Chapitre 4/SupMat/SM1chp4/Fi
gure SM1.29.png, id=353, 498.36188pt x 307.90031pt>
File: C:/Users/mdelacre/Documents/Github project/thesis/Chapitre 4/SupMat/SM1ch
p4/Figure SM1.29.png Graphic file (type png)
<use C:/Users/mdelacre/Documents/Github project/thesis/Chapitre 4/SupMat/SM1chp
4/Figure SM1.29.png>
Package pdftex.def Info: C:/Users/mdelacre/Documents/Github project/thesis/Chap
itre 4/SupMat/SM1chp4/Figure SM1.29.png  used on input line 639.
(pdftex.def)             Requested size: 469.76817pt x 290.2344pt.

Overfull \hbox (28.9207pt too wide) in paragraph at lines 639--641
[][] 
 []

[34 <c:/Users/mdelacre/Documents/Github project/thesis/Chapitre 4/SupMat/SM1chp
4/Figure SM1.29.png>]
<C:/Users/mdelacre/Documents/Github project/thesis/Chapitre 4/SupMat/SM1chp4/Fi
gure SM1.30.png, id=359, 498.36188pt x 307.90031pt>
File: C:/Users/mdelacre/Documents/Github project/thesis/Chapitre 4/SupMat/SM1ch
p4/Figure SM1.30.png Graphic file (type png)
<use C:/Users/mdelacre/Documents/Github project/thesis/Chapitre 4/SupMat/SM1chp
4/Figure SM1.30.png>
Package pdftex.def Info: C:/Users/mdelacre/Documents/Github project/thesis/Chap
itre 4/SupMat/SM1chp4/Figure SM1.30.png  used on input line 650.
(pdftex.def)             Requested size: 469.76817pt x 290.2344pt.

Overfull \hbox (28.9207pt too wide) in paragraph at lines 650--652
[][] 
 []

[35 <c:/Users/mdelacre/Documents/Github project/thesis/Chapitre 4/SupMat/SM1chp
4/Figure SM1.30.png>]
<C:/Users/mdelacre/Documents/Github project/thesis/Chapitre 4/SupMat/SM1chp4/Fi
gure SM1.31.png, id=367, 498.36188pt x 307.90031pt>
File: C:/Users/mdelacre/Documents/Github project/thesis/Chapitre 4/SupMat/SM1ch
p4/Figure SM1.31.png Graphic file (type png)
<use C:/Users/mdelacre/Documents/Github project/thesis/Chapitre 4/SupMat/SM1chp
4/Figure SM1.31.png>
Package pdftex.def Info: C:/Users/mdelacre/Documents/Github project/thesis/Chap
itre 4/SupMat/SM1chp4/Figure SM1.31.png  used on input line 676.
(pdftex.def)             Requested size: 469.76817pt x 290.2344pt.

Overfull \hbox (28.9207pt too wide) in paragraph at lines 676--678
[][] 
 []

[36 <c:/Users/mdelacre/Documents/Github project/thesis/Chapitre 4/SupMat/SM1chp
4/Figure SM1.31.png>] [37]
<C:/Users/mdelacre/Documents/Github project/thesis/Chapitre 4/SupMat/SM1chp4/Fi
gure SM1.32.png, id=382, 498.36188pt x 307.90031pt>
File: C:/Users/mdelacre/Documents/Github project/thesis/Chapitre 4/SupMat/SM1ch
p4/Figure SM1.32.png Graphic file (type png)
<use C:/Users/mdelacre/Documents/Github project/thesis/Chapitre 4/SupMat/SM1chp
4/Figure SM1.32.png>
Package pdftex.def Info: C:/Users/mdelacre/Documents/Github project/thesis/Chap
itre 4/SupMat/SM1chp4/Figure SM1.32.png  used on input line 701.
(pdftex.def)             Requested size: 440.39246pt x 272.08536pt.
[38 <c:/Users/mdelacre/Documents/Github project/thesis/Chapitre 4/SupMat/SM1chp
4/Figure SM1.32.png>] [39] [40]
<C:/Users/mdelacre/Documents/Github project/thesis/Chapitre 4/SupMat/SM1chp4/Fi
gure SM1.33.png, id=405, 498.36188pt x 307.90031pt>
File: C:/Users/mdelacre/Documents/Github project/thesis/Chapitre 4/SupMat/SM1ch
p4/Figure SM1.33.png Graphic file (type png)
<use C:/Users/mdelacre/Documents/Github project/thesis/Chapitre 4/SupMat/SM1chp
4/Figure SM1.33.png>
Package pdftex.def Info: C:/Users/mdelacre/Documents/Github project/thesis/Chap
itre 4/SupMat/SM1chp4/Figure SM1.33.png  used on input line 753.
(pdftex.def)             Requested size: 469.76817pt x 290.2344pt.

Overfull \hbox (28.9207pt too wide) in paragraph at lines 753--755
[][] 
 []

[41 <c:/Users/mdelacre/Documents/Github project/thesis/Chapitre 4/SupMat/SM1chp
4/Figure SM1.33.png>]
<C:/Users/mdelacre/Documents/Github project/thesis/Chapitre 4/SupMat/SM1chp4/Fi
gure SM1.34.png, id=411, 498.36188pt x 307.90031pt>
File: C:/Users/mdelacre/Documents/Github project/thesis/Chapitre 4/SupMat/SM1ch
p4/Figure SM1.34.png Graphic file (type png)
<use C:/Users/mdelacre/Documents/Github project/thesis/Chapitre 4/SupMat/SM1chp
4/Figure SM1.34.png>
Package pdftex.def Info: C:/Users/mdelacre/Documents/Github project/thesis/Chap
itre 4/SupMat/SM1chp4/Figure SM1.34.png  used on input line 764.
(pdftex.def)             Requested size: 469.76817pt x 290.2344pt.

Overfull \hbox (28.9207pt too wide) in paragraph at lines 764--766
[][] 
 []

[42 <c:/Users/mdelacre/Documents/Github project/thesis/Chapitre 4/SupMat/SM1chp
4/Figure SM1.34.png>]
<C:/Users/mdelacre/Documents/Github project/thesis/Chapitre 4/SupMat/SM1chp4/Fi
gure SM1.35.png, id=417, 498.36188pt x 307.90031pt>
File: C:/Users/mdelacre/Documents/Github project/thesis/Chapitre 4/SupMat/SM1ch
p4/Figure SM1.35.png Graphic file (type png)
<use C:/Users/mdelacre/Documents/Github project/thesis/Chapitre 4/SupMat/SM1chp
4/Figure SM1.35.png>
Package pdftex.def Info: C:/Users/mdelacre/Documents/Github project/thesis/Chap
itre 4/SupMat/SM1chp4/Figure SM1.35.png  used on input line 775.
(pdftex.def)             Requested size: 469.76817pt x 290.2344pt.

Overfull \hbox (28.9207pt too wide) in paragraph at lines 775--777
[][] 
 []

[43 <c:/Users/mdelacre/Documents/Github project/thesis/Chapitre 4/SupMat/SM1chp
4/Figure SM1.35.png>]
<C:/Users/mdelacre/Documents/Github project/thesis/Chapitre 4/SupMat/SM1chp4/Fi
gure SM1.36.png, id=426, 498.36188pt x 307.90031pt>
File: C:/Users/mdelacre/Documents/Github project/thesis/Chapitre 4/SupMat/SM1ch
p4/Figure SM1.36.png Graphic file (type png)
<use C:/Users/mdelacre/Documents/Github project/thesis/Chapitre 4/SupMat/SM1chp
4/Figure SM1.36.png>
Package pdftex.def Info: C:/Users/mdelacre/Documents/Github project/thesis/Chap
itre 4/SupMat/SM1chp4/Figure SM1.36.png  used on input line 796.
(pdftex.def)             Requested size: 469.76817pt x 290.2344pt.

Overfull \hbox (28.9207pt too wide) in paragraph at lines 796--798
[][] 
 []

[44 <c:/Users/mdelacre/Documents/Github project/thesis/Chapitre 4/SupMat/SM1chp
4/Figure SM1.36.png>]
<C:/Users/mdelacre/Documents/Github project/thesis/Chapitre 4/SupMat/SM1chp4/Fi
gure SM1.37.png, id=436, 498.36188pt x 307.90031pt>
File: C:/Users/mdelacre/Documents/Github project/thesis/Chapitre 4/SupMat/SM1ch
p4/Figure SM1.37.png Graphic file (type png)
<use C:/Users/mdelacre/Documents/Github project/thesis/Chapitre 4/SupMat/SM1chp
4/Figure SM1.37.png>
Package pdftex.def Info: C:/Users/mdelacre/Documents/Github project/thesis/Chap
itre 4/SupMat/SM1chp4/Figure SM1.37.png  used on input line 807.
(pdftex.def)             Requested size: 469.76817pt x 290.2344pt.

Overfull \hbox (28.9207pt too wide) in paragraph at lines 807--809
[][] 
 []

[45 <c:/Users/mdelacre/Documents/Github project/thesis/Chapitre 4/SupMat/SM1chp
4/Figure SM1.37.png>]
<C:/Users/mdelacre/Documents/Github project/thesis/Chapitre 4/SupMat/SM1chp4/Fi
gure SM1.38.png, id=442, 498.36188pt x 307.90031pt>
File: C:/Users/mdelacre/Documents/Github project/thesis/Chapitre 4/SupMat/SM1ch
p4/Figure SM1.38.png Graphic file (type png)
<use C:/Users/mdelacre/Documents/Github project/thesis/Chapitre 4/SupMat/SM1chp
4/Figure SM1.38.png>
Package pdftex.def Info: C:/Users/mdelacre/Documents/Github project/thesis/Chap
itre 4/SupMat/SM1chp4/Figure SM1.38.png  used on input line 814.
(pdftex.def)             Requested size: 469.76817pt x 290.2344pt.

Overfull \hbox (28.9207pt too wide) in paragraph at lines 814--816
[][] 
 []

[46 <c:/Users/mdelacre/Documents/Github project/thesis/Chapitre 4/SupMat/SM1chp
4/Figure SM1.38.png>]
<C:/Users/mdelacre/Documents/Github project/thesis/Chapitre 4/SupMat/SM1chp4/Fi
gure SM1.39.png, id=450, 498.36188pt x 307.90031pt>
File: C:/Users/mdelacre/Documents/Github project/thesis/Chapitre 4/SupMat/SM1ch
p4/Figure SM1.39.png Graphic file (type png)
<use C:/Users/mdelacre/Documents/Github project/thesis/Chapitre 4/SupMat/SM1chp
4/Figure SM1.39.png>
Package pdftex.def Info: C:/Users/mdelacre/Documents/Github project/thesis/Chap
itre 4/SupMat/SM1chp4/Figure SM1.39.png  used on input line 840.
(pdftex.def)             Requested size: 469.76817pt x 290.2344pt.

Overfull \hbox (28.9207pt too wide) in paragraph at lines 840--842
[][] 
 []

[47 <c:/Users/mdelacre/Documents/Github project/thesis/Chapitre 4/SupMat/SM1chp
4/Figure SM1.39.png>]
<C:/Users/mdelacre/Documents/Github project/thesis/Chapitre 4/SupMat/SM1chp4/Fi
gure SM1.40.png, id=460, 504.38437pt x 311.66437pt>
File: C:/Users/mdelacre/Documents/Github project/thesis/Chapitre 4/SupMat/SM1ch
p4/Figure SM1.40.png Graphic file (type png)
<use C:/Users/mdelacre/Documents/Github project/thesis/Chapitre 4/SupMat/SM1chp
4/Figure SM1.40.png>
Package pdftex.def Info: C:/Users/mdelacre/Documents/Github project/thesis/Chap
itre 4/SupMat/SM1chp4/Figure SM1.40.png  used on input line 849.
(pdftex.def)             Requested size: 469.75758pt x 290.26811pt.

Overfull \hbox (28.91011pt too wide) in paragraph at lines 849--851
[][] 
 []

[48 <c:/Users/mdelacre/Documents/Github project/thesis/Chapitre 4/SupMat/SM1chp
4/Figure SM1.40.png>]
<C:/Users/mdelacre/Documents/Github project/thesis/Chapitre 4/SupMat/SM1chp4/Fi
gure SM1.41.png, id=466, 504.38437pt x 311.66437pt>
File: C:/Users/mdelacre/Documents/Github project/thesis/Chapitre 4/SupMat/SM1ch
p4/Figure SM1.41.png Graphic file (type png)
<use C:/Users/mdelacre/Documents/Github project/thesis/Chapitre 4/SupMat/SM1chp
4/Figure SM1.41.png>
Package pdftex.def Info: C:/Users/mdelacre/Documents/Github project/thesis/Chap
itre 4/SupMat/SM1chp4/Figure SM1.41.png  used on input line 856.
(pdftex.def)             Requested size: 469.75758pt x 290.26811pt.

Overfull \hbox (28.91011pt too wide) in paragraph at lines 856--858
[][] 
 []

[49 <c:/Users/mdelacre/Documents/Github project/thesis/Chapitre 4/SupMat/SM1chp
4/Figure SM1.41.png>] [50]
<C:/Users/mdelacre/Documents/Github project/thesis/Chapitre 4/SupMat/SM1chp4/Fi
gure SM1.42.png, id=486, 504.38437pt x 311.66437pt>
File: C:/Users/mdelacre/Documents/Github project/thesis/Chapitre 4/SupMat/SM1ch
p4/Figure SM1.42.png Graphic file (type png)
<use C:/Users/mdelacre/Documents/Github project/thesis/Chapitre 4/SupMat/SM1chp
4/Figure SM1.42.png>
Package pdftex.def Info: C:/Users/mdelacre/Documents/Github project/thesis/Chap
itre 4/SupMat/SM1chp4/Figure SM1.42.png  used on input line 898.
(pdftex.def)             Requested size: 469.75758pt x 290.26811pt.

Overfull \hbox (28.91011pt too wide) in paragraph at lines 898--900
[][] 
 []

[51 <c:/Users/mdelacre/Documents/Github project/thesis/Chapitre 4/SupMat/SM1chp
4/Figure SM1.42.png>]
<C:/Users/mdelacre/Documents/Github project/thesis/Chapitre 4/SupMat/SM1chp4/Fi
gure SM1.43.png, id=492, 504.38437pt x 311.66437pt>
File: C:/Users/mdelacre/Documents/Github project/thesis/Chapitre 4/SupMat/SM1ch
p4/Figure SM1.43.png Graphic file (type png)
<use C:/Users/mdelacre/Documents/Github project/thesis/Chapitre 4/SupMat/SM1chp
4/Figure SM1.43.png>
Package pdftex.def Info: C:/Users/mdelacre/Documents/Github project/thesis/Chap
itre 4/SupMat/SM1chp4/Figure SM1.43.png  used on input line 909.
(pdftex.def)             Requested size: 469.75758pt x 290.26811pt.

Overfull \hbox (28.91011pt too wide) in paragraph at lines 909--911
[][] 
 []

[52 <c:/Users/mdelacre/Documents/Github project/thesis/Chapitre 4/SupMat/SM1chp
4/Figure SM1.43.png>]
<C:/Users/mdelacre/Documents/Github project/thesis/Chapitre 4/SupMat/SM1chp4/Fi
gure SM1.44.png, id=498, 504.38437pt x 311.66437pt>
File: C:/Users/mdelacre/Documents/Github project/thesis/Chapitre 4/SupMat/SM1ch
p4/Figure SM1.44.png Graphic file (type png)
<use C:/Users/mdelacre/Documents/Github project/thesis/Chapitre 4/SupMat/SM1chp
4/Figure SM1.44.png>
Package pdftex.def Info: C:/Users/mdelacre/Documents/Github project/thesis/Chap
itre 4/SupMat/SM1chp4/Figure SM1.44.png  used on input line 914.
(pdftex.def)             Requested size: 469.75758pt x 290.26811pt.

Overfull \hbox (28.91011pt too wide) in paragraph at lines 914--916
[][] 
 []

[53 <c:/Users/mdelacre/Documents/Github project/thesis/Chapitre 4/SupMat/SM1chp
4/Figure SM1.44.png>] [54]
<C:/Users/mdelacre/Documents/Github project/thesis/Chapitre 4/SupMat/SM1chp4/Fi
gure SM1.45.png, id=511, 504.38437pt x 311.66437pt>
File: C:/Users/mdelacre/Documents/Github project/thesis/Chapitre 4/SupMat/SM1ch
p4/Figure SM1.45.png Graphic file (type png)
<use C:/Users/mdelacre/Documents/Github project/thesis/Chapitre 4/SupMat/SM1chp
4/Figure SM1.45.png>
Package pdftex.def Info: C:/Users/mdelacre/Documents/Github project/thesis/Chap
itre 4/SupMat/SM1chp4/Figure SM1.45.png  used on input line 944.
(pdftex.def)             Requested size: 469.75758pt x 290.26811pt.

Overfull \hbox (28.91011pt too wide) in paragraph at lines 944--946
[][] 
 []

[55 <c:/Users/mdelacre/Documents/Github project/thesis/Chapitre 4/SupMat/SM1chp
4/Figure SM1.45.png>]
<C:/Users/mdelacre/Documents/Github project/thesis/Chapitre 4/SupMat/SM1chp4/Fi
gure SM1.46.png, id=522, 504.38437pt x 311.66437pt>
File: C:/Users/mdelacre/Documents/Github project/thesis/Chapitre 4/SupMat/SM1ch
p4/Figure SM1.46.png Graphic file (type png)
<use C:/Users/mdelacre/Documents/Github project/thesis/Chapitre 4/SupMat/SM1chp
4/Figure SM1.46.png>
Package pdftex.def Info: C:/Users/mdelacre/Documents/Github project/thesis/Chap
itre 4/SupMat/SM1chp4/Figure SM1.46.png  used on input line 955.
(pdftex.def)             Requested size: 469.75758pt x 290.26811pt.

Overfull \hbox (28.91011pt too wide) in paragraph at lines 955--957
[][] 
 []

[56 <c:/Users/mdelacre/Documents/Github project/thesis/Chapitre 4/SupMat/SM1chp
4/Figure SM1.46.png>]
<C:/Users/mdelacre/Documents/Github project/thesis/Chapitre 4/SupMat/SM1chp4/Fi
gure SM1.47.png, id=528, 504.38437pt x 311.66437pt>
File: C:/Users/mdelacre/Documents/Github project/thesis/Chapitre 4/SupMat/SM1ch
p4/Figure SM1.47.png Graphic file (type png)
<use C:/Users/mdelacre/Documents/Github project/thesis/Chapitre 4/SupMat/SM1chp
4/Figure SM1.47.png>
Package pdftex.def Info: C:/Users/mdelacre/Documents/Github project/thesis/Chap
itre 4/SupMat/SM1chp4/Figure SM1.47.png  used on input line 962.
(pdftex.def)             Requested size: 469.75758pt x 290.26811pt.

Overfull \hbox (28.91011pt too wide) in paragraph at lines 962--964
[][] 
 []

[57 <c:/Users/mdelacre/Documents/Github project/thesis/Chapitre 4/SupMat/SM1chp
4/Figure SM1.47.png>]
<C:/Users/mdelacre/Documents/Github project/thesis/Chapitre 4/SupMat/SM1chp4/Fi
gure SM1.48.png, id=536, 504.38437pt x 148.68047pt>
File: C:/Users/mdelacre/Documents/Github project/thesis/Chapitre 4/SupMat/SM1ch
p4/Figure SM1.48.png Graphic file (type png)
<use C:/Users/mdelacre/Documents/Github project/thesis/Chapitre 4/SupMat/SM1chp
4/Figure SM1.48.png>
Package pdftex.def Info: C:/Users/mdelacre/Documents/Github project/thesis/Chap
itre 4/SupMat/SM1chp4/Figure SM1.48.png  used on input line 988.
(pdftex.def)             Requested size: 469.75758pt x 138.47331pt.

Overfull \hbox (28.91011pt too wide) in paragraph at lines 988--990
[][] 
 []

<C:/Users/mdelacre/Documents/Github project/thesis/Chapitre 4/SupMat/SM1chp4/Fi
gure SM1.49.png, id=537, 504.38437pt x 311.66437pt>
File: C:/Users/mdelacre/Documents/Github project/thesis/Chapitre 4/SupMat/SM1ch
p4/Figure SM1.49.png Graphic file (type png)
<use C:/Users/mdelacre/Documents/Github project/thesis/Chapitre 4/SupMat/SM1chp
4/Figure SM1.49.png>
Package pdftex.def Info: C:/Users/mdelacre/Documents/Github project/thesis/Chap
itre 4/SupMat/SM1chp4/Figure SM1.49.png  used on input line 991.
(pdftex.def)             Requested size: 469.75758pt x 290.26811pt.

Overfull \hbox (28.91011pt too wide) in paragraph at lines 991--993
[][] 
 []


Underfull \vbox (badness 3646) has occurred while \output is active []

[58 <c:/Users/mdelacre/Documents/Github project/thesis/Chapitre 4/SupMat/SM1chp
4/Figure SM1.48.png>] [59 <c:/Users/mdelacre/Documents/Github project/thesis/Ch
apitre 4/SupMat/SM1chp4/Figure SM1.49.png>]
<C:/Users/mdelacre/Documents/Github project/thesis/Chapitre 4/SupMat/SM1chp4/Fi
gure SM1.50.png, id=552, 498.36188pt x 307.90031pt>
File: C:/Users/mdelacre/Documents/Github project/thesis/Chapitre 4/SupMat/SM1ch
p4/Figure SM1.50.png Graphic file (type png)
<use C:/Users/mdelacre/Documents/Github project/thesis/Chapitre 4/SupMat/SM1chp
4/Figure SM1.50.png>
Package pdftex.def Info: C:/Users/mdelacre/Documents/Github project/thesis/Chap
itre 4/SupMat/SM1chp4/Figure SM1.50.png  used on input line 1004.
(pdftex.def)             Requested size: 469.76817pt x 290.2344pt.

Overfull \hbox (28.9207pt too wide) in paragraph at lines 1004--1006
[][] 
 []

[60 <c:/Users/mdelacre/Documents/Github project/thesis/Chapitre 4/SupMat/SM1chp
4/Figure SM1.50.Png>]
<C:/Users/mdelacre/Documents/Github project/thesis/Chapitre 4/SupMat/SM1chp4/Fi
gure SM1.51.png, id=558, 504.38437pt x 311.66437pt>
File: C:/Users/mdelacre/Documents/Github project/thesis/Chapitre 4/SupMat/SM1ch
p4/Figure SM1.51.png Graphic file (type png)
<use C:/Users/mdelacre/Documents/Github project/thesis/Chapitre 4/SupMat/SM1chp
4/Figure SM1.51.png>
Package pdftex.def Info: C:/Users/mdelacre/Documents/Github project/thesis/Chap
itre 4/SupMat/SM1chp4/Figure SM1.51.png  used on input line 1011.
(pdftex.def)             Requested size: 469.75758pt x 290.26811pt.

Overfull \hbox (28.91011pt too wide) in paragraph at lines 1011--1013
[][] 
 []

[61 <c:/Users/mdelacre/Documents/Github project/thesis/Chapitre 4/SupMat/SM1chp
4/Figure SM1.51.png>] [62] [63] [64]
<C:/Users/mdelacre/Documents/Github project/thesis/Chapitre 4/SupMat/SM2chp4/Ta
ble SM2.1.png, id=582, 500.87125pt x 314.67563pt>
File: C:/Users/mdelacre/Documents/Github project/thesis/Chapitre 4/SupMat/SM2ch
p4/Table SM2.1.png Graphic file (type png)
<use C:/Users/mdelacre/Documents/Github project/thesis/Chapitre 4/SupMat/SM2chp
4/Table SM2.1.png>
Package pdftex.def Info: C:/Users/mdelacre/Documents/Github project/thesis/Chap
itre 4/SupMat/SM2chp4/Table SM2.1.png  used on input line 1055.
(pdftex.def)             Requested size: 500.89293pt x 314.68925pt.
[65

 <c:/Users/mdelacre/Documents/Github project/thesis/Chapitre 4/SupMat/SM2chp4/T
able SM2.1.PNG>]
<C:/Users/mdelacre/Documents/Github project/thesis/Chapitre 4/SupMat/SM2chp4/Ta
ble SM2.2.png, id=589, 498.86375pt x 314.17375pt>
File: C:/Users/mdelacre/Documents/Github project/thesis/Chapitre 4/SupMat/SM2ch
p4/Table SM2.2.png Graphic file (type png)
<use C:/Users/mdelacre/Documents/Github project/thesis/Chapitre 4/SupMat/SM2chp
4/Table SM2.2.png>
Package pdftex.def Info: C:/Users/mdelacre/Documents/Github project/thesis/Chap
itre 4/SupMat/SM2chp4/Table SM2.2.png  used on input line 1067.
(pdftex.def)             Requested size: 498.87775pt x 314.18256pt.
[66


 <c:/Users/mdelacre/Documents/Github project/thesis/Chapitre 4/SupMat/SM2chp4/T
able SM2.2.PNG>]
<C:/Users/mdelacre/Documents/Github project/thesis/Chapitre 4/SupMat/SM2chp4/Ta
ble SM2.3.png, id=596, 497.86pt x 314.67563pt>
File: C:/Users/mdelacre/Documents/Github project/thesis/Chapitre 4/SupMat/SM2ch
p4/Table SM2.3.png Graphic file (type png)
<use C:/Users/mdelacre/Documents/Github project/thesis/Chapitre 4/SupMat/SM2chp
4/Table SM2.3.png>
Package pdftex.def Info: C:/Users/mdelacre/Documents/Github project/thesis/Chap
itre 4/SupMat/SM2chp4/Table SM2.3.png  used on input line 1079.
(pdftex.def)             Requested size: 497.86636pt x 314.67964pt.
[67


 <c:/Users/mdelacre/Documents/Github project/thesis/Chapitre 4/SupMat/SM2chp4/T
able SM2.3.PNG>]
<C:/Users/mdelacre/Documents/Github project/thesis/Chapitre 4/SupMat/SM2chp4/Ta
ble SM2.4.png, id=604, 498.86375pt x 314.17375pt>
File: C:/Users/mdelacre/Documents/Github project/thesis/Chapitre 4/SupMat/SM2ch
p4/Table SM2.4.png Graphic file (type png)
<use C:/Users/mdelacre/Documents/Github project/thesis/Chapitre 4/SupMat/SM2chp
4/Table SM2.4.png>
Package pdftex.def Info: C:/Users/mdelacre/Documents/Github project/thesis/Chap
itre 4/SupMat/SM2chp4/Table SM2.4.png  used on input line 1091.
(pdftex.def)             Requested size: 498.87775pt x 314.18256pt.
[68


 <c:/Users/mdelacre/Documents/Github project/thesis/Chapitre 4/SupMat/SM2chp4/T
able SM2.4.PNG>]
<C:/Users/mdelacre/Documents/Github project/thesis/Chapitre 4/SupMat/SM2chp4/Ta
ble SM2.5.png, id=611, 499.36563pt x 315.67938pt>
File: C:/Users/mdelacre/Documents/Github project/thesis/Chapitre 4/SupMat/SM2ch
p4/Table SM2.5.png Graphic file (type png)
<use C:/Users/mdelacre/Documents/Github project/thesis/Chapitre 4/SupMat/SM2chp
4/Table SM2.5.png>
Package pdftex.def Info: C:/Users/mdelacre/Documents/Github project/thesis/Chap
itre 4/SupMat/SM2chp4/Table SM2.5.png  used on input line 1103.
(pdftex.def)             Requested size: 499.37964pt x 315.68823pt.
[69


 <c:/Users/mdelacre/Documents/Github project/thesis/Chapitre 4/SupMat/SM2chp4/T
able SM2.5.PNG>]
<C:/Users/mdelacre/Documents/Github project/thesis/Chapitre 4/SupMat/SM2chp4/Ta
ble SM2.6.png, id=618, 498.86375pt x 314.17375pt>
File: C:/Users/mdelacre/Documents/Github project/thesis/Chapitre 4/SupMat/SM2ch
p4/Table SM2.6.png Graphic file (type png)
<use C:/Users/mdelacre/Documents/Github project/thesis/Chapitre 4/SupMat/SM2chp
4/Table SM2.6.png>
Package pdftex.def Info: C:/Users/mdelacre/Documents/Github project/thesis/Chap
itre 4/SupMat/SM2chp4/Table SM2.6.png  used on input line 1115.
(pdftex.def)             Requested size: 498.87775pt x 314.18256pt.
[70


 <c:/Users/mdelacre/Documents/Github project/thesis/Chapitre 4/SupMat/SM2chp4/T
able SM2.6.PNG>]
<C:/Users/mdelacre/Documents/Github project/thesis/Chapitre 4/SupMat/SM2chp4/Ta
ble SM2.7.png, id=625, 497.86pt x 314.17375pt>
File: C:/Users/mdelacre/Documents/Github project/thesis/Chapitre 4/SupMat/SM2ch
p4/Table SM2.7.png Graphic file (type png)
<use C:/Users/mdelacre/Documents/Github project/thesis/Chapitre 4/SupMat/SM2chp
4/Table SM2.7.png>
Package pdftex.def Info: C:/Users/mdelacre/Documents/Github project/thesis/Chap
itre 4/SupMat/SM2chp4/Table SM2.7.png  used on input line 1127.
(pdftex.def)             Requested size: 497.86636pt x 314.17776pt.
[71


 <c:/Users/mdelacre/Documents/Github project/thesis/Chapitre 4/SupMat/SM2chp4/T
able SM2.7.PNG>]
<C:/Users/mdelacre/Documents/Github project/thesis/Chapitre 4/SupMat/SM2chp4/Ta
ble SM2.8.png, id=632, 499.8675pt x 314.17375pt>
File: C:/Users/mdelacre/Documents/Github project/thesis/Chapitre 4/SupMat/SM2ch
p4/Table SM2.8.png Graphic file (type png)
<use C:/Users/mdelacre/Documents/Github project/thesis/Chapitre 4/SupMat/SM2chp
4/Table SM2.8.png>
Package pdftex.def Info: C:/Users/mdelacre/Documents/Github project/thesis/Chap
itre 4/SupMat/SM2chp4/Table SM2.8.png  used on input line 1139.
(pdftex.def)             Requested size: 499.88152pt x 314.18256pt.
[72


 <c:/Users/mdelacre/Documents/Github project/thesis/Chapitre 4/SupMat/SM2chp4/T
able SM2.8.PNG>] [73

] [74]
<C:/Users/mdelacre/Documents/Github project/thesis/Chapitre 4/SupMat/SM3chp4/Fi
gure SM3.1.png, id=653, 350.81062pt x 216.81pt>
File: C:/Users/mdelacre/Documents/Github project/thesis/Chapitre 4/SupMat/SM3ch
p4/Figure SM3.1.png Graphic file (type png)
<use C:/Users/mdelacre/Documents/Github project/thesis/Chapitre 4/SupMat/SM3chp
4/Figure SM3.1.png>
Package pdftex.def Info: C:/Users/mdelacre/Documents/Github project/thesis/Chap
itre 4/SupMat/SM3chp4/Figure SM3.1.png  used on input line 1203.
(pdftex.def)             Requested size: 350.8258pt x 216.81938pt.

LaTeX Warning: Reference `fig:pltSDHombalRskew' on page 75 undefined on input l
ine 1207.

[75 <c:/Users/mdelacre/Documents/Github project/thesis/Chapitre 4/SupMat/SM3chp
4/Figure SM3.1.png>]
<C:/Users/mdelacre/Documents/Github project/thesis/Chapitre 4/SupMat/SM3chp4/Fi
gure SM3.2.png, id=662, 350.81062pt x 216.81pt>
File: C:/Users/mdelacre/Documents/Github project/thesis/Chapitre 4/SupMat/SM3ch
p4/Figure SM3.2.png Graphic file (type png)
<use C:/Users/mdelacre/Documents/Github project/thesis/Chapitre 4/SupMat/SM3chp
4/Figure SM3.2.png>
Package pdftex.def Info: C:/Users/mdelacre/Documents/Github project/thesis/Chap
itre 4/SupMat/SM3chp4/Figure SM3.2.png  used on input line 1209.
(pdftex.def)             Requested size: 350.8258pt x 216.81938pt.
[76 <c:/Users/mdelacre/Documents/Github project/thesis/Chapitre 4/SupMat/SM3chp
4/Figure SM3.2.png>]
<C:/Users/mdelacre/Documents/Github project/thesis/Chapitre 4/SupMat/SM3chp4/Fi
gure SM3.3.png, id=668, 350.81062pt x 216.81pt>
File: C:/Users/mdelacre/Documents/Github project/thesis/Chapitre 4/SupMat/SM3ch
p4/Figure SM3.3.png Graphic file (type png)
<use C:/Users/mdelacre/Documents/Github project/thesis/Chapitre 4/SupMat/SM3chp
4/Figure SM3.3.png>
Package pdftex.def Info: C:/Users/mdelacre/Documents/Github project/thesis/Chap
itre 4/SupMat/SM3chp4/Figure SM3.3.png  used on input line 1217.
(pdftex.def)             Requested size: 350.8258pt x 216.81938pt.
[77 <c:/Users/mdelacre/Documents/Github project/thesis/Chapitre 4/SupMat/SM3chp
4/Figure SM3.3.png>]
<C:/Users/mdelacre/Documents/Github project/thesis/Chapitre 4/SupMat/SM3chp4/Fi
gure SM3.4.png, id=674, 350.81062pt x 216.81pt>
File: C:/Users/mdelacre/Documents/Github project/thesis/Chapitre 4/SupMat/SM3ch
p4/Figure SM3.4.png Graphic file (type png)
<use C:/Users/mdelacre/Documents/Github project/thesis/Chapitre 4/SupMat/SM3chp
4/Figure SM3.4.png>
Package pdftex.def Info: C:/Users/mdelacre/Documents/Github project/thesis/Chap
itre 4/SupMat/SM3chp4/Figure SM3.4.png  used on input line 1225.
(pdftex.def)             Requested size: 350.8258pt x 216.81938pt.
[78 <c:/Users/mdelacre/Documents/Github project/thesis/Chapitre 4/SupMat/SM3chp
4/Figure SM3.4.png>]
<C:/Users/mdelacre/Documents/Github project/thesis/Chapitre 4/SupMat/SM3chp4/Fi
gure SM3.5.png, id=680, 350.81062pt x 216.81pt>
File: C:/Users/mdelacre/Documents/Github project/thesis/Chapitre 4/SupMat/SM3ch
p4/Figure SM3.5.png Graphic file (type png)
<use C:/Users/mdelacre/Documents/Github project/thesis/Chapitre 4/SupMat/SM3chp
4/Figure SM3.5.png>
Package pdftex.def Info: C:/Users/mdelacre/Documents/Github project/thesis/Chap
itre 4/SupMat/SM3chp4/Figure SM3.5.png  used on input line 1233.
(pdftex.def)             Requested size: 350.8258pt x 216.81938pt.
[79 <c:/Users/mdelacre/Documents/Github project/thesis/Chapitre 4/SupMat/SM3chp
4/Figure SM3.5.png>]
<C:/Users/mdelacre/Documents/Github project/thesis/Chapitre 4/SupMat/SM3chp4/Fi
gure SM3.6.png, id=687, 497.60907pt x 307.52391pt>
File: C:/Users/mdelacre/Documents/Github project/thesis/Chapitre 4/SupMat/SM3ch
p4/Figure SM3.6.png Graphic file (type png)
<use C:/Users/mdelacre/Documents/Github project/thesis/Chapitre 4/SupMat/SM3chp
4/Figure SM3.6.png>
Package pdftex.def Info: C:/Users/mdelacre/Documents/Github project/thesis/Chap
itre 4/SupMat/SM3chp4/Figure SM3.6.png  used on input line 1246.
(pdftex.def)             Requested size: 469.76471pt x 290.316pt.

Overfull \hbox (24.00969pt too wide) in paragraph at lines 1246--1248
[][] 
 []

[80 <c:/Users/mdelacre/Documents/Github project/thesis/Chapitre 4/SupMat/SM3chp
4/Figure SM3.6.png>]
<C:/Users/mdelacre/Documents/Github project/thesis/Chapitre 4/SupMat/SM3chp4/Fi
gure SM3.7.png, id=694, 497.60907pt x 307.52391pt>
File: C:/Users/mdelacre/Documents/Github project/thesis/Chapitre 4/SupMat/SM3ch
p4/Figure SM3.7.png Graphic file (type png)
<use C:/Users/mdelacre/Documents/Github project/thesis/Chapitre 4/SupMat/SM3chp
4/Figure SM3.7.png>
Package pdftex.def Info: C:/Users/mdelacre/Documents/Github project/thesis/Chap
itre 4/SupMat/SM3chp4/Figure SM3.7.png  used on input line 1251.
(pdftex.def)             Requested size: 469.76471pt x 290.316pt.
[81 <c:/Users/mdelacre/Documents/Github project/thesis/Chapitre 4/SupMat/SM3chp
4/Figure SM3.7.png>]
<C:/Users/mdelacre/Documents/Github project/thesis/Chapitre 4/SupMat/SM3chp4/Fi
gure SM3.8.png, id=700, 497.60907pt x 307.52391pt>
File: C:/Users/mdelacre/Documents/Github project/thesis/Chapitre 4/SupMat/SM3ch
p4/Figure SM3.8.png Graphic file (type png)
<use C:/Users/mdelacre/Documents/Github project/thesis/Chapitre 4/SupMat/SM3chp
4/Figure SM3.8.png>
Package pdftex.def Info: C:/Users/mdelacre/Documents/Github project/thesis/Chap
itre 4/SupMat/SM3chp4/Figure SM3.8.png  used on input line 1258.
(pdftex.def)             Requested size: 469.76471pt x 290.316pt.

Overfull \hbox (24.00969pt too wide) in paragraph at lines 1258--1260
[][] 
 []

[82 <c:/Users/mdelacre/Documents/Github project/thesis/Chapitre 4/SupMat/SM3chp
4/Figure SM3.8.png>]
<C:/Users/mdelacre/Documents/Github project/thesis/Chapitre 4/SupMat/SM3chp4/Fi
gure SM3.9.png, id=706, 497.60907pt x 307.52391pt>
File: C:/Users/mdelacre/Documents/Github project/thesis/Chapitre 4/SupMat/SM3ch
p4/Figure SM3.9.png Graphic file (type png)
<use C:/Users/mdelacre/Documents/Github project/thesis/Chapitre 4/SupMat/SM3chp
4/Figure SM3.9.png>
Package pdftex.def Info: C:/Users/mdelacre/Documents/Github project/thesis/Chap
itre 4/SupMat/SM3chp4/Figure SM3.9.png  used on input line 1263.
(pdftex.def)             Requested size: 469.76471pt x 290.316pt.
<C:/Users/mdelacre/Documents/Github project/thesis/Chapitre 4/SupMat/SM3chp4/Fi
gure SM3.10.png, id=707, 497.60907pt x 307.52391pt>
File: C:/Users/mdelacre/Documents/Github project/thesis/Chapitre 4/SupMat/SM3ch
p4/Figure SM3.10.png Graphic file (type png)
<use C:/Users/mdelacre/Documents/Github project/thesis/Chapitre 4/SupMat/SM3chp
4/Figure SM3.10.png>
Package pdftex.def Info: C:/Users/mdelacre/Documents/Github project/thesis/Chap
itre 4/SupMat/SM3chp4/Figure SM3.10.png  used on input line 1271.
(pdftex.def)             Requested size: 469.76471pt x 290.316pt.

Overfull \hbox (24.00969pt too wide) in paragraph at lines 1271--1273
[][] 
 []


Underfull \vbox (badness 10000) has occurred while \output is active []

[83 <c:/Users/mdelacre/Documents/Github project/thesis/Chapitre 4/SupMat/SM3chp
4/Figure SM3.9.png>]
<C:/Users/mdelacre/Documents/Github project/thesis/Chapitre 4/SupMat/SM3chp4/Fi
gure SM3.11.png, id=713, 497.60907pt x 307.52391pt>
File: C:/Users/mdelacre/Documents/Github project/thesis/Chapitre 4/SupMat/SM3ch
p4/Figure SM3.11.png Graphic file (type png)
<use C:/Users/mdelacre/Documents/Github project/thesis/Chapitre 4/SupMat/SM3chp
4/Figure SM3.11.png>
Package pdftex.def Info: C:/Users/mdelacre/Documents/Github project/thesis/Chap
itre 4/SupMat/SM3chp4/Figure SM3.11.png  used on input line 1274.
(pdftex.def)             Requested size: 469.76471pt x 290.316pt.

Underfull \vbox (badness 10000) has occurred while \output is active []

[84 <c:/Users/mdelacre/Documents/Github project/thesis/Chapitre 4/SupMat/SM3chp
4/Figure SM3.10.png>] [85 <c:/Users/mdelacre/Documents/Github project/thesis/Ch
apitre 4/SupMat/SM3chp4/Figure SM3.11.png>]
<C:/Users/mdelacre/Documents/Github project/thesis/Chapitre 4/SupMat/SM3chp4/Fi
gure SM3.12.png, id=725, 497.60907pt x 307.52391pt>
File: C:/Users/mdelacre/Documents/Github project/thesis/Chapitre 4/SupMat/SM3ch
p4/Figure SM3.12.png Graphic file (type png)
<use C:/Users/mdelacre/Documents/Github project/thesis/Chapitre 4/SupMat/SM3chp
4/Figure SM3.12.png>
Package pdftex.def Info: C:/Users/mdelacre/Documents/Github project/thesis/Chap
itre 4/SupMat/SM3chp4/Figure SM3.12.png  used on input line 1328.
(pdftex.def)             Requested size: 469.76471pt x 290.316pt.

Underfull \vbox (badness 10000) has occurred while \output is active []

[86] [87 <c:/Users/mdelacre/Documents/Github project/thesis/Chapitre 4/SupMat/S
M3chp4/Figure SM3.12.png>]
<C:/Users/mdelacre/Documents/Github project/thesis/Chapitre 4/SupMat/SM3chp4/Fi
gure SM3.13.png, id=737, 497.60907pt x 307.52391pt>
File: C:/Users/mdelacre/Documents/Github project/thesis/Chapitre 4/SupMat/SM3ch
p4/Figure SM3.13.png Graphic file (type png)
<use C:/Users/mdelacre/Documents/Github project/thesis/Chapitre 4/SupMat/SM3chp
4/Figure SM3.13.png>
Package pdftex.def Info: C:/Users/mdelacre/Documents/Github project/thesis/Chap
itre 4/SupMat/SM3chp4/Figure SM3.13.png  used on input line 1333.
(pdftex.def)             Requested size: 469.76471pt x 290.316pt.
[88 <c:/Users/mdelacre/Documents/Github project/thesis/Chapitre 4/SupMat/SM3chp
4/Figure SM3.13.png>]
<C:/Users/mdelacre/Documents/Github project/thesis/Chapitre 4/SupMat/SM3chp4/Fi
gure SM3.14.png, id=743, 497.60907pt x 307.52391pt>
File: C:/Users/mdelacre/Documents/Github project/thesis/Chapitre 4/SupMat/SM3ch
p4/Figure SM3.14.png Graphic file (type png)
<use C:/Users/mdelacre/Documents/Github project/thesis/Chapitre 4/SupMat/SM3chp
4/Figure SM3.14.png>
Package pdftex.def Info: C:/Users/mdelacre/Documents/Github project/thesis/Chap
itre 4/SupMat/SM3chp4/Figure SM3.14.png  used on input line 1338.
(pdftex.def)             Requested size: 469.76471pt x 290.316pt.
[89 <c:/Users/mdelacre/Documents/Github project/thesis/Chapitre 4/SupMat/SM3chp
4/Figure SM3.14.png>]
<C:/Users/mdelacre/Documents/Github project/thesis/Chapitre 4/SupMat/SM3chp4/Fi
gure SM3.15.png, id=749, 497.60907pt x 307.52391pt>
File: C:/Users/mdelacre/Documents/Github project/thesis/Chapitre 4/SupMat/SM3ch
p4/Figure SM3.15.png Graphic file (type png)
<use C:/Users/mdelacre/Documents/Github project/thesis/Chapitre 4/SupMat/SM3chp
4/Figure SM3.15.png>
Package pdftex.def Info: C:/Users/mdelacre/Documents/Github project/thesis/Chap
itre 4/SupMat/SM3chp4/Figure SM3.15.png  used on input line 1343.
(pdftex.def)             Requested size: 469.76471pt x 290.316pt.
[90 <c:/Users/mdelacre/Documents/Github project/thesis/Chapitre 4/SupMat/SM3chp
4/Figure SM3.15.png>]
<C:/Users/mdelacre/Documents/Github project/thesis/Chapitre 4/SupMat/SM3chp4/Fi
gure SM3.16.png, id=755, 497.60907pt x 307.52391pt>
File: C:/Users/mdelacre/Documents/Github project/thesis/Chapitre 4/SupMat/SM3ch
p4/Figure SM3.16.png Graphic file (type png)
<use C:/Users/mdelacre/Documents/Github project/thesis/Chapitre 4/SupMat/SM3chp
4/Figure SM3.16.png>
Package pdftex.def Info: C:/Users/mdelacre/Documents/Github project/thesis/Chap
itre 4/SupMat/SM3chp4/Figure SM3.16.png  used on input line 1350.
(pdftex.def)             Requested size: 469.76471pt x 290.316pt.

Overfull \hbox (24.00969pt too wide) in paragraph at lines 1350--1352
[][] 
 []

[91 <c:/Users/mdelacre/Documents/Github project/thesis/Chapitre 4/SupMat/SM3chp
4/Figure SM3.16.png>]
<C:/Users/mdelacre/Documents/Github project/thesis/Chapitre 4/SupMat/SM3chp4/Fi
gure SM3.17.png, id=762, 497.60907pt x 307.52391pt>
File: C:/Users/mdelacre/Documents/Github project/thesis/Chapitre 4/SupMat/SM3ch
p4/Figure SM3.17.png Graphic file (type png)
<use C:/Users/mdelacre/Documents/Github project/thesis/Chapitre 4/SupMat/SM3chp
4/Figure SM3.17.png>
Package pdftex.def Info: C:/Users/mdelacre/Documents/Github project/thesis/Chap
itre 4/SupMat/SM3chp4/Figure SM3.17.png  used on input line 1355.
(pdftex.def)             Requested size: 469.76471pt x 290.316pt.

Overfull \hbox (24.00969pt too wide) in paragraph at lines 1355--1357
[][] 
 []

[92 <c:/Users/mdelacre/Documents/Github project/thesis/Chapitre 4/SupMat/SM3chp
4/Figure SM3.17.png>] [93] [94]
<C:/Users/mdelacre/Documents/Github project/thesis/Chapitre 4/SupMat/SM4chp4/Fi
gure SM4.1.png, id=779, 398.99063pt x 246.5461pt>
File: C:/Users/mdelacre/Documents/Github project/thesis/Chapitre 4/SupMat/SM4ch
p4/Figure SM4.1.png Graphic file (type png)
<use C:/Users/mdelacre/Documents/Github project/thesis/Chapitre 4/SupMat/SM4chp
4/Figure SM4.1.png>
Package pdftex.def Info: C:/Users/mdelacre/Documents/Github project/thesis/Chap
itre 4/SupMat/SM4chp4/Figure SM4.1.png  used on input line 1412.
(pdftex.def)             Requested size: 399.0079pt x 246.55676pt.
AED endfloat: Processing end Figures and Tables [95 <c:/Users/mdelacre/Document
s/Github project/thesis/Chapitre 4/SupMat/SM4chp4/Figure SM4.1.png>] (./SupMat.
aux)

LaTeX Warning: There were undefined references.

Package rerunfilecheck Info: File `SupMat.out' has not changed.
(rerunfilecheck)             Checksum: 21F3D0F0A8458C801D75843409D35522;6931.
 ) 
Here is how much of TeX's memory you used:
 15578 strings out of 480539
 282732 string characters out of 5900884
 573940 words of memory out of 5000000
 32619 multiletter control sequences out of 15000+600000
 442544 words of font info for 61 fonts, out of 8000000 for 9000
 14 hyphenation exceptions out of 8191
 72i,12n,80p,2245b,512s stack positions out of 5000i,500n,10000p,200000b,80000s
{c:/Users/mdelacre/AppData/Roaming/TinyTeX/texmf-dist/fonts/enc/dvips/lm/lm-r
m.enc}{c:/Users/mdelacre/AppData/Roaming/TinyTeX/texmf-dist/fonts/enc/dvips/lm/
lm-mathit.enc}{c:/Users/mdelacre/AppData/Roaming/TinyTeX/texmf-dist/fonts/enc/d
vips/lm/lm-mathsy.enc}{c:/Users/mdelacre/AppData/Roaming/TinyTeX/texmf-dist/fon
ts/enc/dvips/lm/lm-ec.enc}{c:/Users/mdelacre/AppData/Roaming/TinyTeX/texmf-dist
/fonts/enc/dvips/lm/lm-ts1.enc}{c:/Users/mdelacre/AppData/Roaming/TinyTeX/texmf
-dist/fonts/enc/dvips/lm/lm-mathex.enc}<c:/Users/mdelacre/AppData/Roaming/TinyT
eX/texmf-dist/fonts/type1/public/lm/lmbsy10.pfb><c:/Users/mdelacre/AppData/Roam
ing/TinyTeX/texmf-dist/fonts/type1/public/lm/lmbx12.pfb><c:/Users/mdelacre/AppD
ata/Roaming/TinyTeX/texmf-dist/fonts/type1/public/lm/lmbx8.pfb><c:/Users/mdelac
re/AppData/Roaming/TinyTeX/texmf-dist/fonts/type1/public/lm/lmbxi10.pfb><c:/Use
rs/mdelacre/AppData/Roaming/TinyTeX/texmf-dist/fonts/type1/public/lm/lmex10.pfb
><c:/Users/mdelacre/AppData/Roaming/TinyTeX/texmf-dist/fonts/type1/public/lm/lm
mi12.pfb><c:/Users/mdelacre/AppData/Roaming/TinyTeX/texmf-dist/fonts/type1/publ
ic/lm/lmmi6.pfb><c:/Users/mdelacre/AppData/Roaming/TinyTeX/texmf-dist/fonts/typ
e1/public/lm/lmmi8.pfb><c:/Users/mdelacre/AppData/Roaming/TinyTeX/texmf-dist/fo
nts/type1/public/lm/lmmib10.pfb><c:/Users/mdelacre/AppData/Roaming/TinyTeX/texm
f-dist/fonts/type1/public/lm/lmr12.pfb><c:/Users/mdelacre/AppData/Roaming/TinyT
eX/texmf-dist/fonts/type1/public/lm/lmr6.pfb><c:/Users/mdelacre/AppData/Roaming
/TinyTeX/texmf-dist/fonts/type1/public/lm/lmr8.pfb><c:/Users/mdelacre/AppData/R
oaming/TinyTeX/texmf-dist/fonts/type1/public/lm/lmri12.pfb><c:/Users/mdelacre/A
ppData/Roaming/TinyTeX/texmf-dist/fonts/type1/public/lm/lmsy10.pfb><c:/Users/md
elacre/AppData/Roaming/TinyTeX/texmf-dist/fonts/type1/public/lm/lmsy6.pfb><c:/U
sers/mdelacre/AppData/Roaming/TinyTeX/texmf-dist/fonts/type1/public/lm/lmsy8.pf
b>
Output written on SupMat.pdf (95 pages, 1359363 bytes).
PDF statistics:
 920 PDF objects out of 1000 (max. 8388607)
 627 compressed objects within 7 object streams
 234 named destinations out of 1000 (max. 500000)
 570 words of extra memory for PDF output out of 10000 (max. 10000000)

