This is pdfTeX, Version 3.141592653-2.6-1.40.23 (TeX Live 2021/W32TeX) (preloaded format=pdflatex 2021.10.29)  30 OCT 2021 21:21
entering extended mode
 restricted \write18 enabled.
 %&-line parsing enabled.
**SupMat1.tex
(./SupMat1.tex
LaTeX2e <2021-06-01> patch level 1
L3 programming layer <2021-10-18> (c:/Users/mdelacre/AppData/Roaming/TinyTeX/te
xmf-dist/tex/latex/apa6/apa6.cls
Document Class: apa6 2020/01/13 v2.34 APA formatting (6th edition)

(c:/Users/mdelacre/AppData/Roaming/TinyTeX/texmf-dist/tex/latex/base/article.cl
s
Document Class: article 2021/02/12 v1.4n Standard LaTeX document class

(c:/Users/mdelacre/AppData/Roaming/TinyTeX/texmf-dist/tex/latex/base/size12.clo
File: size12.clo 2021/02/12 v1.4n Standard LaTeX file (size option)
)
\c@part=\count182
\c@section=\count183
\c@subsection=\count184
\c@subsubsection=\count185
\c@paragraph=\count186
\c@subparagraph=\count187
\c@figure=\count188
\c@table=\count189
\abovecaptionskip=\skip47
\belowcaptionskip=\skip48
\bibindent=\dimen138
)
(c:/Users/mdelacre/AppData/Roaming/TinyTeX/texmf-dist/tex/latex/etoolbox/etoolb
ox.sty
Package: etoolbox 2020/10/05 v2.5k e-TeX tools for LaTeX (JAW)
\etb@tempcnta=\count190
)
Class apa6 Info: No bibliography package was specified; defaulting to (but not 
loading) Biblatex on input line 213.
(c:/Users/mdelacre/AppData/Roaming/TinyTeX/texmf-dist/tex/latex/lm/lmodern.sty
Package: lmodern 2015/05/01 v1.6.1 Latin Modern Fonts
LaTeX Font Info:    Overwriting symbol font `operators' in version `normal'
(Font)                  OT1/cmr/m/n --> OT1/lmr/m/n on input line 22.
LaTeX Font Info:    Overwriting symbol font `letters' in version `normal'
(Font)                  OML/cmm/m/it --> OML/lmm/m/it on input line 23.
LaTeX Font Info:    Overwriting symbol font `symbols' in version `normal'
(Font)                  OMS/cmsy/m/n --> OMS/lmsy/m/n on input line 24.
LaTeX Font Info:    Overwriting symbol font `largesymbols' in version `normal'
(Font)                  OMX/cmex/m/n --> OMX/lmex/m/n on input line 25.
LaTeX Font Info:    Overwriting symbol font `operators' in version `bold'
(Font)                  OT1/cmr/bx/n --> OT1/lmr/bx/n on input line 26.
LaTeX Font Info:    Overwriting symbol font `letters' in version `bold'
(Font)                  OML/cmm/b/it --> OML/lmm/b/it on input line 27.
LaTeX Font Info:    Overwriting symbol font `symbols' in version `bold'
(Font)                  OMS/cmsy/b/n --> OMS/lmsy/b/n on input line 28.
LaTeX Font Info:    Overwriting symbol font `largesymbols' in version `bold'
(Font)                  OMX/cmex/m/n --> OMX/lmex/m/n on input line 29.
LaTeX Font Info:    Overwriting math alphabet `\mathbf' in version `normal'
(Font)                  OT1/cmr/bx/n --> OT1/lmr/bx/n on input line 31.
LaTeX Font Info:    Overwriting math alphabet `\mathsf' in version `normal'
(Font)                  OT1/cmss/m/n --> OT1/lmss/m/n on input line 32.
LaTeX Font Info:    Overwriting math alphabet `\mathit' in version `normal'
(Font)                  OT1/cmr/m/it --> OT1/lmr/m/it on input line 33.
LaTeX Font Info:    Overwriting math alphabet `\mathtt' in version `normal'
(Font)                  OT1/cmtt/m/n --> OT1/lmtt/m/n on input line 34.
LaTeX Font Info:    Overwriting math alphabet `\mathbf' in version `bold'
(Font)                  OT1/cmr/bx/n --> OT1/lmr/bx/n on input line 35.
LaTeX Font Info:    Overwriting math alphabet `\mathsf' in version `bold'
(Font)                  OT1/cmss/bx/n --> OT1/lmss/bx/n on input line 36.
LaTeX Font Info:    Overwriting math alphabet `\mathit' in version `bold'
(Font)                  OT1/cmr/bx/it --> OT1/lmr/bx/it on input line 37.
LaTeX Font Info:    Overwriting math alphabet `\mathtt' in version `bold'
(Font)                  OT1/cmtt/m/n --> OT1/lmtt/m/n on input line 38.
)
(c:/Users/mdelacre/AppData/Roaming/TinyTeX/texmf-dist/tex/latex/base/fontenc.st
y
Package: fontenc 2021/04/29 v2.0v Standard LaTeX package
LaTeX Font Info:    Trying to load font information for T1+lmr on input line 11
2.
(c:/Users/mdelacre/AppData/Roaming/TinyTeX/texmf-dist/tex/latex/lm/t1lmr.fd
File: t1lmr.fd 2015/05/01 v1.6.1 Font defs for Latin Modern
))
(c:/Users/mdelacre/AppData/Roaming/TinyTeX/texmf-dist/tex/latex/geometry/geomet
ry.sty
Package: geometry 2020/01/02 v5.9 Page Geometry

(c:/Users/mdelacre/AppData/Roaming/TinyTeX/texmf-dist/tex/latex/graphics/keyval
.sty
Package: keyval 2014/10/28 v1.15 key=value parser (DPC)
\KV@toks@=\toks16
)
(c:/Users/mdelacre/AppData/Roaming/TinyTeX/texmf-dist/tex/generic/iftex/ifvtex.
sty
Package: ifvtex 2019/10/25 v1.7 ifvtex legacy package. Use iftex instead.

(c:/Users/mdelacre/AppData/Roaming/TinyTeX/texmf-dist/tex/generic/iftex/iftex.s
ty
Package: iftex 2020/03/06 v1.0d TeX engine tests
))
\Gm@cnth=\count191
\Gm@cntv=\count192
\c@Gm@tempcnt=\count193
\Gm@bindingoffset=\dimen139
\Gm@wd@mp=\dimen140
\Gm@odd@mp=\dimen141
\Gm@even@mp=\dimen142
\Gm@layoutwidth=\dimen143
\Gm@layoutheight=\dimen144
\Gm@layouthoffset=\dimen145
\Gm@layoutvoffset=\dimen146
\Gm@dimlist=\toks17
)
(c:/Users/mdelacre/AppData/Roaming/TinyTeX/texmf-dist/tex/latex/graphics/graphi
cx.sty
Package: graphicx 2020/12/05 v1.2c Enhanced LaTeX Graphics (DPC,SPQR)

(c:/Users/mdelacre/AppData/Roaming/TinyTeX/texmf-dist/tex/latex/graphics/graphi
cs.sty
Package: graphics 2021/03/04 v1.4d Standard LaTeX Graphics (DPC,SPQR)

(c:/Users/mdelacre/AppData/Roaming/TinyTeX/texmf-dist/tex/latex/graphics/trig.s
ty
Package: trig 2016/01/03 v1.10 sin cos tan (DPC)
)
(c:/Users/mdelacre/AppData/Roaming/TinyTeX/texmf-dist/tex/latex/graphics-cfg/gr
aphics.cfg
File: graphics.cfg 2016/06/04 v1.11 sample graphics configuration
)
Package graphics Info: Driver file: pdftex.def on input line 107.

(c:/Users/mdelacre/AppData/Roaming/TinyTeX/texmf-dist/tex/latex/graphics-def/pd
ftex.def
File: pdftex.def 2020/10/05 v1.2a Graphics/color driver for pdftex
))
\Gin@req@height=\dimen147
\Gin@req@width=\dimen148
)
(c:/Users/mdelacre/AppData/Roaming/TinyTeX/texmf-dist/tex/latex/booktabs/bookta
bs.sty
Package: booktabs 2020/01/12 v1.61803398 Publication quality tables
\heavyrulewidth=\dimen149
\lightrulewidth=\dimen150
\cmidrulewidth=\dimen151
\belowrulesep=\dimen152
\belowbottomsep=\dimen153
\aboverulesep=\dimen154
\abovetopsep=\dimen155
\cmidrulesep=\dimen156
\cmidrulekern=\dimen157
\defaultaddspace=\dimen158
\@cmidla=\count194
\@cmidlb=\count195
\@aboverulesep=\dimen159
\@belowrulesep=\dimen160
\@thisruleclass=\count196
\@lastruleclass=\count197
\@thisrulewidth=\dimen161
)
(c:/Users/mdelacre/AppData/Roaming/TinyTeX/texmf-dist/tex/latex/threeparttable/
threeparttable.sty
Package: threeparttable 2003/06/13  v 3.0
\@tempboxb=\box50
)
(c:/Users/mdelacre/AppData/Roaming/TinyTeX/texmf-dist/tex/latex/substr/substr.s
ty
Package: substr 2009/10/20 v1.2 Handle substrings
\c@su@anzahl=\count198
)
\c@maskedRefs=\count199
\b@level@one@skip=\skip49
\e@level@one@skip=\skip50
\b@level@two@skip=\skip51
\e@level@two@skip=\skip52
\b@level@three@skip=\skip53
\e@level@three@skip=\skip54
\b@level@four@skip=\skip55
\e@level@four@skip=\skip56
\b@level@five@skip=\skip57
\e@level@five@skip=\skip58

(c:/Users/mdelacre/AppData/Roaming/TinyTeX/texmf-dist/tex/latex/caption/caption
.sty
Package: caption 2020/10/26 v3.5g Customizing captions (AR)

(c:/Users/mdelacre/AppData/Roaming/TinyTeX/texmf-dist/tex/latex/caption/caption
3.sty
Package: caption3 2020/10/21 v2.2e caption3 kernel (AR)
\captionmargin=\dimen162
\captionmargin@=\dimen163
\captionwidth=\dimen164
\caption@tempdima=\dimen165
\caption@indent=\dimen166
\caption@parindent=\dimen167
\caption@hangindent=\dimen168
Package caption Info: Standard document class detected.
)
\c@caption@flags=\count266
\c@continuedfloat=\count267
Package caption Info: threeparttable package is loaded.
)
\c@APAenum=\count268
\@text@par@indent=\skip59
\gr@box=\box51
\gr@boxwidth=\skip60
\gr@boxheight=\skip61
(c:/Users/mdelacre/AppData/Roaming/TinyTeX/texmf-dist/tex/latex/tools/bm.sty
Package: bm 2021/04/25 v1.2e Bold Symbol Support (DPC/FMi)
\symboldoperators=\mathgroup4
\symboldletters=\mathgroup5
\symboldsymbols=\mathgroup6
Package bm Info: No bold for \OMX/lmex/m/n, using \pmb.
LaTeX Font Info:    Redeclaring math alphabet \mathbf on input line 149.
)
\c@appendix=\count269

(c:/Users/mdelacre/AppData/Roaming/TinyTeX/texmf-dist/tex/latex/fancyhdr/fancyh
dr.sty
Package: fancyhdr 2021/01/28 v4.0.1 Extensive control of page headers and foote
rs
\f@nch@headwidth=\skip62
\f@nch@O@elh=\skip63
\f@nch@O@erh=\skip64
\f@nch@O@olh=\skip65
\f@nch@O@orh=\skip66
\f@nch@O@elf=\skip67
\f@nch@O@erf=\skip68
\f@nch@O@olf=\skip69
\f@nch@O@orf=\skip70
)
(c:/Users/mdelacre/AppData/Roaming/TinyTeX/texmf-dist/tex/latex/endfloat/endflo
at.sty
Package: endfloat 2019/04/15 v2.7 LaTeX2e package puts figures and tables at en
d (jdm)
\c@posttable=\count270
\efloat@postttt=\write3
\@ef@tttopen=\count271
\c@postfigure=\count272
\efloat@postfff=\write4
\@ef@fffopen=\count273
))
(c:/Users/mdelacre/AppData/Roaming/TinyTeX/texmf-dist/tex/latex/amsmath/amsmath
.sty
Package: amsmath 2021/04/20 v2.17j AMS math features
\@mathmargin=\skip71
For additional information on amsmath, use the `?' option.

(c:/Users/mdelacre/AppData/Roaming/TinyTeX/texmf-dist/tex/latex/amsmath/amstext
.sty
Package: amstext 2000/06/29 v2.01 AMS text

(c:/Users/mdelacre/AppData/Roaming/TinyTeX/texmf-dist/tex/latex/amsmath/amsgen.
sty
File: amsgen.sty 1999/11/30 v2.0 generic functions
\@emptytoks=\toks18
\ex@=\dimen169
))
(c:/Users/mdelacre/AppData/Roaming/TinyTeX/texmf-dist/tex/latex/amsmath/amsbsy.
sty
Package: amsbsy 1999/11/29 v1.2d Bold Symbols
LaTeX Info: Redefining \boldsymbol on input line 28.
\pmbraise@=\dimen170
)
(c:/Users/mdelacre/AppData/Roaming/TinyTeX/texmf-dist/tex/latex/amsmath/amsopn.
sty
Package: amsopn 2016/03/08 v2.02 operator names
)
\inf@bad=\count274
LaTeX Info: Redefining \frac on input line 234.
\uproot@=\count275
\leftroot@=\count276
LaTeX Info: Redefining \overline on input line 399.
\classnum@=\count277
\DOTSCASE@=\count278
LaTeX Info: Redefining \ldots on input line 496.
LaTeX Info: Redefining \dots on input line 499.
LaTeX Info: Redefining \cdots on input line 620.
\Mathstrutbox@=\box52
\strutbox@=\box53
\big@size=\dimen171
LaTeX Font Info:    Redeclaring font encoding OML on input line 743.
LaTeX Font Info:    Redeclaring font encoding OMS on input line 744.
\macc@depth=\count279
\c@MaxMatrixCols=\count280
\dotsspace@=\muskip16
\c@parentequation=\count281
\dspbrk@lvl=\count282
\tag@help=\toks19
\row@=\count283
\column@=\count284
\maxfields@=\count285
\andhelp@=\toks20
\eqnshift@=\dimen172
\alignsep@=\dimen173
\tagshift@=\dimen174
\tagwidth@=\dimen175
\totwidth@=\dimen176
\lineht@=\dimen177
\@envbody=\toks21
\multlinegap=\skip72
\multlinetaggap=\skip73
\mathdisplay@stack=\toks22
LaTeX Info: Redefining \[ on input line 2923.
LaTeX Info: Redefining \] on input line 2924.
)
(c:/Users/mdelacre/AppData/Roaming/TinyTeX/texmf-dist/tex/latex/amsfonts/amssym
b.sty
Package: amssymb 2013/01/14 v3.01 AMS font symbols

(c:/Users/mdelacre/AppData/Roaming/TinyTeX/texmf-dist/tex/latex/amsfonts/amsfon
ts.sty
Package: amsfonts 2013/01/14 v3.01 Basic AMSFonts support
\symAMSa=\mathgroup7
\symAMSb=\mathgroup8
LaTeX Font Info:    Redeclaring math symbol \hbar on input line 98.
LaTeX Font Info:    Overwriting math alphabet `\mathfrak' in version `bold'
(Font)                  U/euf/m/n --> U/euf/b/n on input line 106.
))
(c:/Users/mdelacre/AppData/Roaming/TinyTeX/texmf-dist/tex/latex/base/fontenc.st
y
Package: fontenc 2021/04/29 v2.0v Standard LaTeX package
)
(c:/Users/mdelacre/AppData/Roaming/TinyTeX/texmf-dist/tex/latex/base/inputenc.s
ty
Package: inputenc 2021/02/14 v1.3d Input encoding file
\inpenc@prehook=\toks23
\inpenc@posthook=\toks24
)
(c:/Users/mdelacre/AppData/Roaming/TinyTeX/texmf-dist/tex/latex/base/textcomp.s
ty
Package: textcomp 2020/02/02 v2.0n Standard LaTeX package
)
(c:/Users/mdelacre/AppData/Roaming/TinyTeX/texmf-dist/tex/latex/xcolor/xcolor.s
ty
Package: xcolor 2016/05/11 v2.12 LaTeX color extensions (UK)

(c:/Users/mdelacre/AppData/Roaming/TinyTeX/texmf-dist/tex/latex/graphics-cfg/co
lor.cfg
File: color.cfg 2016/01/02 v1.6 sample color configuration
)
Package xcolor Info: Driver file: pdftex.def on input line 225.
Package xcolor Info: Model `cmy' substituted by `cmy0' on input line 1348.
Package xcolor Info: Model `hsb' substituted by `rgb' on input line 1352.
Package xcolor Info: Model `RGB' extended on input line 1364.
Package xcolor Info: Model `HTML' substituted by `rgb' on input line 1366.
Package xcolor Info: Model `Hsb' substituted by `hsb' on input line 1367.
Package xcolor Info: Model `tHsb' substituted by `hsb' on input line 1368.
Package xcolor Info: Model `HSB' substituted by `hsb' on input line 1369.
Package xcolor Info: Model `Gray' substituted by `gray' on input line 1370.
Package xcolor Info: Model `wave' substituted by `hsb' on input line 1371.
)
(c:/Users/mdelacre/AppData/Roaming/TinyTeX/texmf-dist/tex/latex/hyperref/hyperr
ef.sty
Package: hyperref 2021-06-07 v7.00m Hypertext links for LaTeX

(c:/Users/mdelacre/AppData/Roaming/TinyTeX/texmf-dist/tex/generic/ltxcmds/ltxcm
ds.sty
Package: ltxcmds 2020-05-10 v1.25 LaTeX kernel commands for general use (HO)
)
(c:/Users/mdelacre/AppData/Roaming/TinyTeX/texmf-dist/tex/generic/pdftexcmds/pd
ftexcmds.sty
Package: pdftexcmds 2020-06-27 v0.33 Utility functions of pdfTeX for LuaTeX (HO
)

(c:/Users/mdelacre/AppData/Roaming/TinyTeX/texmf-dist/tex/generic/infwarerr/inf
warerr.sty
Package: infwarerr 2019/12/03 v1.5 Providing info/warning/error messages (HO)
)
Package pdftexcmds Info: \pdf@primitive is available.
Package pdftexcmds Info: \pdf@ifprimitive is available.
Package pdftexcmds Info: \pdfdraftmode found.
)
(c:/Users/mdelacre/AppData/Roaming/TinyTeX/texmf-dist/tex/generic/kvsetkeys/kvs
etkeys.sty
Package: kvsetkeys 2019/12/15 v1.18 Key value parser (HO)
)
(c:/Users/mdelacre/AppData/Roaming/TinyTeX/texmf-dist/tex/generic/kvdefinekeys/
kvdefinekeys.sty
Package: kvdefinekeys 2019-12-19 v1.6 Define keys (HO)
)
(c:/Users/mdelacre/AppData/Roaming/TinyTeX/texmf-dist/tex/generic/pdfescape/pdf
escape.sty
Package: pdfescape 2019/12/09 v1.15 Implements pdfTeX's escape features (HO)
)
(c:/Users/mdelacre/AppData/Roaming/TinyTeX/texmf-dist/tex/latex/hycolor/hycolor
.sty
Package: hycolor 2020-01-27 v1.10 Color options for hyperref/bookmark (HO)
)
(c:/Users/mdelacre/AppData/Roaming/TinyTeX/texmf-dist/tex/latex/letltxmacro/let
ltxmacro.sty
Package: letltxmacro 2019/12/03 v1.6 Let assignment for LaTeX macros (HO)
)
(c:/Users/mdelacre/AppData/Roaming/TinyTeX/texmf-dist/tex/latex/auxhook/auxhook
.sty
Package: auxhook 2019-12-17 v1.6 Hooks for auxiliary files (HO)
)
(c:/Users/mdelacre/AppData/Roaming/TinyTeX/texmf-dist/tex/latex/kvoptions/kvopt
ions.sty
Package: kvoptions 2020-10-07 v3.14 Key value format for package options (HO)
)
\@linkdim=\dimen178
\Hy@linkcounter=\count286
\Hy@pagecounter=\count287

(c:/Users/mdelacre/AppData/Roaming/TinyTeX/texmf-dist/tex/latex/hyperref/pd1enc
.def
File: pd1enc.def 2021-06-07 v7.00m Hyperref: PDFDocEncoding definition (HO)
Now handling font encoding PD1 ...
... no UTF-8 mapping file for font encoding PD1
)
(c:/Users/mdelacre/AppData/Roaming/TinyTeX/texmf-dist/tex/latex/hyperref/hyperr
ef-langpatches.def
File: hyperref-langpatches.def 2021-06-07 v7.00m Hyperref: patches for babel la
nguages
)
(c:/Users/mdelacre/AppData/Roaming/TinyTeX/texmf-dist/tex/generic/intcalc/intca
lc.sty
Package: intcalc 2019/12/15 v1.3 Expandable calculations with integers (HO)
)
(c:/Users/mdelacre/AppData/Roaming/TinyTeX/texmf-dist/tex/generic/etexcmds/etex
cmds.sty
Package: etexcmds 2019/12/15 v1.7 Avoid name clashes with e-TeX commands (HO)
)
\Hy@SavedSpaceFactor=\count288

(c:/Users/mdelacre/AppData/Roaming/TinyTeX/texmf-dist/tex/latex/hyperref/puenc.
def
File: puenc.def 2021-06-07 v7.00m Hyperref: PDF Unicode definition (HO)
Now handling font encoding PU ...
... no UTF-8 mapping file for font encoding PU
)
Package hyperref Info: Option `unicode' set `true' on input line 4073.
Package hyperref Info: Hyper figures OFF on input line 4192.
Package hyperref Info: Link nesting OFF on input line 4197.
Package hyperref Info: Hyper index ON on input line 4200.
Package hyperref Info: Plain pages OFF on input line 4207.
Package hyperref Info: Backreferencing OFF on input line 4212.
Package hyperref Info: Implicit mode ON; LaTeX internals redefined.
Package hyperref Info: Bookmarks ON on input line 4445.
\c@Hy@tempcnt=\count289
(c:/Users/mdelacre/AppData/Roaming/TinyTeX/texmf-dist/tex/latex/url/url.sty
\Urlmuskip=\muskip17
Package: url 2013/09/16  ver 3.4  Verb mode for urls, etc.
)
LaTeX Info: Redefining \url on input line 4804.
\XeTeXLinkMargin=\dimen179

(c:/Users/mdelacre/AppData/Roaming/TinyTeX/texmf-dist/tex/generic/bitset/bitset
.sty
Package: bitset 2019/12/09 v1.3 Handle bit-vector datatype (HO)

(c:/Users/mdelacre/AppData/Roaming/TinyTeX/texmf-dist/tex/generic/bigintcalc/bi
gintcalc.sty
Package: bigintcalc 2019/12/15 v1.5 Expandable calculations on big integers (HO
)
))
\Fld@menulength=\count290
\Field@Width=\dimen180
\Fld@charsize=\dimen181
Package hyperref Info: Hyper figures OFF on input line 6076.
Package hyperref Info: Link nesting OFF on input line 6081.
Package hyperref Info: Hyper index ON on input line 6084.
Package hyperref Info: backreferencing OFF on input line 6091.
Package hyperref Info: Link coloring OFF on input line 6096.
Package hyperref Info: Link coloring with OCG OFF on input line 6101.
Package hyperref Info: PDF/A mode OFF on input line 6106.
LaTeX Info: Redefining \ref on input line 6146.
LaTeX Info: Redefining \pageref on input line 6150.

(c:/Users/mdelacre/AppData/Roaming/TinyTeX/texmf-dist/tex/latex/base/atbegshi-l
tx.sty
Package: atbegshi-ltx 2021/01/10 v1.0c Emulation of the original atbegshi
package with kernel methods
)
\Hy@abspage=\count291
\c@Item=\count292
\c@Hfootnote=\count293
)
Package hyperref Info: Driver (autodetected): hpdftex.

(c:/Users/mdelacre/AppData/Roaming/TinyTeX/texmf-dist/tex/latex/hyperref/hpdfte
x.def
File: hpdftex.def 2021-06-07 v7.00m Hyperref driver for pdfTeX

(c:/Users/mdelacre/AppData/Roaming/TinyTeX/texmf-dist/tex/latex/base/atveryend-
ltx.sty
Package: atveryend-ltx 2020/08/19 v1.0a Emulation of the original atvery packag
e
with kernel methods
)
\Fld@listcount=\count294
\c@bookmark@seq@number=\count295

(c:/Users/mdelacre/AppData/Roaming/TinyTeX/texmf-dist/tex/latex/rerunfilecheck/
rerunfilecheck.sty
Package: rerunfilecheck 2019/12/05 v1.9 Rerun checks for auxiliary files (HO)

(c:/Users/mdelacre/AppData/Roaming/TinyTeX/texmf-dist/tex/generic/uniquecounter
/uniquecounter.sty
Package: uniquecounter 2019/12/15 v1.4 Provide unlimited unique counter (HO)
)
Package uniquecounter Info: New unique counter `rerunfilecheck' on input line 2
86.
)
\Hy@SectionHShift=\skip74
)
(c:/Users/mdelacre/AppData/Roaming/TinyTeX/texmf-dist/tex/latex/was/upgreek.sty
Package: upgreek 2003/02/12 v2.0 (WaS)
Package upgreek Info: Using Euler Roman for upright Greek on input line 31.
\symugrf@m=\mathgroup9
LaTeX Font Info:    Overwriting symbol font `ugrf@m' in version `bold'
(Font)                  U/eur/m/n --> U/eur/b/n on input line 38.
)
(c:/Users/mdelacre/AppData/Roaming/TinyTeX/texmf-dist/tex/latex/tools/longtable
.sty
Package: longtable 2021-05-07 v4.16 Multi-page Table package (DPC)
\LTleft=\skip75
\LTright=\skip76
\LTpre=\skip77
\LTpost=\skip78
\LTchunksize=\count296
\LTcapwidth=\dimen182
\LT@head=\box54
\LT@firsthead=\box55
\LT@foot=\box56
\LT@lastfoot=\box57
\LT@gbox=\box58
\LT@cols=\count297
\LT@rows=\count298
\c@LT@tables=\count299
\c@LT@chunks=\count300
\LT@p@ftn=\toks25
)
(c:/Users/mdelacre/AppData/Roaming/TinyTeX/texmf-dist/tex/latex/graphics/lscape
.sty
Package: lscape 2020/05/28 v3.02 Landscape Pages (DPC)
)
(c:/Users/mdelacre/AppData/Roaming/TinyTeX/texmf-dist/tex/latex/multirow/multir
ow.sty
Package: multirow 2021/03/15 v2.8 Span multiple rows of a table
\multirow@colwidth=\skip79
\multirow@cntb=\count301
\multirow@dima=\skip80
\bigstrutjot=\dimen183
)
(c:/Users/mdelacre/AppData/Roaming/TinyTeX/texmf-dist/tex/latex/tools/tabularx.
sty
Package: tabularx 2020/01/15 v2.11c `tabularx' package (DPC)

(c:/Users/mdelacre/AppData/Roaming/TinyTeX/texmf-dist/tex/latex/tools/array.sty
Package: array 2021/04/20 v2.5e Tabular extension package (FMi)
\col@sep=\dimen184
\ar@mcellbox=\box59
\extrarowheight=\dimen185
\NC@list=\toks26
\extratabsurround=\skip81
\backup@length=\skip82
\ar@cellbox=\box60
)
\TX@col@width=\dimen186
\TX@old@table=\dimen187
\TX@old@col=\dimen188
\TX@target=\dimen189
\TX@delta=\dimen190
\TX@cols=\count302
\TX@ftn=\toks27
)
(c:/Users/mdelacre/AppData/Roaming/TinyTeX/texmf-dist/tex/latex/threeparttablex
/threeparttablex.sty
Package: threeparttablex 2013/07/23 v0.3 by daleif

(c:/Users/mdelacre/AppData/Roaming/TinyTeX/texmf-dist/tex/latex/environ/environ
.sty
Package: environ 2014/05/04 v0.3 A new way to define environments

(c:/Users/mdelacre/AppData/Roaming/TinyTeX/texmf-dist/tex/latex/trimspaces/trim
spaces.sty
Package: trimspaces 2009/09/17 v1.1 Trim spaces around a token list
))
\TPTL@width=\skip83
)
\longtablewidth=\skip84

(c:/Users/mdelacre/AppData/Roaming/TinyTeX/texmf-dist/tex/latex/csquotes/csquot
es.sty
Package: csquotes 2021-02-22 v5.2l context-sensitive quotations (JAW)
\csq@reset=\count303
\csq@gtype=\count304
\csq@glevel=\count305
\csq@qlevel=\count306
\csq@maxlvl=\count307
\csq@tshold=\count308
\csq@ltx@everypar=\toks28

(c:/Users/mdelacre/AppData/Roaming/TinyTeX/texmf-dist/tex/latex/csquotes/csquot
es.def
File: csquotes.def 2021-02-22 v5.2l csquotes generic definitions (JAW)
)
Package csquotes Info: Trying to load configuration file 'csquotes.cfg'...
Package csquotes Info: ... configuration file loaded successfully.

(c:/Users/mdelacre/AppData/Roaming/TinyTeX/texmf-dist/tex/latex/csquotes/csquot
es.cfg
File: csquotes.cfg 
))
(c:/Users/mdelacre/AppData/Roaming/TinyTeX/texmf-dist/tex/generic/babel/babel.s
ty
Package: babel 2021/10/19 3.65 The Babel package
\babel@savecnt=\count309
\U@D=\dimen191
\l@unhyphenated=\language3

(c:/Users/mdelacre/AppData/Roaming/TinyTeX/texmf-dist/tex/generic/babel/txtbabe
l.def)
\bbl@readstream=\read2
\bbl@dirlevel=\count310

(c:/Users/mdelacre/AppData/Roaming/TinyTeX/texmf-dist/tex/generic/babel-english
/english.ldf
Language: english 2017/06/06 v3.3r English support from the babel system
Package babel Info: Hyphen rules for 'british' set to \l@english
(babel)             (\language0). Reported on input line 82.
Package babel Info: Hyphen rules for 'UKenglish' set to \l@english
(babel)             (\language0). Reported on input line 83.
Package babel Info: Hyphen rules for 'canadian' set to \l@english
(babel)             (\language0). Reported on input line 102.
Package babel Info: Hyphen rules for 'australian' set to \l@english
(babel)             (\language0). Reported on input line 105.
Package babel Info: Hyphen rules for 'newzealand' set to \l@english
(babel)             (\language0). Reported on input line 108.
)
(c:/Users/mdelacre/AppData/Roaming/TinyTeX/texmf-dist/tex/generic/babel-english
/english.ldf
Language: english 2017/06/06 v3.3r English support from the babel system
))
Package csquotes Info: Checking for multilingual support...
Package csquotes Info: ... found 'babel' package.
Package csquotes Info: Adjusting default style.
Package csquotes Info: Redefining alias 'default' -> 'english'.

(c:/Users/mdelacre/AppData/Roaming/TinyTeX/texmf-dist/tex/latex/l3backend/l3bac
kend-pdftex.def
File: l3backend-pdftex.def 2021-10-18 L3 backend support: PDF output (pdfTeX)
\l__color_backend_stack_int=\count311
\l__pdf_internal_box=\box61
) (./SupMat1.aux)
\openout1 = `SupMat1.aux'.

LaTeX Font Info:    Checking defaults for OML/cmm/m/it on input line 144.
LaTeX Font Info:    ... okay on input line 144.
LaTeX Font Info:    Checking defaults for OMS/cmsy/m/n on input line 144.
LaTeX Font Info:    ... okay on input line 144.
LaTeX Font Info:    Checking defaults for OT1/cmr/m/n on input line 144.
LaTeX Font Info:    ... okay on input line 144.
LaTeX Font Info:    Checking defaults for T1/cmr/m/n on input line 144.
LaTeX Font Info:    ... okay on input line 144.
LaTeX Font Info:    Checking defaults for TS1/cmr/m/n on input line 144.
LaTeX Font Info:    ... okay on input line 144.
LaTeX Font Info:    Checking defaults for OMX/cmex/m/n on input line 144.
LaTeX Font Info:    ... okay on input line 144.
LaTeX Font Info:    Checking defaults for U/cmr/m/n on input line 144.
LaTeX Font Info:    ... okay on input line 144.
LaTeX Font Info:    Checking defaults for PD1/pdf/m/n on input line 144.
LaTeX Font Info:    ... okay on input line 144.
LaTeX Font Info:    Checking defaults for PU/pdf/m/n on input line 144.
LaTeX Font Info:    ... okay on input line 144.
*geometry* driver: auto-detecting
*geometry* detected driver: pdftex
*geometry* verbose mode - [ preamble ] result:
* driver: pdftex
* paper: <default>
* layout: <same size as paper>
* layoutoffset:(h,v)=(0.0pt,0.0pt)
* modes: twoside 
* h-part:(L,W,R)=(72.26999pt, 469.75502pt, 72.26999pt)
* v-part:(T,H,B)=(72.26999pt, 650.43001pt, 72.26999pt)
* \paperwidth=614.295pt
* \paperheight=794.96999pt
* \textwidth=469.75502pt
* \textheight=650.43001pt
* \oddsidemargin=0.0pt
* \evensidemargin=0.0pt
* \topmargin=-37.0pt
* \headheight=15.2pt
* \headsep=25.0pt
* \topskip=12.0pt
* \footskip=30.0pt
* \marginparwidth=95.0pt
* \marginparsep=10.0pt
* \columnsep=10.0pt
* \skip\footins=10.8pt plus 4.0pt minus 2.0pt
* \hoffset=0.0pt
* \voffset=0.0pt
* \mag=1000
* \@twocolumnfalse
* \@twosidetrue
* \@mparswitchtrue
* \@reversemarginfalse
* (1in=72.27pt=25.4mm, 1cm=28.453pt)


(c:/Users/mdelacre/AppData/Roaming/TinyTeX/texmf-dist/tex/latex/epstopdf-pkg/ep
stopdf-base.sty
Package: epstopdf-base 2020-01-24 v2.11 Base part for package epstopdf

(c:/Users/mdelacre/AppData/Roaming/TinyTeX/texmf-dist/tex/latex/grfext/grfext.s
ty
Package: grfext 2019/12/03 v1.3 Manage graphics extensions (HO)
)
Package epstopdf-base Info: Redefining graphics rule for `.eps' on input line 4
85.
Package grfext Info: Graphics extension search list:
(grfext)             [.pdf,.png,.jpg,.mps,.jpeg,.jbig2,.jb2,.PDF,.PNG,.JPG,.JPE
G,.JBIG2,.JB2,.eps]
(grfext)             \AppendGraphicsExtensions on input line 504.

(c:/Users/mdelacre/AppData/Roaming/TinyTeX/texmf-dist/tex/latex/latexconfig/eps
topdf-sys.cfg
File: epstopdf-sys.cfg 2010/07/13 v1.3 Configuration of (r)epstopdf for TeX Liv
e
))
(c:/Users/mdelacre/AppData/Roaming/TinyTeX/texmf-dist/tex/latex/apa6/config/APA
american.txt
File: APAamerican.txt 2012/02/23 v1.25 apa6 configuration for American English
)
Package caption Info: Begin \AtBeginDocument code.
Package caption Info: hyperref package is loaded.
Package caption Info: longtable package is loaded.

(c:/Users/mdelacre/AppData/Roaming/TinyTeX/texmf-dist/tex/latex/caption/ltcapti
on.sty
Package: ltcaption 2020/05/30 v1.4b longtable captions (AR)
)
Package caption Info: End \AtBeginDocument code.
Package hyperref Info: Link coloring OFF on input line 144.

(c:/Users/mdelacre/AppData/Roaming/TinyTeX/texmf-dist/tex/latex/hyperref/namere
f.sty
Package: nameref 2021-04-02 v2.47 Cross-referencing by name of section

(c:/Users/mdelacre/AppData/Roaming/TinyTeX/texmf-dist/tex/latex/refcount/refcou
nt.sty
Package: refcount 2019/12/15 v3.6 Data extraction from label references (HO)
)
(c:/Users/mdelacre/AppData/Roaming/TinyTeX/texmf-dist/tex/generic/gettitlestrin
g/gettitlestring.sty
Package: gettitlestring 2019/12/15 v1.6 Cleanup title references (HO)
)
\c@section@level=\count312
)
LaTeX Info: Redefining \ref on input line 144.
LaTeX Info: Redefining \pageref on input line 144.
LaTeX Info: Redefining \nameref on input line 144.
(./SupMat1.out) (./SupMat1.out)
\@outlinefile=\write5
\openout5 = `SupMat1.out'.


Class apa6 Warning: Abstract not defined.

[1{c:/Users/mdelacre/AppData/Roaming/TinyTeX/texmf-var/fonts/map/pdftex/updmap/
pdftex.map}

]
LaTeX Font Info:    Trying to load font information for OT1+lmr on input line 1
53.
(c:/Users/mdelacre/AppData/Roaming/TinyTeX/texmf-dist/tex/latex/lm/ot1lmr.fd
File: ot1lmr.fd 2015/05/01 v1.6.1 Font defs for Latin Modern
)
LaTeX Font Info:    Trying to load font information for OML+lmm on input line 1
53.
(c:/Users/mdelacre/AppData/Roaming/TinyTeX/texmf-dist/tex/latex/lm/omllmm.fd
File: omllmm.fd 2015/05/01 v1.6.1 Font defs for Latin Modern
)
LaTeX Font Info:    Trying to load font information for OMS+lmsy on input line 
153.
(c:/Users/mdelacre/AppData/Roaming/TinyTeX/texmf-dist/tex/latex/lm/omslmsy.fd
File: omslmsy.fd 2015/05/01 v1.6.1 Font defs for Latin Modern
)
LaTeX Font Info:    Trying to load font information for OMX+lmex on input line 
153.
(c:/Users/mdelacre/AppData/Roaming/TinyTeX/texmf-dist/tex/latex/lm/omxlmex.fd
File: omxlmex.fd 2015/05/01 v1.6.1 Font defs for Latin Modern
)
LaTeX Font Info:    External font `lmex10' loaded for size
(Font)              <12> on input line 153.
LaTeX Font Info:    External font `lmex10' loaded for size
(Font)              <8> on input line 153.
LaTeX Font Info:    External font `lmex10' loaded for size
(Font)              <6> on input line 153.
LaTeX Font Info:    Trying to load font information for U+msa on input line 153
.

(c:/Users/mdelacre/AppData/Roaming/TinyTeX/texmf-dist/tex/latex/amsfonts/umsa.f
d
File: umsa.fd 2013/01/14 v3.01 AMS symbols A
)
LaTeX Font Info:    Trying to load font information for U+msb on input line 153
.

(c:/Users/mdelacre/AppData/Roaming/TinyTeX/texmf-dist/tex/latex/amsfonts/umsb.f
d
File: umsb.fd 2013/01/14 v3.01 AMS symbols B
) [2]
LaTeX Font Info:    Trying to load font information for TS1+lmr on input line 1
79.
(c:/Users/mdelacre/AppData/Roaming/TinyTeX/texmf-dist/tex/latex/lm/ts1lmr.fd
File: ts1lmr.fd 2015/05/01 v1.6.1 Font defs for Latin Modern
)
\openout4 = `SupMat1.fff'.

(SupMat1.fff) [3] [4] [5] [6] [7] [8] [9] [10] [11] [12] [13] [14] [15] [16] [1
7] [18] [19] [20] [21]
<SupMat1_files/figure-latex/varshiehhetunbaldfandvar-1.pdf, id=368, 469.755pt x
 325.215pt>
File: SupMat1_files/figure-latex/varshiehhetunbaldfandvar-1.pdf Graphic file (t
ype pdf)
<use SupMat1_files/figure-latex/varshiehhetunbaldfandvar-1.pdf>
Package pdftex.def Info: SupMat1_files/figure-latex/varshiehhetunbaldfandvar-1.
pdf  used on input line 1087.
(pdftex.def)             Requested size: 469.75386pt x 325.2142pt.

Overfull \hbox (28.90639pt too wide) in paragraph at lines 1087--1088
[][]  
 []


LaTeX Warning: Reference `fig:varshiehhetunbaldfandvar' on page 22 undefined on
 input line 1092.

<SupMat1_files/figure-latex/varshiehhetunbalvariance2-1.pdf, id=369, 469.755pt 
x 325.215pt>
File: SupMat1_files/figure-latex/varshiehhetunbalvariance2-1.pdf Graphic file (
type pdf)
<use SupMat1_files/figure-latex/varshiehhetunbalvariance2-1.pdf>
Package pdftex.def Info: SupMat1_files/figure-latex/varshiehhetunbalvariance2-1
.pdf  used on input line 1095.
(pdftex.def)             Requested size: 469.75386pt x 325.2142pt.

Overfull \hbox (28.90639pt too wide) in paragraph at lines 1095--1096
[][]  
 []


Underfull \vbox (badness 10000) has occurred while \output is active []

[22 <./SupMat1_files/figure-latex/varshiehhetunbaldfandvar-1.pdf>]

LaTeX Warning: Reference `fig:varshiehhetunbalvariance2' on page 23 undefined o
n input line 1097.

[23 <./SupMat1_files/figure-latex/varshiehhetunbalvariance2-1.pdf>] AED endfloa
t: Processing end Figures and Tables [24] (./SupMat1.fff
<SupMat1_files/figure-latex/biascohendNsize2-1.pdf, id=398, 469.755pt x 325.215
pt>
File: SupMat1_files/figure-latex/biascohendNsize2-1.pdf Graphic file (type pdf)

<use SupMat1_files/figure-latex/biascohendNsize2-1.pdf>
Package pdftex.def Info: SupMat1_files/figure-latex/biascohendNsize2-1.pdf  use
d on input line 5.
(pdftex.def)             Requested size: 469.75386pt x 325.2142pt.
<SupMat1_files/figure-latex/biasGlassctrlsize2-1.pdf, id=399, 469.755pt x 325.2
15pt>
File: SupMat1_files/figure-latex/biasGlassctrlsize2-1.pdf Graphic file (type pd
f)
<use SupMat1_files/figure-latex/biasGlassctrlsize2-1.pdf>
Package pdftex.def Info: SupMat1_files/figure-latex/biasGlassctrlsize2-1.pdf  u
sed on input line 12.
(pdftex.def)             Requested size: 469.75386pt x 325.2142pt.
<SupMat1_files/figure-latex/biascohendprimehomNratio2-1.pdf, id=400, 469.755pt 
x 325.215pt>
File: SupMat1_files/figure-latex/biascohendprimehomNratio2-1.pdf Graphic file (
type pdf)
<use SupMat1_files/figure-latex/biascohendprimehomNratio2-1.pdf>
Package pdftex.def Info: SupMat1_files/figure-latex/biascohendprimehomNratio2-1
.pdf  used on input line 19.
(pdftex.def)             Requested size: 469.75386pt x 325.2142pt.
<SupMat1_files/figure-latex/biascohendprimehomNsize2-1.pdf, id=401, 469.755pt x
 325.215pt>
File: SupMat1_files/figure-latex/biascohendprimehomNsize2-1.pdf Graphic file (t
ype pdf)
<use SupMat1_files/figure-latex/biascohendprimehomNsize2-1.pdf>
Package pdftex.def Info: SupMat1_files/figure-latex/biascohendprimehomNsize2-1.
pdf  used on input line 26.
(pdftex.def)             Requested size: 469.75386pt x 325.2142pt.
<SupMat1_files/figure-latex/biascohendprimehetbalSDratio2-1.pdf, id=402, 469.75
5pt x 325.215pt>
File: SupMat1_files/figure-latex/biascohendprimehetbalSDratio2-1.pdf Graphic fi
le (type pdf)
<use SupMat1_files/figure-latex/biascohendprimehetbalSDratio2-1.pdf>
Package pdftex.def Info: SupMat1_files/figure-latex/biascohendprimehetbalSDrati
o2-1.pdf  used on input line 33.
(pdftex.def)             Requested size: 469.75386pt x 325.2142pt.
<SupMat1_files/figure-latex/biascohendprimehetbalNsize2-1.pdf, id=403, 469.755p
t x 325.215pt>
File: SupMat1_files/figure-latex/biascohendprimehetbalNsize2-1.pdf Graphic file
 (type pdf)
<use SupMat1_files/figure-latex/biascohendprimehetbalNsize2-1.pdf>
Package pdftex.def Info: SupMat1_files/figure-latex/biascohendprimehetbalNsize2
-1.pdf  used on input line 40.
(pdftex.def)             Requested size: 469.75386pt x 325.2142pt.
<SupMat1_files/figure-latex/biascohendprimehetbalvariance2-1.pdf, id=404, 469.7
55pt x 325.215pt>
File: SupMat1_files/figure-latex/biascohendprimehetbalvariance2-1.pdf Graphic f
ile (type pdf)
<use SupMat1_files/figure-latex/biascohendprimehetbalvariance2-1.pdf>
Package pdftex.def Info: SupMat1_files/figure-latex/biascohendprimehetbalvarian
ce2-1.pdf  used on input line 47.
(pdftex.def)             Requested size: 469.75386pt x 325.2142pt.
<SupMat1_files/figure-latex/biascohendprimehetunbalNsize2-1.pdf, id=405, 469.75
5pt x 325.215pt>
File: SupMat1_files/figure-latex/biascohendprimehetunbalNsize2-1.pdf Graphic fi
le (type pdf)
<use SupMat1_files/figure-latex/biascohendprimehetunbalNsize2-1.pdf>
Package pdftex.def Info: SupMat1_files/figure-latex/biascohendprimehetunbalNsiz
e2-1.pdf  used on input line 54.
(pdftex.def)             Requested size: 469.75386pt x 325.2142pt.
<SupMat1_files/figure-latex/biascohendprimehetunbalnratiosdratio2-1.pdf, id=406
, 469.755pt x 325.215pt>
File: SupMat1_files/figure-latex/biascohendprimehetunbalnratiosdratio2-1.pdf Gr
aphic file (type pdf)
<use SupMat1_files/figure-latex/biascohendprimehetunbalnratiosdratio2-1.pdf>
Package pdftex.def Info: SupMat1_files/figure-latex/biascohendprimehetunbalnrat
iosdratio2-1.pdf  used on input line 61.
(pdftex.def)             Requested size: 469.75386pt x 325.2142pt.
<SupMat1_files/figure-latex/dfnumdenomcohendprimehetunbalnratiosdratio2-1.pdf, 
id=407, 469.755pt x 325.215pt>
File: SupMat1_files/figure-latex/dfnumdenomcohendprimehetunbalnratiosdratio2-1.
pdf Graphic file (type pdf)
<use SupMat1_files/figure-latex/dfnumdenomcohendprimehetunbalnratiosdratio2-1.p
df>
Package pdftex.def Info: SupMat1_files/figure-latex/dfnumdenomcohendprimehetunb
alnratiosdratio2-1.pdf  used on input line 68.
(pdftex.def)             Requested size: 469.75386pt x 325.2142pt.
<SupMat1_files/figure-latex/biascohendprimehetunbalvariance2-1.pdf, id=408, 469
.755pt x 325.215pt>
File: SupMat1_files/figure-latex/biascohendprimehetunbalvariance2-1.pdf Graphic
 file (type pdf)
<use SupMat1_files/figure-latex/biascohendprimehetunbalvariance2-1.pdf>
Package pdftex.def Info: SupMat1_files/figure-latex/biascohendprimehetunbalvari
ance2-1.pdf  used on input line 75.
(pdftex.def)             Requested size: 469.75386pt x 325.2142pt.
<SupMat1_files/figure-latex/biasshiehhomNratio2-1.pdf, id=409, 469.755pt x 325.
215pt>
File: SupMat1_files/figure-latex/biasshiehhomNratio2-1.pdf Graphic file (type p
df)
<use SupMat1_files/figure-latex/biasshiehhomNratio2-1.pdf>
Package pdftex.def Info: SupMat1_files/figure-latex/biasshiehhomNratio2-1.pdf  
used on input line 82.
(pdftex.def)             Requested size: 469.75386pt x 325.2142pt.
<SupMat1_files/figure-latex/biasshiehhomNsize2-1.pdf, id=410, 469.755pt x 325.2
15pt>
File: SupMat1_files/figure-latex/biasshiehhomNsize2-1.pdf Graphic file (type pd
f)
<use SupMat1_files/figure-latex/biasshiehhomNsize2-1.pdf>
Package pdftex.def Info: SupMat1_files/figure-latex/biasshiehhomNsize2-1.pdf  u
sed on input line 89.
(pdftex.def)             Requested size: 469.75386pt x 325.2142pt.
<SupMat1_files/figure-latex/biasshiehhomuneqNsize2-1.pdf, id=411, 469.755pt x 3
25.215pt>
File: SupMat1_files/figure-latex/biasshiehhomuneqNsize2-1.pdf Graphic file (typ
e pdf)
<use SupMat1_files/figure-latex/biasshiehhomuneqNsize2-1.pdf>
Package pdftex.def Info: SupMat1_files/figure-latex/biasshiehhomuneqNsize2-1.pd
f  used on input line 96.
(pdftex.def)             Requested size: 469.75386pt x 325.2142pt.
<SupMat1_files/figure-latex/biasshiehhetbalSDratio2-1.pdf, id=412, 469.755pt x 
325.215pt>
File: SupMat1_files/figure-latex/biasshiehhetbalSDratio2-1.pdf Graphic file (ty
pe pdf)
<use SupMat1_files/figure-latex/biasshiehhetbalSDratio2-1.pdf>
Package pdftex.def Info: SupMat1_files/figure-latex/biasshiehhetbalSDratio2-1.p
df  used on input line 103.
(pdftex.def)             Requested size: 469.75386pt x 325.2142pt.
<SupMat1_files/figure-latex/biasshiehhetbalNsize2-1.pdf, id=413, 469.755pt x 32
5.215pt>
File: SupMat1_files/figure-latex/biasshiehhetbalNsize2-1.pdf Graphic file (type
 pdf)
<use SupMat1_files/figure-latex/biasshiehhetbalNsize2-1.pdf>
Package pdftex.def Info: SupMat1_files/figure-latex/biasshiehhetbalNsize2-1.pdf
  used on input line 110.
(pdftex.def)             Requested size: 469.75386pt x 325.2142pt.
<SupMat1_files/figure-latex/biasshiehhetbalvariance2-1.pdf, id=414, 469.755pt x
 325.215pt>
File: SupMat1_files/figure-latex/biasshiehhetbalvariance2-1.pdf Graphic file (t
ype pdf)
<use SupMat1_files/figure-latex/biasshiehhetbalvariance2-1.pdf>
Package pdftex.def Info: SupMat1_files/figure-latex/biasshiehhetbalvariance2-1.
pdf  used on input line 117.
(pdftex.def)             Requested size: 469.75386pt x 325.2142pt.
<SupMat1_files/figure-latex/biasshiehhetunbalNsize2-1.pdf, id=415, 469.755pt x 
325.215pt>
File: SupMat1_files/figure-latex/biasshiehhetunbalNsize2-1.pdf Graphic file (ty
pe pdf)
<use SupMat1_files/figure-latex/biasshiehhetunbalNsize2-1.pdf>
Package pdftex.def Info: SupMat1_files/figure-latex/biasshiehhetunbalNsize2-1.p
df  used on input line 124.
(pdftex.def)             Requested size: 469.75386pt x 325.2142pt.
<SupMat1_files/figure-latex/biasshiehhetuneqNsize2-1.pdf, id=416, 469.755pt x 3
25.215pt>
File: SupMat1_files/figure-latex/biasshiehhetuneqNsize2-1.pdf Graphic file (typ
e pdf)
<use SupMat1_files/figure-latex/biasshiehhetuneqNsize2-1.pdf>
Package pdftex.def Info: SupMat1_files/figure-latex/biasshiehhetuneqNsize2-1.pd
f  used on input line 131.
(pdftex.def)             Requested size: 469.75386pt x 325.2142pt.
<SupMat1_files/figure-latex/biasshiehhetunbaldfandvar-1.pdf, id=417, 469.755pt 
x 325.215pt>
File: SupMat1_files/figure-latex/biasshiehhetunbaldfandvar-1.pdf Graphic file (
type pdf)
<use SupMat1_files/figure-latex/biasshiehhetunbaldfandvar-1.pdf>
Package pdftex.def Info: SupMat1_files/figure-latex/biasshiehhetunbaldfandvar-1
.pdf  used on input line 138.
(pdftex.def)             Requested size: 469.75386pt x 325.2142pt.
<SupMat1_files/figure-latex/biasshiehhetunbalvariance2-1.pdf, id=418, 469.755pt
 x 325.215pt>
File: SupMat1_files/figure-latex/biasshiehhetunbalvariance2-1.pdf Graphic file 
(type pdf)
<use SupMat1_files/figure-latex/biasshiehhetunbalvariance2-1.pdf>
Package pdftex.def Info: SupMat1_files/figure-latex/biasshiehhetunbalvariance2-
1.pdf  used on input line 145.
(pdftex.def)             Requested size: 469.75386pt x 325.2142pt.
<SupMat1_files/figure-latex/varcohendNsize2-1.pdf, id=419, 469.755pt x 325.215p
t>
File: SupMat1_files/figure-latex/varcohendNsize2-1.pdf Graphic file (type pdf)
<use SupMat1_files/figure-latex/varcohendNsize2-1.pdf>
Package pdftex.def Info: SupMat1_files/figure-latex/varcohendNsize2-1.pdf  used
 on input line 152.
(pdftex.def)             Requested size: 469.75386pt x 325.2142pt.
<SupMat1_files/figure-latex/varcohenNratio2-1.pdf, id=420, 469.755pt x 325.215p
t>
File: SupMat1_files/figure-latex/varcohenNratio2-1.pdf Graphic file (type pdf)
<use SupMat1_files/figure-latex/varcohenNratio2-1.pdf>
Package pdftex.def Info: SupMat1_files/figure-latex/varcohenNratio2-1.pdf  used
 on input line 159.
(pdftex.def)             Requested size: 469.75386pt x 325.2142pt.
<SupMat1_files/figure-latex/ESmoderatorcohenNsize2-1.pdf, id=421, 469.755pt x 3
25.215pt>
File: SupMat1_files/figure-latex/ESmoderatorcohenNsize2-1.pdf Graphic file (typ
e pdf)
<use SupMat1_files/figure-latex/ESmoderatorcohenNsize2-1.pdf>
Package pdftex.def Info: SupMat1_files/figure-latex/ESmoderatorcohenNsize2-1.pd
f  used on input line 166.
(pdftex.def)             Requested size: 469.75386pt x 325.2142pt.
<SupMat1_files/figure-latex/varglassNsize2-1.pdf, id=422, 469.755pt x 325.215pt
>
File: SupMat1_files/figure-latex/varglassNsize2-1.pdf Graphic file (type pdf)
<use SupMat1_files/figure-latex/varglassNsize2-1.pdf>
Package pdftex.def Info: SupMat1_files/figure-latex/varglassNsize2-1.pdf  used 
on input line 173.
(pdftex.def)             Requested size: 469.75386pt x 325.2142pt.
<SupMat1_files/figure-latex/varglasshomNratio2-1.pdf, id=423, 469.755pt x 325.2
15pt>
File: SupMat1_files/figure-latex/varglasshomNratio2-1.pdf Graphic file (type pd
f)
<use SupMat1_files/figure-latex/varglasshomNratio2-1.pdf>
Package pdftex.def Info: SupMat1_files/figure-latex/varglasshomNratio2-1.pdf  u
sed on input line 180.
(pdftex.def)             Requested size: 469.75386pt x 325.2142pt.
<SupMat1_files/figure-latex/ESmoderatorGlassNsize2-1.pdf, id=424, 469.755pt x 3
25.215pt>
File: SupMat1_files/figure-latex/ESmoderatorGlassNsize2-1.pdf Graphic file (typ
e pdf)
<use SupMat1_files/figure-latex/ESmoderatorGlassNsize2-1.pdf>
Package pdftex.def Info: SupMat1_files/figure-latex/ESmoderatorGlassNsize2-1.pd
f  used on input line 187.
(pdftex.def)             Requested size: 469.75386pt x 325.2142pt.
<SupMat1_files/figure-latex/varglasshomNratiobis2-1.pdf, id=425, 469.755pt x 32
5.215pt>
File: SupMat1_files/figure-latex/varglasshomNratiobis2-1.pdf Graphic file (type
 pdf)
<use SupMat1_files/figure-latex/varglasshomNratiobis2-1.pdf>
Package pdftex.def Info: SupMat1_files/figure-latex/varglasshomNratiobis2-1.pdf
  used on input line 194.
(pdftex.def)             Requested size: 469.75386pt x 325.2142pt.
<SupMat1_files/figure-latex/varglassHetbalNsize2-1.pdf, id=426, 469.755pt x 325
.215pt>
File: SupMat1_files/figure-latex/varglassHetbalNsize2-1.pdf Graphic file (type 
pdf)
<use SupMat1_files/figure-latex/varglassHetbalNsize2-1.pdf>
Package pdftex.def Info: SupMat1_files/figure-latex/varglassHetbalNsize2-1.pdf 
 used on input line 201.
(pdftex.def)             Requested size: 469.75386pt x 325.2142pt.
<SupMat1_files/figure-latex/varglasshetbalSDratio2-1.pdf, id=427, 469.755pt x 3
25.215pt>
File: SupMat1_files/figure-latex/varglasshetbalSDratio2-1.pdf Graphic file (typ
e pdf)
<use SupMat1_files/figure-latex/varglasshetbalSDratio2-1.pdf>
Package pdftex.def Info: SupMat1_files/figure-latex/varglasshetbalSDratio2-1.pd
f  used on input line 208.
(pdftex.def)             Requested size: 469.75386pt x 325.2142pt.
<SupMat1_files/figure-latex/varglassHetunbalNsize2-1.pdf, id=428, 469.755pt x 3
25.215pt>
File: SupMat1_files/figure-latex/varglassHetunbalNsize2-1.pdf Graphic file (typ
e pdf)
<use SupMat1_files/figure-latex/varglassHetunbalNsize2-1.pdf>
Package pdftex.def Info: SupMat1_files/figure-latex/varglassHetunbalNsize2-1.pd
f  used on input line 215.
(pdftex.def)             Requested size: 469.75386pt x 325.2142pt.
<SupMat1_files/figure-latex/varglasshetunbalSDratio2-1.pdf, id=429, 469.755pt x
 325.215pt>
File: SupMat1_files/figure-latex/varglasshetunbalSDratio2-1.pdf Graphic file (t
ype pdf)
<use SupMat1_files/figure-latex/varglasshetunbalSDratio2-1.pdf>
Package pdftex.def Info: SupMat1_files/figure-latex/varglasshetunbalSDratio2-1.
pdf  used on input line 222.
(pdftex.def)             Requested size: 469.75386pt x 325.2142pt.
<SupMat1_files/figure-latex/varcohendprimeHomNratio2-1.pdf, id=430, 469.755pt x
 325.215pt>
File: SupMat1_files/figure-latex/varcohendprimeHomNratio2-1.pdf Graphic file (t
ype pdf)
<use SupMat1_files/figure-latex/varcohendprimeHomNratio2-1.pdf>
Package pdftex.def Info: SupMat1_files/figure-latex/varcohendprimeHomNratio2-1.
pdf  used on input line 229.
(pdftex.def)             Requested size: 469.75386pt x 325.2142pt.
<SupMat1_files/figure-latex/varcohendprimehomNsize2-1.pdf, id=431, 469.755pt x 
325.215pt>
File: SupMat1_files/figure-latex/varcohendprimehomNsize2-1.pdf Graphic file (ty
pe pdf)
<use SupMat1_files/figure-latex/varcohendprimehomNsize2-1.pdf>
Package pdftex.def Info: SupMat1_files/figure-latex/varcohendprimehomNsize2-1.p
df  used on input line 236.
(pdftex.def)             Requested size: 469.75386pt x 325.2142pt.
<SupMat1_files/figure-latex/ESmoderator2-1.pdf, id=432, 469.755pt x 325.215pt>
File: SupMat1_files/figure-latex/ESmoderator2-1.pdf Graphic file (type pdf)
<use SupMat1_files/figure-latex/ESmoderator2-1.pdf>
Package pdftex.def Info: SupMat1_files/figure-latex/ESmoderator2-1.pdf  used on
 input line 243.
(pdftex.def)             Requested size: 469.75386pt x 325.2142pt.
<SupMat1_files/figure-latex/varcohendprimehetbalSDratio2-1.pdf, id=433, 469.755
pt x 325.215pt>
File: SupMat1_files/figure-latex/varcohendprimehetbalSDratio2-1.pdf Graphic fil
e (type pdf)
<use SupMat1_files/figure-latex/varcohendprimehetbalSDratio2-1.pdf>
Package pdftex.def Info: SupMat1_files/figure-latex/varcohendprimehetbalSDratio
2-1.pdf  used on input line 250.
(pdftex.def)             Requested size: 469.75386pt x 325.2142pt.
<SupMat1_files/figure-latex/varcohendprimehetbalNsize2-1.pdf, id=434, 469.755pt
 x 325.215pt>
File: SupMat1_files/figure-latex/varcohendprimehetbalNsize2-1.pdf Graphic file 
(type pdf)
<use SupMat1_files/figure-latex/varcohendprimehetbalNsize2-1.pdf>
Package pdftex.def Info: SupMat1_files/figure-latex/varcohendprimehetbalNsize2-
1.pdf  used on input line 257.
(pdftex.def)             Requested size: 469.75386pt x 325.2142pt.
<SupMat1_files/figure-latex/varcohendprimehetbalvariance2-1.pdf, id=435, 469.75
5pt x 325.215pt>
File: SupMat1_files/figure-latex/varcohendprimehetbalvariance2-1.pdf Graphic fi
le (type pdf)
<use SupMat1_files/figure-latex/varcohendprimehetbalvariance2-1.pdf>
Package pdftex.def Info: SupMat1_files/figure-latex/varcohendprimehetbalvarianc
e2-1.pdf  used on input line 264.
(pdftex.def)             Requested size: 469.75386pt x 325.2142pt.
<SupMat1_files/figure-latex/varcohendprimehetunbalNsize2-1.pdf, id=436, 469.755
pt x 325.215pt>
File: SupMat1_files/figure-latex/varcohendprimehetunbalNsize2-1.pdf Graphic fil
e (type pdf)
<use SupMat1_files/figure-latex/varcohendprimehetunbalNsize2-1.pdf>
Package pdftex.def Info: SupMat1_files/figure-latex/varcohendprimehetunbalNsize
2-1.pdf  used on input line 271.
(pdftex.def)             Requested size: 469.75386pt x 325.2142pt.
<SupMat1_files/figure-latex/varcohendprimehetunbalnratiosdratio2-1.pdf, id=437,
 469.755pt x 325.215pt>
File: SupMat1_files/figure-latex/varcohendprimehetunbalnratiosdratio2-1.pdf Gra
phic file (type pdf)
<use SupMat1_files/figure-latex/varcohendprimehetunbalnratiosdratio2-1.pdf>
Package pdftex.def Info: SupMat1_files/figure-latex/varcohendprimehetunbalnrati
osdratio2-1.pdf  used on input line 278.
(pdftex.def)             Requested size: 469.75386pt x 325.2142pt.
<SupMat1_files/figure-latex/varcohendprimehetunbalvariance2-1.pdf, id=438, 469.
755pt x 325.215pt>
File: SupMat1_files/figure-latex/varcohendprimehetunbalvariance2-1.pdf Graphic 
file (type pdf)
<use SupMat1_files/figure-latex/varcohendprimehetunbalvariance2-1.pdf>
Package pdftex.def Info: SupMat1_files/figure-latex/varcohendprimehetunbalvaria
nce2-1.pdf  used on input line 285.
(pdftex.def)             Requested size: 469.75386pt x 325.2142pt.
<SupMat1_files/figure-latex/varshiehHomNratio2-1.pdf, id=439, 469.755pt x 325.2
15pt>
File: SupMat1_files/figure-latex/varshiehHomNratio2-1.pdf Graphic file (type pd
f)
<use SupMat1_files/figure-latex/varshiehHomNratio2-1.pdf>
Package pdftex.def Info: SupMat1_files/figure-latex/varshiehHomNratio2-1.pdf  u
sed on input line 292.
(pdftex.def)             Requested size: 469.75386pt x 325.2142pt.
<SupMat1_files/figure-latex/varshiehhomNsize2-1.pdf, id=440, 469.755pt x 325.21
5pt>
File: SupMat1_files/figure-latex/varshiehhomNsize2-1.pdf Graphic file (type pdf
)
<use SupMat1_files/figure-latex/varshiehhomNsize2-1.pdf>
Package pdftex.def Info: SupMat1_files/figure-latex/varshiehhomNsize2-1.pdf  us
ed on input line 299.
(pdftex.def)             Requested size: 469.75386pt x 325.2142pt.
<SupMat1_files/figure-latex/varshiehhomNsize4-1.pdf, id=441, 469.755pt x 325.21
5pt>
File: SupMat1_files/figure-latex/varshiehhomNsize4-1.pdf Graphic file (type pdf
)
<use SupMat1_files/figure-latex/varshiehhomNsize4-1.pdf>
Package pdftex.def Info: SupMat1_files/figure-latex/varshiehhomNsize4-1.pdf  us
ed on input line 306.
(pdftex.def)             Requested size: 469.75386pt x 325.2142pt.
<SupMat1_files/figure-latex/varshiehhetbalSDratio2-1.pdf, id=442, 469.755pt x 3
25.215pt>
File: SupMat1_files/figure-latex/varshiehhetbalSDratio2-1.pdf Graphic file (typ
e pdf)
<use SupMat1_files/figure-latex/varshiehhetbalSDratio2-1.pdf>
Package pdftex.def Info: SupMat1_files/figure-latex/varshiehhetbalSDratio2-1.pd
f  used on input line 313.
(pdftex.def)             Requested size: 469.75386pt x 325.2142pt.
<SupMat1_files/figure-latex/varshiehhetbalNsize2-1.pdf, id=443, 469.755pt x 325
.215pt>
File: SupMat1_files/figure-latex/varshiehhetbalNsize2-1.pdf Graphic file (type 
pdf)
<use SupMat1_files/figure-latex/varshiehhetbalNsize2-1.pdf>
Package pdftex.def Info: SupMat1_files/figure-latex/varshiehhetbalNsize2-1.pdf 
 used on input line 320.
(pdftex.def)             Requested size: 469.75386pt x 325.2142pt.
<SupMat1_files/figure-latex/varshiehhetbalvariance2-1.pdf, id=444, 469.755pt x 
325.215pt>
File: SupMat1_files/figure-latex/varshiehhetbalvariance2-1.pdf Graphic file (ty
pe pdf)
<use SupMat1_files/figure-latex/varshiehhetbalvariance2-1.pdf>
Package pdftex.def Info: SupMat1_files/figure-latex/varshiehhetbalvariance2-1.p
df  used on input line 327.
(pdftex.def)             Requested size: 469.75386pt x 325.2142pt.
<SupMat1_files/figure-latex/varshiehhetunbalNsize2-1.pdf, id=445, 469.755pt x 3
25.215pt>
File: SupMat1_files/figure-latex/varshiehhetunbalNsize2-1.pdf Graphic file (typ
e pdf)
<use SupMat1_files/figure-latex/varshiehhetunbalNsize2-1.pdf>
Package pdftex.def Info: SupMat1_files/figure-latex/varshiehhetunbalNsize2-1.pd
f  used on input line 334.
(pdftex.def)             Requested size: 469.75386pt x 325.2142pt.
<SupMat1_files/figure-latex/varshiehhetunbalNsize4-1.pdf, id=446, 469.755pt x 3
25.215pt>
File: SupMat1_files/figure-latex/varshiehhetunbalNsize4-1.pdf Graphic file (typ
e pdf)
<use SupMat1_files/figure-latex/varshiehhetunbalNsize4-1.pdf>
Package pdftex.def Info: SupMat1_files/figure-latex/varshiehhetunbalNsize4-1.pd
f  used on input line 341.
(pdftex.def)             Requested size: 469.75386pt x 325.2142pt.
) [25


 <./SupMat1_files/figure-latex/biascohendNsize2-1.pdf>] [26 <./SupMat1_files/fi
gure-latex/biasGlassctrlsize2-1.pdf>] [27 <./SupMat1_files/figure-latex/biascoh
endprimehomNratio2-1.pdf>] [28 <./SupMat1_files/figure-latex/biascohendprimehom
Nsize2-1.pdf>] [29 <./SupMat1_files/figure-latex/biascohendprimehetbalSDratio2-
1.pdf>] [30 <./SupMat1_files/figure-latex/biascohendprimehetbalNsize2-1.pdf>] [
31 <./SupMat1_files/figure-latex/biascohendprimehetbalvariance2-1.pdf>] [32 <./
SupMat1_files/figure-latex/biascohendprimehetunbalNsize2-1.pdf>] [33 <./SupMat1
_files/figure-latex/biascohendprimehetunbalnratiosdratio2-1.pdf>] [34 <./SupMat
1_files/figure-latex/dfnumdenomcohendprimehetunbalnratiosdratio2-1.pdf>] [35 <.
/SupMat1_files/figure-latex/biascohendprimehetunbalvariance2-1.pdf>] [36 <./Sup
Mat1_files/figure-latex/biasshiehhomNratio2-1.pdf>] [37 <./SupMat1_files/figure
-latex/biasshiehhomNsize2-1.pdf>] [38 <./SupMat1_files/figure-latex/biasshiehho
muneqNsize2-1.pdf>] [39 <./SupMat1_files/figure-latex/biasshiehhetbalSDratio2-1
.pdf>] [40 <./SupMat1_files/figure-latex/biasshiehhetbalNsize2-1.pdf>] [41 <./S
upMat1_files/figure-latex/biasshiehhetbalvariance2-1.pdf>] [42 <./SupMat1_files
/figure-latex/biasshiehhetunbalNsize2-1.pdf>] [43 <./SupMat1_files/figure-latex
/biasshiehhetuneqNsize2-1.pdf>] [44 <./SupMat1_files/figure-latex/biasshiehhetu
nbaldfandvar-1.pdf>] [45 <./SupMat1_files/figure-latex/biasshiehhetunbalvarianc
e2-1.pdf>] [46 <./SupMat1_files/figure-latex/varcohendNsize2-1.pdf>] [47 <./Sup
Mat1_files/figure-latex/varcohenNratio2-1.pdf>] [48 <./SupMat1_files/figure-lat
ex/ESmoderatorcohenNsize2-1.pdf>] [49 <./SupMat1_files/figure-latex/varglassNsi
ze2-1.pdf>] [50 <./SupMat1_files/figure-latex/varglasshomNratio2-1.pdf>] [51 <.
/SupMat1_files/figure-latex/ESmoderatorGlassNsize2-1.pdf>] [52 <./SupMat1_files
/figure-latex/varglasshomNratiobis2-1.pdf>] [53 <./SupMat1_files/figure-latex/v
arglassHetbalNsize2-1.pdf>] [54 <./SupMat1_files/figure-latex/varglasshetbalSDr
atio2-1.pdf>] [55 <./SupMat1_files/figure-latex/varglassHetunbalNsize2-1.pdf>] 
[56 <./SupMat1_files/figure-latex/varglasshetunbalSDratio2-1.pdf>] [57 <./SupMa
t1_files/figure-latex/varcohendprimeHomNratio2-1.pdf>] [58 <./SupMat1_files/fig
ure-latex/varcohendprimehomNsize2-1.pdf>] [59 <./SupMat1_files/figure-latex/ESm
oderator2-1.pdf>] [60 <./SupMat1_files/figure-latex/varcohendprimehetbalSDratio
2-1.pdf>] [61 <./SupMat1_files/figure-latex/varcohendprimehetbalNsize2-1.pdf>] 
[62 <./SupMat1_files/figure-latex/varcohendprimehetbalvariance2-1.pdf>] [63 <./
SupMat1_files/figure-latex/varcohendprimehetunbalNsize2-1.pdf>] [64 <./SupMat1_
files/figure-latex/varcohendprimehetunbalnratiosdratio2-1.pdf>] [65 <./SupMat1_
files/figure-latex/varcohendprimehetunbalvariance2-1.pdf>] [66 <./SupMat1_files
/figure-latex/varshiehHomNratio2-1.pdf>] [67 <./SupMat1_files/figure-latex/vars
hiehhomNsize2-1.pdf>] [68 <./SupMat1_files/figure-latex/varshiehhomNsize4-1.pdf
>] [69 <./SupMat1_files/figure-latex/varshiehhetbalSDratio2-1.pdf>] [70 <./SupM
at1_files/figure-latex/varshiehhetbalNsize2-1.pdf>] [71 <./SupMat1_files/figure
-latex/varshiehhetbalvariance2-1.pdf>] [72 <./SupMat1_files/figure-latex/varshi
ehhetunbalNsize2-1.pdf>] [73 <./SupMat1_files/figure-latex/varshiehhetunbalNsiz
e4-1.pdf>] (./SupMat1.aux)

LaTeX Warning: There were undefined references.

Package rerunfilecheck Info: File `SupMat1.out' has not changed.
(rerunfilecheck)             Checksum: 4B401D47E924A8DCA1896F633B0105D9;2185.
 ) 
Here is how much of TeX's memory you used:
 15200 strings out of 480539
 251964 string characters out of 5900884
 617653 words of memory out of 5000000
 32290 multiletter control sequences out of 15000+600000
 443378 words of font info for 64 fonts, out of 8000000 for 9000
 14 hyphenation exceptions out of 8191
 72i,12n,80p,2246b,466s stack positions out of 5000i,500n,10000p,200000b,80000s
{c:/Users/mdelacre/AppData/Roaming/TinyTeX/texmf-dist/fonts/enc/dvips/lm/lm-r
m.enc}{c:/Users/mdelacre/AppData/Roaming/TinyTeX/texmf-dist/fonts/enc/dvips/lm/
lm-mathit.enc}{c:/Users/mdelacre/AppData/Roaming/TinyTeX/texmf-dist/fonts/enc/d
vips/lm/lm-mathsy.enc}{c:/Users/mdelacre/AppData/Roaming/TinyTeX/texmf-dist/fon
ts/enc/dvips/lm/lm-ec.enc}{c:/Users/mdelacre/AppData/Roaming/TinyTeX/texmf-dist
/fonts/enc/dvips/lm/lm-ts1.enc}{c:/Users/mdelacre/AppData/Roaming/TinyTeX/texmf
-dist/fonts/enc/dvips/lm/lm-mathex.enc}<c:/Users/mdelacre/AppData/Roaming/TinyT
eX/texmf-dist/fonts/type1/public/lm/lmbsy10.pfb><c:/Users/mdelacre/AppData/Roam
ing/TinyTeX/texmf-dist/fonts/type1/public/lm/lmbx12.pfb><c:/Users/mdelacre/AppD
ata/Roaming/TinyTeX/texmf-dist/fonts/type1/public/lm/lmbxi10.pfb><c:/Users/mdel
acre/AppData/Roaming/TinyTeX/texmf-dist/fonts/type1/public/lm/lmex10.pfb><c:/Us
ers/mdelacre/AppData/Roaming/TinyTeX/texmf-dist/fonts/type1/public/lm/lmmi12.pf
b><c:/Users/mdelacre/AppData/Roaming/TinyTeX/texmf-dist/fonts/type1/public/lm/l
mmi6.pfb><c:/Users/mdelacre/AppData/Roaming/TinyTeX/texmf-dist/fonts/type1/publ
ic/lm/lmmi8.pfb><c:/Users/mdelacre/AppData/Roaming/TinyTeX/texmf-dist/fonts/typ
e1/public/lm/lmmib10.pfb><c:/Users/mdelacre/AppData/Roaming/TinyTeX/texmf-dist/
fonts/type1/public/lm/lmr12.pfb><c:/Users/mdelacre/AppData/Roaming/TinyTeX/texm
f-dist/fonts/type1/public/lm/lmr6.pfb><c:/Users/mdelacre/AppData/Roaming/TinyTe
X/texmf-dist/fonts/type1/public/lm/lmr8.pfb><c:/Users/mdelacre/AppData/Roaming/
TinyTeX/texmf-dist/fonts/type1/public/lm/lmri12.pfb><c:/Users/mdelacre/AppData/
Roaming/TinyTeX/texmf-dist/fonts/type1/public/lm/lmsy10.pfb><c:/Users/mdelacre/
AppData/Roaming/TinyTeX/texmf-dist/fonts/type1/public/lm/lmsy6.pfb><c:/Users/md
elacre/AppData/Roaming/TinyTeX/texmf-dist/fonts/type1/public/lm/lmsy8.pfb>
Output written on SupMat1.pdf (73 pages, 1667372 bytes).
PDF statistics:
 1061 PDF objects out of 1200 (max. 8388607)
 842 compressed objects within 9 object streams
 231 named destinations out of 1000 (max. 500000)
 360 words of extra memory for PDF output out of 10000 (max. 10000000)

